"clang-stage2-Rthinlto-release_70 #299 Console [Jenkins]Skip to contentJenkinslog in | sign upJenkinsInfrastructureclang-stage2-Rthinlto-release_70#299Back to ProjectStatusChangesConsole OutputView as plain textView Build InformationParametersTimingsDownstream build viewSupportOpen Blue OceanPrevious BuildNext BuildConsole OutputSkipping 4,890 KB.. Full Logriadic-macro-arguments -fno-exceptions -fno-rtti -MD -MT unittests/IR/CMakeFiles/IRTests.dir/DomTreeUpdaterTest.cpp.o -MF unittests/IR/CMakeFiles/IRTests.dir/DomTreeUpdaterTest.cpp.o.d -o unittests/IR/CMakeFiles/IRTests.dir/DomTreeUpdaterTest.cpp.o -c /Users/buildslave/jenkins/workspace/clang-stage2-Rthinlto-release_70/llvm/unittests/IR/DomTreeUpdaterTest.cpp[3158/3408] /Users/buildslave/jenkins/workspace/clang-stage2-Rthinlto-release_70/host-compiler/bin/clang++  -DGTEST_HAS_RTTI=0 -DGTEST_HAS_TR1_TUPLE=0 -DGTEST_LANG_CXX11=1 -D__STDC_CONSTANT_MACROS -D__STDC_FORMAT_MACROS -D__STDC_LIMIT_MACROS -Iunittests/IR -I/Users/buildslave/jenkins/workspace/clang-stage2-Rthinlto-release_70/llvm/unittests/IR -I/Applications/Xcode.app/Contents/Developer/Platforms/MacOSX.platform/Developer/SDKs/MacOSX10.14.sdk/usr/include/libxml2 -Iinclude -I/Users/buildslave/jenkins/workspace/clang-stage2-Rthinlto-release_70/llvm/include -I/Users/buildslave/jenkins/workspace/clang-stage2-Rthinlto-release_70/llvm/utils/unittest/googletest/include -I/Users/buildslave/jenkins/workspace/clang-stage2-Rthinlto-release_70/llvm/utils/unittest/googlemock/include -fno-stack-protector -fno-common -Wno-profile-instr-unprofiled -fPIC -fvisibility-inlines-hidden -Werror=date-time -Werror=unguarded-availability-new -std=c++11 -fmodules -fmodules-cache-path=/Users/buildslave/jenkins/workspace/clang-stage2-Rthinlto-release_70/clang-build/Build/module.cache -fcxx-modules -gmodules -Wall -Wextra -Wno-unused-parameter -Wwrite-strings -Wcast-qual -Wmissing-field-initializers -pedantic -Wno-long-long -Wcovered-switch-default -Wnon-virtual-dtor -Wdelete-non-virtual-dtor -Wstring-conversion -fdiagnostics-color -flto=thin -O2 -g -DNDEBUG -isysroot /Applications/Xcode.app/Contents/Developer/Platforms/MacOSX.platform/Developer/SDKs/MacOSX10.14.sdk    -Wno-variadic-macros -Wno-gnu-zero-variadic-macro-arguments -fno-exceptions -fno-rtti -MD -MT unittests/IR/CMakeFiles/IRTests.dir/IRBuilderTest.cpp.o -MF unittests/IR/CMakeFiles/IRTests.dir/IRBuilderTest.cpp.o.d -o unittests/IR/CMakeFiles/IRTests.dir/IRBuilderTest.cpp.o -c /Users/buildslave/jenkins/workspace/clang-stage2-Rthinlto-release_70/llvm/unittests/IR/IRBuilderTest.cpp[3159/3408] /Users/buildslave/jenkins/workspace/clang-stage2-Rthinlto-release_70/host-compiler/bin/clang++  -DGTEST_HAS_RTTI=0 -DGTEST_HAS_TR1_TUPLE=0 -DGTEST_LANG_CXX11=1 -D__STDC_CONSTANT_MACROS -D__STDC_FORMAT_MACROS -D__STDC_LIMIT_MACROS -Iunittests/IR -I/Users/buildslave/jenkins/workspace/clang-stage2-Rthinlto-release_70/llvm/unittests/IR -I/Applications/Xcode.app/Contents/Developer/Platforms/MacOSX.platform/Developer/SDKs/MacOSX10.14.sdk/usr/include/libxml2 -Iinclude -I/Users/buildslave/jenkins/workspace/clang-stage2-Rthinlto-release_70/llvm/include -I/Users/buildslave/jenkins/workspace/clang-stage2-Rthinlto-release_70/llvm/utils/unittest/googletest/include -I/Users/buildslave/jenkins/workspace/clang-stage2-Rthinlto-release_70/llvm/utils/unittest/googlemock/include -fno-stack-protector -fno-common -Wno-profile-instr-unprofiled -fPIC -fvisibility-inlines-hidden -Werror=date-time -Werror=unguarded-availability-new -std=c++11 -fmodules -fmodules-cache-path=/Users/buildslave/jenkins/workspace/clang-stage2-Rthinlto-release_70/clang-build/Build/module.cache -fcxx-modules -gmodules -Wall -Wextra -Wno-unused-parameter -Wwrite-strings -Wcast-qual -Wmissing-field-initializers -pedantic -Wno-long-long -Wcovered-switch-default -Wnon-virtual-dtor -Wdelete-non-virtual-dtor -Wstring-conversion -fdiagnostics-color -flto=thin -O2 -g -DNDEBUG -isysroot /Applications/Xcode.app/Contents/Developer/Platforms/MacOSX.platform/Developer/SDKs/MacOSX10.14.sdk    -Wno-variadic-macros -Wno-gnu-zero-variadic-macro-arguments -fno-exceptions -fno-rtti -MD -MT unittests/IR/CMakeFiles/IRTests.dir/InstructionsTest.cpp.o -MF unittests/IR/CMakeFiles/IRTests.dir/InstructionsTest.cpp.o.d -o unittests/IR/CMakeFiles/IRTests.dir/InstructionsTest.cpp.o -c /Users/buildslave/jenkins/workspace/clang-stage2-Rthinlto-release_70/llvm/unittests/IR/InstructionsTest.cpp[3160/3408] /Users/buildslave/jenkins/workspace/clang-stage2-Rthinlto-release_70/host-compiler/bin/clang++  -DGTEST_HAS_RTTI=0 -DGTEST_HAS_TR1_TUPLE=0 -DGTEST_LANG_CXX11=1 -D__STDC_CONSTANT_MACROS -D__STDC_FORMAT_MACROS -D__STDC_LIMIT_MACROS -Iunittests/IR -I/Users/buildslave/jenkins/workspace/clang-stage2-Rthinlto-release_70/llvm/unittests/IR -I/Applications/Xcode.app/Contents/Developer/Platforms/MacOSX.platform/Developer/SDKs/MacOSX10.14.sdk/usr/include/libxml2 -Iinclude -I/Users/buildslave/jenkins/workspace/clang-stage2-Rthinlto-release_70/llvm/include -I/Users/buildslave/jenkins/workspace/clang-stage2-Rthinlto-release_70/llvm/utils/unittest/googletest/include -I/Users/buildslave/jenkins/workspace/clang-stage2-Rthinlto-release_70/llvm/utils/unittest/googlemock/include -fno-stack-protector -fno-common -Wno-profile-instr-unprofiled -fPIC -fvisibility-inlines-hidden -Werror=date-time -Werror=unguarded-availability-new -std=c++11 -fmodules -fmodules-cache-path=/Users/buildslave/jenkins/workspace/clang-stage2-Rthinlto-release_70/clang-build/Build/module.cache -fcxx-modules -gmodules -Wall -Wextra -Wno-unused-parameter -Wwrite-strings -Wcast-qual -Wmissing-field-initializers -pedantic -Wno-long-long -Wcovered-switch-default -Wnon-virtual-dtor -Wdelete-non-virtual-dtor -Wstring-conversion -fdiagnostics-color -flto=thin -O2 -g -DNDEBUG -isysroot /Applications/Xcode.app/Contents/Developer/Platforms/MacOSX.platform/Developer/SDKs/MacOSX10.14.sdk    -Wno-variadic-macros -Wno-gnu-zero-variadic-macro-arguments -fno-exceptions -fno-rtti -MD -MT unittests/IR/CMakeFiles/IRTests.dir/ConstantRangeTest.cpp.o -MF unittests/IR/CMakeFiles/IRTests.dir/ConstantRangeTest.cpp.o.d -o unittests/IR/CMakeFiles/IRTests.dir/ConstantRangeTest.cpp.o -c /Users/buildslave/jenkins/workspace/clang-stage2-Rthinlto-release_70/llvm/unittests/IR/ConstantRangeTest.cpp[3161/3408] /Users/buildslave/jenkins/workspace/clang-stage2-Rthinlto-release_70/host-compiler/bin/clang++  -DGTEST_HAS_RTTI=0 -DGTEST_HAS_TR1_TUPLE=0 -DGTEST_LANG_CXX11=1 -D__STDC_CONSTANT_MACROS -D__STDC_FORMAT_MACROS -D__STDC_LIMIT_MACROS -Iunittests/IR -I/Users/buildslave/jenkins/workspace/clang-stage2-Rthinlto-release_70/llvm/unittests/IR -I/Applications/Xcode.app/Contents/Developer/Platforms/MacOSX.platform/Developer/SDKs/MacOSX10.14.sdk/usr/include/libxml2 -Iinclude -I/Users/buildslave/jenkins/workspace/clang-stage2-Rthinlto-release_70/llvm/include -I/Users/buildslave/jenkins/workspace/clang-stage2-Rthinlto-release_70/llvm/utils/unittest/googletest/include -I/Users/buildslave/jenkins/workspace/clang-stage2-Rthinlto-release_70/llvm/utils/unittest/googlemock/include -fno-stack-protector -fno-common -Wno-profile-instr-unprofiled -fPIC -fvisibility-inlines-hidden -Werror=date-time -Werror=unguarded-availability-new -std=c++11 -fmodules -fmodules-cache-path=/Users/buildslave/jenkins/workspace/clang-stage2-Rthinlto-release_70/clang-build/Build/module.cache -fcxx-modules -gmodules -Wall -Wextra -Wno-unused-parameter -Wwrite-strings -Wcast-qual -Wmissing-field-initializers -pedantic -Wno-long-long -Wcovered-switch-default -Wnon-virtual-dtor -Wdelete-non-virtual-dtor -Wstring-conversion -fdiagnostics-color -flto=thin -O2 -g -DNDEBUG -isysroot /Applications/Xcode.app/Contents/Developer/Platforms/MacOSX.platform/Developer/SDKs/MacOSX10.14.sdk    -Wno-variadic-macros -Wno-gnu-zero-variadic-macro-arguments -fno-exceptions -fno-rtti -MD -MT unittests/IR/CMakeFiles/IRTests.dir/IntrinsicsTest.cpp.o -MF unittests/IR/CMakeFiles/IRTests.dir/IntrinsicsTest.cpp.o.d -o unittests/IR/CMakeFiles/IRTests.dir/IntrinsicsTest.cpp.o -c /Users/buildslave/jenkins/workspace/clang-stage2-Rthinlto-release_70/llvm/unittests/IR/IntrinsicsTest.cpp[3162/3408] /Users/buildslave/jenkins/workspace/clang-stage2-Rthinlto-release_70/host-compiler/bin/clang++  -DGTEST_HAS_RTTI=0 -DGTEST_HAS_TR1_TUPLE=0 -DGTEST_LANG_CXX11=1 -D__STDC_CONSTANT_MACROS -D__STDC_FORMAT_MACROS -D__STDC_LIMIT_MACROS -Iunittests/IR -I/Users/buildslave/jenkins/workspace/clang-stage2-Rthinlto-release_70/llvm/unittests/IR -I/Applications/Xcode.app/Contents/Developer/Platforms/MacOSX.platform/Developer/SDKs/MacOSX10.14.sdk/usr/include/libxml2 -Iinclude -I/Users/buildslave/jenkins/workspace/clang-stage2-Rthinlto-release_70/llvm/include -I/Users/buildslave/jenkins/workspace/clang-stage2-Rthinlto-release_70/llvm/utils/unittest/googletest/include -I/Users/buildslave/jenkins/workspace/clang-stage2-Rthinlto-release_70/llvm/utils/unittest/googlemock/include -fno-stack-protector -fno-common -Wno-profile-instr-unprofiled -fPIC -fvisibility-inlines-hidden -Werror=date-time -Werror=unguarded-availability-new -std=c++11 -fmodules -fmodules-cache-path=/Users/buildslave/jenkins/workspace/clang-stage2-Rthinlto-release_70/clang-build/Build/module.cache -fcxx-modules -gmodules -Wall -Wextra -Wno-unused-parameter -Wwrite-strings -Wcast-qual -Wmissing-field-initializers -pedantic -Wno-long-long -Wcovered-switch-default -Wnon-virtual-dtor -Wdelete-non-virtual-dtor -Wstring-conversion -fdiagnostics-color -flto=thin -O2 -g -DNDEBUG -isysroot /Applications/Xcode.app/Contents/Developer/Platforms/MacOSX.platform/Developer/SDKs/MacOSX10.14.sdk    -Wno-variadic-macros -Wno-gnu-zero-variadic-macro-arguments -fno-exceptions -fno-rtti -MD -MT unittests/IR/CMakeFiles/IRTests.dir/MDBuilderTest.cpp.o -MF unittests/IR/CMakeFiles/IRTests.dir/MDBuilderTest.cpp.o.d -o unittests/IR/CMakeFiles/IRTests.dir/MDBuilderTest.cpp.o -c /Users/buildslave/jenkins/workspace/clang-stage2-Rthinlto-release_70/llvm/unittests/IR/MDBuilderTest.cpp[3163/3408] /Users/buildslave/jenkins/workspace/clang-stage2-Rthinlto-release_70/host-compiler/bin/clang++  -DGTEST_HAS_RTTI=0 -DGTEST_HAS_TR1_TUPLE=0 -DGTEST_LANG_CXX11=1 -D__STDC_CONSTANT_MACROS -D__STDC_FORMAT_MACROS -D__STDC_LIMIT_MACROS -Iunittests/FuzzMutate -I/Users/buildslave/jenkins/workspace/clang-stage2-Rthinlto-release_70/llvm/unittests/FuzzMutate -I/Applications/Xcode.app/Contents/Developer/Platforms/MacOSX.platform/Developer/SDKs/MacOSX10.14.sdk/usr/include/libxml2 -Iinclude -I/Users/buildslave/jenkins/workspace/clang-stage2-Rthinlto-release_70/llvm/include -I/Users/buildslave/jenkins/workspace/clang-stage2-Rthinlto-release_70/llvm/utils/unittest/googletest/include -I/Users/buildslave/jenkins/workspace/clang-stage2-Rthinlto-release_70/llvm/utils/unittest/googlemock/include -fno-stack-protector -fno-common -Wno-profile-instr-unprofiled -fPIC -fvisibility-inlines-hidden -Werror=date-time -Werror=unguarded-availability-new -std=c++11 -fmodules -fmodules-cache-path=/Users/buildslave/jenkins/workspace/clang-stage2-Rthinlto-release_70/clang-build/Build/module.cache -fcxx-modules -gmodules -Wall -Wextra -Wno-unused-parameter -Wwrite-strings -Wcast-qual -Wmissing-field-initializers -pedantic -Wno-long-long -Wcovered-switch-default -Wnon-virtual-dtor -Wdelete-non-virtual-dtor -Wstring-conversion -fdiagnostics-color -flto=thin -O2 -g -DNDEBUG -isysroot /Applications/Xcode.app/Contents/Developer/Platforms/MacOSX.platform/Developer/SDKs/MacOSX10.14.sdk    -Wno-variadic-macros -Wno-gnu-zero-variadic-macro-arguments -fno-exceptions -fno-rtti -MD -MT unittests/FuzzMutate/CMakeFiles/FuzzMutateTests.dir/OperationsTest.cpp.o -MF unittests/FuzzMutate/CMakeFiles/FuzzMutateTests.dir/OperationsTest.cpp.o.d -o unittests/FuzzMutate/CMakeFiles/FuzzMutateTests.dir/OperationsTest.cpp.o -c /Users/buildslave/jenkins/workspace/clang-stage2-Rthinlto-release_70/llvm/unittests/FuzzMutate/OperationsTest.cpp[3164/3408] /Users/buildslave/jenkins/workspace/clang-stage2-Rthinlto-release_70/host-compiler/bin/clang++  -DGTEST_HAS_RTTI=0 -DGTEST_HAS_TR1_TUPLE=0 -DGTEST_LANG_CXX11=1 -D__STDC_CONSTANT_MACROS -D__STDC_FORMAT_MACROS -D__STDC_LIMIT_MACROS -Iunittests/IR -I/Users/buildslave/jenkins/workspace/clang-stage2-Rthinlto-release_70/llvm/unittests/IR -I/Applications/Xcode.app/Contents/Developer/Platforms/MacOSX.platform/Developer/SDKs/MacOSX10.14.sdk/usr/include/libxml2 -Iinclude -I/Users/buildslave/jenkins/workspace/clang-stage2-Rthinlto-release_70/llvm/include -I/Users/buildslave/jenkins/workspace/clang-stage2-Rthinlto-release_70/llvm/utils/unittest/googletest/include -I/Users/buildslave/jenkins/workspace/clang-stage2-Rthinlto-release_70/llvm/utils/unittest/googlemock/include -fno-stack-protector -fno-common -Wno-profile-instr-unprofiled -fPIC -fvisibility-inlines-hidden -Werror=date-time -Werror=unguarded-availability-new -std=c++11 -fmodules -fmodules-cache-path=/Users/buildslave/jenkins/workspace/clang-stage2-Rthinlto-release_70/clang-build/Build/module.cache -fcxx-modules -gmodules -Wall -Wextra -Wno-unused-parameter -Wwrite-strings -Wcast-qual -Wmissing-field-initializers -pedantic -Wno-long-long -Wcovered-switch-default -Wnon-virtual-dtor -Wdelete-non-virtual-dtor -Wstring-conversion -fdiagnostics-color -flto=thin -O2 -g -DNDEBUG -isysroot /Applications/Xcode.app/Contents/Developer/Platforms/MacOSX.platform/Developer/SDKs/MacOSX10.14.sdk    -Wno-variadic-macros -Wno-gnu-zero-variadic-macro-arguments -fno-exceptions -fno-rtti -MD -MT unittests/IR/CMakeFiles/IRTests.dir/LegacyPassManagerTest.cpp.o -MF unittests/IR/CMakeFiles/IRTests.dir/LegacyPassManagerTest.cpp.o.d -o unittests/IR/CMakeFiles/IRTests.dir/LegacyPassManagerTest.cpp.o -c /Users/buildslave/jenkins/workspace/clang-stage2-Rthinlto-release_70/llvm/unittests/IR/LegacyPassManagerTest.cpp[3165/3408] /Users/buildslave/jenkins/workspace/clang-stage2-Rthinlto-release_70/host-compiler/bin/clang++  -DGTEST_HAS_RTTI=0 -DGTEST_HAS_TR1_TUPLE=0 -DGTEST_LANG_CXX11=1 -D__STDC_CONSTANT_MACROS -D__STDC_FORMAT_MACROS -D__STDC_LIMIT_MACROS -Iunittests/IR -I/Users/buildslave/jenkins/workspace/clang-stage2-Rthinlto-release_70/llvm/unittests/IR -I/Applications/Xcode.app/Contents/Developer/Platforms/MacOSX.platform/Developer/SDKs/MacOSX10.14.sdk/usr/include/libxml2 -Iinclude -I/Users/buildslave/jenkins/workspace/clang-stage2-Rthinlto-release_70/llvm/include -I/Users/buildslave/jenkins/workspace/clang-stage2-Rthinlto-release_70/llvm/utils/unittest/googletest/include -I/Users/buildslave/jenkins/workspace/clang-stage2-Rthinlto-release_70/llvm/utils/unittest/googlemock/include -fno-stack-protector -fno-common -Wno-profile-instr-unprofiled -fPIC -fvisibility-inlines-hidden -Werror=date-time -Werror=unguarded-availability-new -std=c++11 -fmodules -fmodules-cache-path=/Users/buildslave/jenkins/workspace/clang-stage2-Rthinlto-release_70/clang-build/Build/module.cache -fcxx-modules -gmodules -Wall -Wextra -Wno-unused-parameter -Wwrite-strings -Wcast-qual -Wmissing-field-initializers -pedantic -Wno-long-long -Wcovered-switch-default -Wnon-virtual-dtor -Wdelete-non-virtual-dtor -Wstring-conversion -fdiagnostics-color -flto=thin -O2 -g -DNDEBUG -isysroot /Applications/Xcode.app/Contents/Developer/Platforms/MacOSX.platform/Developer/SDKs/MacOSX10.14.sdk    -Wno-variadic-macros -Wno-gnu-zero-variadic-macro-arguments -fno-exceptions -fno-rtti -MD -MT unittests/IR/CMakeFiles/IRTests.dir/ManglerTest.cpp.o -MF unittests/IR/CMakeFiles/IRTests.dir/ManglerTest.cpp.o.d -o unittests/IR/CMakeFiles/IRTests.dir/ManglerTest.cpp.o -c /Users/buildslave/jenkins/workspace/clang-stage2-Rthinlto-release_70/llvm/unittests/IR/ManglerTest.cpp[3166/3408] /Users/buildslave/jenkins/workspace/clang-stage2-Rthinlto-release_70/host-compiler/bin/clang++  -DGTEST_HAS_RTTI=0 -DGTEST_HAS_TR1_TUPLE=0 -DGTEST_LANG_CXX11=1 -D__STDC_CONSTANT_MACROS -D__STDC_FORMAT_MACROS -D__STDC_LIMIT_MACROS -Iunittests/IR -I/Users/buildslave/jenkins/workspace/clang-stage2-Rthinlto-release_70/llvm/unittests/IR -I/Applications/Xcode.app/Contents/Developer/Platforms/MacOSX.platform/Developer/SDKs/MacOSX10.14.sdk/usr/include/libxml2 -Iinclude -I/Users/buildslave/jenkins/workspace/clang-stage2-Rthinlto-release_70/llvm/include -I/Users/buildslave/jenkins/workspace/clang-stage2-Rthinlto-release_70/llvm/utils/unittest/googletest/include -I/Users/buildslave/jenkins/workspace/clang-stage2-Rthinlto-release_70/llvm/utils/unittest/googlemock/include -fno-stack-protector -fno-common -Wno-profile-instr-unprofiled -fPIC -fvisibility-inlines-hidden -Werror=date-time -Werror=unguarded-availability-new -std=c++11 -fmodules -fmodules-cache-path=/Users/buildslave/jenkins/workspace/clang-stage2-Rthinlto-release_70/clang-build/Build/module.cache -fcxx-modules -gmodules -Wall -Wextra -Wno-unused-parameter -Wwrite-strings -Wcast-qual -Wmissing-field-initializers -pedantic -Wno-long-long -Wcovered-switch-default -Wnon-virtual-dtor -Wdelete-non-virtual-dtor -Wstring-conversion -fdiagnostics-color -flto=thin -O2 -g -DNDEBUG -isysroot /Applications/Xcode.app/Contents/Developer/Platforms/MacOSX.platform/Developer/SDKs/MacOSX10.14.sdk    -Wno-variadic-macros -Wno-gnu-zero-variadic-macro-arguments -fno-exceptions -fno-rtti -MD -MT unittests/IR/CMakeFiles/IRTests.dir/ModuleTest.cpp.o -MF unittests/IR/CMakeFiles/IRTests.dir/ModuleTest.cpp.o.d -o unittests/IR/CMakeFiles/IRTests.dir/ModuleTest.cpp.o -c /Users/buildslave/jenkins/workspace/clang-stage2-Rthinlto-release_70/llvm/unittests/IR/ModuleTest.cpp[3167/3408] /Users/buildslave/jenkins/workspace/clang-stage2-Rthinlto-release_70/host-compiler/bin/clang++  -DGTEST_HAS_RTTI=0 -DGTEST_HAS_TR1_TUPLE=0 -DGTEST_LANG_CXX11=1 -D__STDC_CONSTANT_MACROS -D__STDC_FORMAT_MACROS -D__STDC_LIMIT_MACROS -Iunittests/ADT -I/Users/buildslave/jenkins/workspace/clang-stage2-Rthinlto-release_70/llvm/unittests/ADT -I/Applications/Xcode.app/Contents/Developer/Platforms/MacOSX.platform/Developer/SDKs/MacOSX10.14.sdk/usr/include/libxml2 -Iinclude -I/Users/buildslave/jenkins/workspace/clang-stage2-Rthinlto-release_70/llvm/include -I/Users/buildslave/jenkins/workspace/clang-stage2-Rthinlto-release_70/llvm/utils/unittest/googletest/include -I/Users/buildslave/jenkins/workspace/clang-stage2-Rthinlto-release_70/llvm/utils/unittest/googlemock/include -fno-stack-protector -fno-common -Wno-profile-instr-unprofiled -fPIC -fvisibility-inlines-hidden -Werror=date-time -Werror=unguarded-availability-new -std=c++11 -fmodules -fmodules-cache-path=/Users/buildslave/jenkins/workspace/clang-stage2-Rthinlto-release_70/clang-build/Build/module.cache -fcxx-modules -gmodules -Wall -Wextra -Wno-unused-parameter -Wwrite-strings -Wcast-qual -Wmissing-field-initializers -pedantic -Wno-long-long -Wcovered-switch-default -Wnon-virtual-dtor -Wdelete-non-virtual-dtor -Wstring-conversion -fdiagnostics-color -flto=thin -O2 -g -DNDEBUG -isysroot /Applications/Xcode.app/Contents/Developer/Platforms/MacOSX.platform/Developer/SDKs/MacOSX10.14.sdk    -Wno-variadic-macros -Wno-gnu-zero-variadic-macro-arguments -fno-exceptions -fno-rtti -MD -MT unittests/ADT/CMakeFiles/ADTTests.dir/DenseMapTest.cpp.o -MF unittests/ADT/CMakeFiles/ADTTests.dir/DenseMapTest.cpp.o.d -o unittests/ADT/CMakeFiles/ADTTests.dir/DenseMapTest.cpp.o -c /Users/buildslave/jenkins/workspace/clang-stage2-Rthinlto-release_70/llvm/unittests/ADT/DenseMapTest.cpp[3168/3408] /Users/buildslave/jenkins/workspace/clang-stage2-Rthinlto-release_70/host-compiler/bin/clang++  -DGTEST_HAS_RTTI=0 -DGTEST_HAS_TR1_TUPLE=0 -DGTEST_LANG_CXX11=1 -D__STDC_CONSTANT_MACROS -D__STDC_FORMAT_MACROS -D__STDC_LIMIT_MACROS -Iunittests/IR -I/Users/buildslave/jenkins/workspace/clang-stage2-Rthinlto-release_70/llvm/unittests/IR -I/Applications/Xcode.app/Contents/Developer/Platforms/MacOSX.platform/Developer/SDKs/MacOSX10.14.sdk/usr/include/libxml2 -Iinclude -I/Users/buildslave/jenkins/workspace/clang-stage2-Rthinlto-release_70/llvm/include -I/Users/buildslave/jenkins/workspace/clang-stage2-Rthinlto-release_70/llvm/utils/unittest/googletest/include -I/Users/buildslave/jenkins/workspace/clang-stage2-Rthinlto-release_70/llvm/utils/unittest/googlemock/include -fno-stack-protector -fno-common -Wno-profile-instr-unprofiled -fPIC -fvisibility-inlines-hidden -Werror=date-time -Werror=unguarded-availability-new -std=c++11 -fmodules -fmodules-cache-path=/Users/buildslave/jenkins/workspace/clang-stage2-Rthinlto-release_70/clang-build/Build/module.cache -fcxx-modules -gmodules -Wall -Wextra -Wno-unused-parameter -Wwrite-strings -Wcast-qual -Wmissing-field-initializers -pedantic -Wno-long-long -Wcovered-switch-default -Wnon-virtual-dtor -Wdelete-non-virtual-dtor -Wstring-conversion -fdiagnostics-color -flto=thin -O2 -g -DNDEBUG -isysroot /Applications/Xcode.app/Contents/Developer/Platforms/MacOSX.platform/Developer/SDKs/MacOSX10.14.sdk    -Wno-variadic-macros -Wno-gnu-zero-variadic-macro-arguments -fno-exceptions -fno-rtti -MD -MT unittests/IR/CMakeFiles/IRTests.dir/TypeBuilderTest.cpp.o -MF unittests/IR/CMakeFiles/IRTests.dir/TypeBuilderTest.cpp.o.d -o unittests/IR/CMakeFiles/IRTests.dir/TypeBuilderTest.cpp.o -c /Users/buildslave/jenkins/workspace/clang-stage2-Rthinlto-release_70/llvm/unittests/IR/TypeBuilderTest.cpp[3169/3408] /Users/buildslave/jenkins/workspace/clang-stage2-Rthinlto-release_70/host-compiler/bin/clang++  -DGTEST_HAS_RTTI=0 -DGTEST_HAS_TR1_TUPLE=0 -DGTEST_LANG_CXX11=1 -D__STDC_CONSTANT_MACROS -D__STDC_FORMAT_MACROS -D__STDC_LIMIT_MACROS -Iunittests/IR -I/Users/buildslave/jenkins/workspace/clang-stage2-Rthinlto-release_70/llvm/unittests/IR -I/Applications/Xcode.app/Contents/Developer/Platforms/MacOSX.platform/Developer/SDKs/MacOSX10.14.sdk/usr/include/libxml2 -Iinclude -I/Users/buildslave/jenkins/workspace/clang-stage2-Rthinlto-release_70/llvm/include -I/Users/buildslave/jenkins/workspace/clang-stage2-Rthinlto-release_70/llvm/utils/unittest/googletest/include -I/Users/buildslave/jenkins/workspace/clang-stage2-Rthinlto-release_70/llvm/utils/unittest/googlemock/include -fno-stack-protector -fno-common -Wno-profile-instr-unprofiled -fPIC -fvisibility-inlines-hidden -Werror=date-time -Werror=unguarded-availability-new -std=c++11 -fmodules -fmodules-cache-path=/Users/buildslave/jenkins/workspace/clang-stage2-Rthinlto-release_70/clang-build/Build/module.cache -fcxx-modules -gmodules -Wall -Wextra -Wno-unused-parameter -Wwrite-strings -Wcast-qual -Wmissing-field-initializers -pedantic -Wno-long-long -Wcovered-switch-default -Wnon-virtual-dtor -Wdelete-non-virtual-dtor -Wstring-conversion -fdiagnostics-color -flto=thin -O2 -g -DNDEBUG -isysroot /Applications/Xcode.app/Contents/Developer/Platforms/MacOSX.platform/Developer/SDKs/MacOSX10.14.sdk    -Wno-variadic-macros -Wno-gnu-zero-variadic-macro-arguments -fno-exceptions -fno-rtti -MD -MT unittests/IR/CMakeFiles/IRTests.dir/TypesTest.cpp.o -MF unittests/IR/CMakeFiles/IRTests.dir/TypesTest.cpp.o.d -o unittests/IR/CMakeFiles/IRTests.dir/TypesTest.cpp.o -c /Users/buildslave/jenkins/workspace/clang-stage2-Rthinlto-release_70/llvm/unittests/IR/TypesTest.cpp[3170/3408] /Users/buildslave/jenkins/workspace/clang-stage2-Rthinlto-release_70/host-compiler/bin/clang++  -DGTEST_HAS_RTTI=0 -DGTEST_HAS_TR1_TUPLE=0 -DGTEST_LANG_CXX11=1 -D__STDC_CONSTANT_MACROS -D__STDC_FORMAT_MACROS -D__STDC_LIMIT_MACROS -Iunittests/IR -I/Users/buildslave/jenkins/workspace/clang-stage2-Rthinlto-release_70/llvm/unittests/IR -I/Applications/Xcode.app/Contents/Developer/Platforms/MacOSX.platform/Developer/SDKs/MacOSX10.14.sdk/usr/include/libxml2 -Iinclude -I/Users/buildslave/jenkins/workspace/clang-stage2-Rthinlto-release_70/llvm/include -I/Users/buildslave/jenkins/workspace/clang-stage2-Rthinlto-release_70/llvm/utils/unittest/googletest/include -I/Users/buildslave/jenkins/workspace/clang-stage2-Rthinlto-release_70/llvm/utils/unittest/googlemock/include -fno-stack-protector -fno-common -Wno-profile-instr-unprofiled -fPIC -fvisibility-inlines-hidden -Werror=date-time -Werror=unguarded-availability-new -std=c++11 -fmodules -fmodules-cache-path=/Users/buildslave/jenkins/workspace/clang-stage2-Rthinlto-release_70/clang-build/Build/module.cache -fcxx-modules -gmodules -Wall -Wextra -Wno-unused-parameter -Wwrite-strings -Wcast-qual -Wmissing-field-initializers -pedantic -Wno-long-long -Wcovered-switch-default -Wnon-virtual-dtor -Wdelete-non-virtual-dtor -Wstring-conversion -fdiagnostics-color -flto=thin -O2 -g -DNDEBUG -isysroot /Applications/Xcode.app/Contents/Developer/Platforms/MacOSX.platform/Developer/SDKs/MacOSX10.14.sdk    -Wno-variadic-macros -Wno-gnu-zero-variadic-macro-arguments -fno-exceptions -fno-rtti -MD -MT unittests/IR/CMakeFiles/IRTests.dir/PassBuilderCallbacksTest.cpp.o -MF unittests/IR/CMakeFiles/IRTests.dir/PassBuilderCallbacksTest.cpp.o.d -o unittests/IR/CMakeFiles/IRTests.dir/PassBuilderCallbacksTest.cpp.o -c /Users/buildslave/jenkins/workspace/clang-stage2-Rthinlto-release_70/llvm/unittests/IR/PassBuilderCallbacksTest.cpp[3171/3408] /Users/buildslave/jenkins/workspace/clang-stage2-Rthinlto-release_70/host-compiler/bin/clang++  -DGTEST_HAS_RTTI=0 -DGTEST_HAS_TR1_TUPLE=0 -DGTEST_LANG_CXX11=1 -D__STDC_CONSTANT_MACROS -D__STDC_FORMAT_MACROS -D__STDC_LIMIT_MACROS -Iunittests/ExecutionEngine/Orc -I/Users/buildslave/jenkins/workspace/clang-stage2-Rthinlto-release_70/llvm/unittests/ExecutionEngine/Orc -I/Applications/Xcode.app/Contents/Developer/Platforms/MacOSX.platform/Developer/SDKs/MacOSX10.14.sdk/usr/include/libxml2 -Iinclude -I/Users/buildslave/jenkins/workspace/clang-stage2-Rthinlto-release_70/llvm/include -I/Users/buildslave/jenkins/workspace/clang-stage2-Rthinlto-release_70/llvm/utils/unittest/googletest/include -I/Users/buildslave/jenkins/workspace/clang-stage2-Rthinlto-release_70/llvm/utils/unittest/googlemock/include -fno-stack-protector -fno-common -Wno-profile-instr-unprofiled -fPIC -fvisibility-inlines-hidden -Werror=date-time -Werror=unguarded-availability-new -std=c++11 -fmodules -fmodules-cache-path=/Users/buildslave/jenkins/workspace/clang-stage2-Rthinlto-release_70/clang-build/Build/module.cache -fcxx-modules -gmodules -Wall -Wextra -Wno-unused-parameter -Wwrite-strings -Wcast-qual -Wmissing-field-initializers -pedantic -Wno-long-long -Wcovered-switch-default -Wnon-virtual-dtor -Wdelete-non-virtual-dtor -Wstring-conversion -fdiagnostics-color -flto=thin -O2 -g -DNDEBUG -isysroot /Applications/Xcode.app/Contents/Developer/Platforms/MacOSX.platform/Developer/SDKs/MacOSX10.14.sdk    -Wno-variadic-macros -Wno-gnu-zero-variadic-macro-arguments -fno-exceptions -fno-rtti -MD -MT unittests/ExecutionEngine/Orc/CMakeFiles/OrcJITTests.dir/CoreAPIsTest.cpp.o -MF unittests/ExecutionEngine/Orc/CMakeFiles/OrcJITTests.dir/CoreAPIsTest.cpp.o.d -o unittests/ExecutionEngine/Orc/CMakeFiles/OrcJITTests.dir/CoreAPIsTest.cpp.o -c /Users/buildslave/jenkins/workspace/clang-stage2-Rthinlto-release_70/llvm/unittests/ExecutionEngine/Orc/CoreAPIsTest.cpp[3172/3408] /Users/buildslave/jenkins/workspace/clang-stage2-Rthinlto-release_70/host-compiler/bin/clang++  -DGTEST_HAS_RTTI=0 -DGTEST_HAS_TR1_TUPLE=0 -DGTEST_LANG_CXX11=1 -D__STDC_CONSTANT_MACROS -D__STDC_FORMAT_MACROS -D__STDC_LIMIT_MACROS -Iunittests/IR -I/Users/buildslave/jenkins/workspace/clang-stage2-Rthinlto-release_70/llvm/unittests/IR -I/Applications/Xcode.app/Contents/Developer/Platforms/MacOSX.platform/Developer/SDKs/MacOSX10.14.sdk/usr/include/libxml2 -Iinclude -I/Users/buildslave/jenkins/workspace/clang-stage2-Rthinlto-release_70/llvm/include -I/Users/buildslave/jenkins/workspace/clang-stage2-Rthinlto-release_70/llvm/utils/unittest/googletest/include -I/Users/buildslave/jenkins/workspace/clang-stage2-Rthinlto-release_70/llvm/utils/unittest/googlemock/include -fno-stack-protector -fno-common -Wno-profile-instr-unprofiled -fPIC -fvisibility-inlines-hidden -Werror=date-time -Werror=unguarded-availability-new -std=c++11 -fmodules -fmodules-cache-path=/Users/buildslave/jenkins/workspace/clang-stage2-Rthinlto-release_70/clang-build/Build/module.cache -fcxx-modules -gmodules -Wall -Wextra -Wno-unused-parameter -Wwrite-strings -Wcast-qual -Wmissing-field-initializers -pedantic -Wno-long-long -Wcovered-switch-default -Wnon-virtual-dtor -Wdelete-non-virtual-dtor -Wstring-conversion -fdiagnostics-color -flto=thin -O2 -g -DNDEBUG -isysroot /Applications/Xcode.app/Contents/Developer/Platforms/MacOSX.platform/Developer/SDKs/MacOSX10.14.sdk    -Wno-variadic-macros -Wno-gnu-zero-variadic-macro-arguments -fno-exceptions -fno-rtti -MD -MT unittests/IR/CMakeFiles/IRTests.dir/UserTest.cpp.o -MF unittests/IR/CMakeFiles/IRTests.dir/UserTest.cpp.o.d -o unittests/IR/CMakeFiles/IRTests.dir/UserTest.cpp.o -c /Users/buildslave/jenkins/workspace/clang-stage2-Rthinlto-release_70/llvm/unittests/IR/UserTest.cpp[3173/3408] /Users/buildslave/jenkins/workspace/clang-stage2-Rthinlto-release_70/host-compiler/bin/clang++  -DGTEST_HAS_RTTI=0 -DGTEST_HAS_TR1_TUPLE=0 -DGTEST_LANG_CXX11=1 -D__STDC_CONSTANT_MACROS -D__STDC_FORMAT_MACROS -D__STDC_LIMIT_MACROS -Iunittests/IR -I/Users/buildslave/jenkins/workspace/clang-stage2-Rthinlto-release_70/llvm/unittests/IR -I/Applications/Xcode.app/Contents/Developer/Platforms/MacOSX.platform/Developer/SDKs/MacOSX10.14.sdk/usr/include/libxml2 -Iinclude -I/Users/buildslave/jenkins/workspace/clang-stage2-Rthinlto-release_70/llvm/include -I/Users/buildslave/jenkins/workspace/clang-stage2-Rthinlto-release_70/llvm/utils/unittest/googletest/include -I/Users/buildslave/jenkins/workspace/clang-stage2-Rthinlto-release_70/llvm/utils/unittest/googlemock/include -fno-stack-protector -fno-common -Wno-profile-instr-unprofiled -fPIC -fvisibility-inlines-hidden -Werror=date-time -Werror=unguarded-availability-new -std=c++11 -fmodules -fmodules-cache-path=/Users/buildslave/jenkins/workspace/clang-stage2-Rthinlto-release_70/clang-build/Build/module.cache -fcxx-modules -gmodules -Wall -Wextra -Wno-unused-parameter -Wwrite-strings -Wcast-qual -Wmissing-field-initializers -pedantic -Wno-long-long -Wcovered-switch-default -Wnon-virtual-dtor -Wdelete-non-virtual-dtor -Wstring-conversion -fdiagnostics-color -flto=thin -O2 -g -DNDEBUG -isysroot /Applications/Xcode.app/Contents/Developer/Platforms/MacOSX.platform/Developer/SDKs/MacOSX10.14.sdk    -Wno-variadic-macros -Wno-gnu-zero-variadic-macro-arguments -fno-exceptions -fno-rtti -MD -MT unittests/IR/CMakeFiles/IRTests.dir/PatternMatch.cpp.o -MF unittests/IR/CMakeFiles/IRTests.dir/PatternMatch.cpp.o.d -o unittests/IR/CMakeFiles/IRTests.dir/PatternMatch.cpp.o -c /Users/buildslave/jenkins/workspace/clang-stage2-Rthinlto-release_70/llvm/unittests/IR/PatternMatch.cpp[3174/3408] /Users/buildslave/jenkins/workspace/clang-stage2-Rthinlto-release_70/host-compiler/bin/clang++  -DGTEST_HAS_RTTI=0 -DGTEST_HAS_TR1_TUPLE=0 -DGTEST_LANG_CXX11=1 -D__STDC_CONSTANT_MACROS -D__STDC_FORMAT_MACROS -D__STDC_LIMIT_MACROS -Iunittests/IR -I/Users/buildslave/jenkins/workspace/clang-stage2-Rthinlto-release_70/llvm/unittests/IR -I/Applications/Xcode.app/Contents/Developer/Platforms/MacOSX.platform/Developer/SDKs/MacOSX10.14.sdk/usr/include/libxml2 -Iinclude -I/Users/buildslave/jenkins/workspace/clang-stage2-Rthinlto-release_70/llvm/include -I/Users/buildslave/jenkins/workspace/clang-stage2-Rthinlto-release_70/llvm/utils/unittest/googletest/include -I/Users/buildslave/jenkins/workspace/clang-stage2-Rthinlto-release_70/llvm/utils/unittest/googlemock/include -fno-stack-protector -fno-common -Wno-profile-instr-unprofiled -fPIC -fvisibility-inlines-hidden -Werror=date-time -Werror=unguarded-availability-new -std=c++11 -fmodules -fmodules-cache-path=/Users/buildslave/jenkins/workspace/clang-stage2-Rthinlto-release_70/clang-build/Build/module.cache -fcxx-modules -gmodules -Wall -Wextra -Wno-unused-parameter -Wwrite-strings -Wcast-qual -Wmissing-field-initializers -pedantic -Wno-long-long -Wcovered-switch-default -Wnon-virtual-dtor -Wdelete-non-virtual-dtor -Wstring-conversion -fdiagnostics-color -flto=thin -O2 -g -DNDEBUG -isysroot /Applications/Xcode.app/Contents/Developer/Platforms/MacOSX.platform/Developer/SDKs/MacOSX10.14.sdk    -Wno-variadic-macros -Wno-gnu-zero-variadic-macro-arguments -fno-exceptions -fno-rtti -MD -MT unittests/IR/CMakeFiles/IRTests.dir/UseTest.cpp.o -MF unittests/IR/CMakeFiles/IRTests.dir/UseTest.cpp.o.d -o unittests/IR/CMakeFiles/IRTests.dir/UseTest.cpp.o -c /Users/buildslave/jenkins/workspace/clang-stage2-Rthinlto-release_70/llvm/unittests/IR/UseTest.cpp[3175/3408] /Users/buildslave/jenkins/workspace/clang-stage2-Rthinlto-release_70/host-compiler/bin/clang++  -DGTEST_HAS_RTTI=0 -DGTEST_HAS_TR1_TUPLE=0 -DGTEST_LANG_CXX11=1 -D__STDC_CONSTANT_MACROS -D__STDC_FORMAT_MACROS -D__STDC_LIMIT_MACROS -Iunittests/MC -I/Users/buildslave/jenkins/workspace/clang-stage2-Rthinlto-release_70/llvm/unittests/MC -I/Applications/Xcode.app/Contents/Developer/Platforms/MacOSX.platform/Developer/SDKs/MacOSX10.14.sdk/usr/include/libxml2 -Iinclude -I/Users/buildslave/jenkins/workspace/clang-stage2-Rthinlto-release_70/llvm/include -I/Users/buildslave/jenkins/workspace/clang-stage2-Rthinlto-release_70/llvm/utils/unittest/googletest/include -I/Users/buildslave/jenkins/workspace/clang-stage2-Rthinlto-release_70/llvm/utils/unittest/googlemock/include -fno-stack-protector -fno-common -Wno-profile-instr-unprofiled -fPIC -fvisibility-inlines-hidden -Werror=date-time -Werror=unguarded-availability-new -std=c++11 -fmodules -fmodules-cache-path=/Users/buildslave/jenkins/workspace/clang-stage2-Rthinlto-release_70/clang-build/Build/module.cache -fcxx-modules -gmodules -Wall -Wextra -Wno-unused-parameter -Wwrite-strings -Wcast-qual -Wmissing-field-initializers -pedantic -Wno-long-long -Wcovered-switch-default -Wnon-virtual-dtor -Wdelete-non-virtual-dtor -Wstring-conversion -fdiagnostics-color -flto=thin -O2 -g -DNDEBUG -isysroot /Applications/Xcode.app/Contents/Developer/Platforms/MacOSX.platform/Developer/SDKs/MacOSX10.14.sdk    -Wno-variadic-macros -Wno-gnu-zero-variadic-macro-arguments -fno-exceptions -fno-rtti -MD -MT unittests/MC/CMakeFiles/MCTests.dir/Disassembler.cpp.o -MF unittests/MC/CMakeFiles/MCTests.dir/Disassembler.cpp.o.d -o unittests/MC/CMakeFiles/MCTests.dir/Disassembler.cpp.o -c /Users/buildslave/jenkins/workspace/clang-stage2-Rthinlto-release_70/llvm/unittests/MC/Disassembler.cpp[3176/3408] /Users/buildslave/jenkins/workspace/clang-stage2-Rthinlto-release_70/host-compiler/bin/clang++  -DGTEST_HAS_RTTI=0 -DGTEST_HAS_TR1_TUPLE=0 -DGTEST_LANG_CXX11=1 -D__STDC_CONSTANT_MACROS -D__STDC_FORMAT_MACROS -D__STDC_LIMIT_MACROS -Iunittests/MC -I/Users/buildslave/jenkins/workspace/clang-stage2-Rthinlto-release_70/llvm/unittests/MC -I/Applications/Xcode.app/Contents/Developer/Platforms/MacOSX.platform/Developer/SDKs/MacOSX10.14.sdk/usr/include/libxml2 -Iinclude -I/Users/buildslave/jenkins/workspace/clang-stage2-Rthinlto-release_70/llvm/include -I/Users/buildslave/jenkins/workspace/clang-stage2-Rthinlto-release_70/llvm/utils/unittest/googletest/include -I/Users/buildslave/jenkins/workspace/clang-stage2-Rthinlto-release_70/llvm/utils/unittest/googlemock/include -fno-stack-protector -fno-common -Wno-profile-instr-unprofiled -fPIC -fvisibility-inlines-hidden -Werror=date-time -Werror=unguarded-availability-new -std=c++11 -fmodules -fmodules-cache-path=/Users/buildslave/jenkins/workspace/clang-stage2-Rthinlto-release_70/clang-build/Build/module.cache -fcxx-modules -gmodules -Wall -Wextra -Wno-unused-parameter -Wwrite-strings -Wcast-qual -Wmissing-field-initializers -pedantic -Wno-long-long -Wcovered-switch-default -Wnon-virtual-dtor -Wdelete-non-virtual-dtor -Wstring-conversion -fdiagnostics-color -flto=thin -O2 -g -DNDEBUG -isysroot /Applications/Xcode.app/Contents/Developer/Platforms/MacOSX.platform/Developer/SDKs/MacOSX10.14.sdk    -Wno-variadic-macros -Wno-gnu-zero-variadic-macro-arguments -fno-exceptions -fno-rtti -MD -MT unittests/MC/CMakeFiles/MCTests.dir/DwarfLineTables.cpp.o -MF unittests/MC/CMakeFiles/MCTests.dir/DwarfLineTables.cpp.o.d -o unittests/MC/CMakeFiles/MCTests.dir/DwarfLineTables.cpp.o -c /Users/buildslave/jenkins/workspace/clang-stage2-Rthinlto-release_70/llvm/unittests/MC/DwarfLineTables.cpp[3177/3408] /Users/buildslave/jenkins/workspace/clang-stage2-Rthinlto-release_70/host-compiler/bin/clang++  -DGTEST_HAS_RTTI=0 -DGTEST_HAS_TR1_TUPLE=0 -DGTEST_LANG_CXX11=1 -D__STDC_CONSTANT_MACROS -D__STDC_FORMAT_MACROS -D__STDC_LIMIT_MACROS -Iunittests/Linker -I/Users/buildslave/jenkins/workspace/clang-stage2-Rthinlto-release_70/llvm/unittests/Linker -I/Applications/Xcode.app/Contents/Developer/Platforms/MacOSX.platform/Developer/SDKs/MacOSX10.14.sdk/usr/include/libxml2 -Iinclude -I/Users/buildslave/jenkins/workspace/clang-stage2-Rthinlto-release_70/llvm/include -I/Users/buildslave/jenkins/workspace/clang-stage2-Rthinlto-release_70/llvm/utils/unittest/googletest/include -I/Users/buildslave/jenkins/workspace/clang-stage2-Rthinlto-release_70/llvm/utils/unittest/googlemock/include -fno-stack-protector -fno-common -Wno-profile-instr-unprofiled -fPIC -fvisibility-inlines-hidden -Werror=date-time -Werror=unguarded-availability-new -std=c++11 -fmodules -fmodules-cache-path=/Users/buildslave/jenkins/workspace/clang-stage2-Rthinlto-release_70/clang-build/Build/module.cache -fcxx-modules -gmodules -Wall -Wextra -Wno-unused-parameter -Wwrite-strings -Wcast-qual -Wmissing-field-initializers -pedantic -Wno-long-long -Wcovered-switch-default -Wnon-virtual-dtor -Wdelete-non-virtual-dtor -Wstring-conversion -fdiagnostics-color -flto=thin -O2 -g -DNDEBUG -isysroot /Applications/Xcode.app/Contents/Developer/Platforms/MacOSX.platform/Developer/SDKs/MacOSX10.14.sdk    -Wno-variadic-macros -Wno-gnu-zero-variadic-macro-arguments -fno-exceptions -fno-rtti -MD -MT unittests/Linker/CMakeFiles/LinkerTests.dir/LinkModulesTest.cpp.o -MF unittests/Linker/CMakeFiles/LinkerTests.dir/LinkModulesTest.cpp.o.d -o unittests/Linker/CMakeFiles/LinkerTests.dir/LinkModulesTest.cpp.o -c /Users/buildslave/jenkins/workspace/clang-stage2-Rthinlto-release_70/llvm/unittests/Linker/LinkModulesTest.cpp[3178/3408] /Users/buildslave/jenkins/workspace/clang-stage2-Rthinlto-release_70/host-compiler/bin/clang++  -DGTEST_HAS_RTTI=0 -DGTEST_HAS_TR1_TUPLE=0 -DGTEST_LANG_CXX11=1 -D__STDC_CONSTANT_MACROS -D__STDC_FORMAT_MACROS -D__STDC_LIMIT_MACROS -Iunittests/MC -I/Users/buildslave/jenkins/workspace/clang-stage2-Rthinlto-release_70/llvm/unittests/MC -I/Applications/Xcode.app/Contents/Developer/Platforms/MacOSX.platform/Developer/SDKs/MacOSX10.14.sdk/usr/include/libxml2 -Iinclude -I/Users/buildslave/jenkins/workspace/clang-stage2-Rthinlto-release_70/llvm/include -I/Users/buildslave/jenkins/workspace/clang-stage2-Rthinlto-release_70/llvm/utils/unittest/googletest/include -I/Users/buildslave/jenkins/workspace/clang-stage2-Rthinlto-release_70/llvm/utils/unittest/googlemock/include -fno-stack-protector -fno-common -Wno-profile-instr-unprofiled -fPIC -fvisibility-inlines-hidden -Werror=date-time -Werror=unguarded-availability-new -std=c++11 -fmodules -fmodules-cache-path=/Users/buildslave/jenkins/workspace/clang-stage2-Rthinlto-release_70/clang-build/Build/module.cache -fcxx-modules -gmodules -Wall -Wextra -Wno-unused-parameter -Wwrite-strings -Wcast-qual -Wmissing-field-initializers -pedantic -Wno-long-long -Wcovered-switch-default -Wnon-virtual-dtor -Wdelete-non-virtual-dtor -Wstring-conversion -fdiagnostics-color -flto=thin -O2 -g -DNDEBUG -isysroot /Applications/Xcode.app/Contents/Developer/Platforms/MacOSX.platform/Developer/SDKs/MacOSX10.14.sdk    -Wno-variadic-macros -Wno-gnu-zero-variadic-macro-arguments -fno-exceptions -fno-rtti -MD -MT unittests/MC/CMakeFiles/MCTests.dir/TargetRegistry.cpp.o -MF unittests/MC/CMakeFiles/MCTests.dir/TargetRegistry.cpp.o.d -o unittests/MC/CMakeFiles/MCTests.dir/TargetRegistry.cpp.o -c /Users/buildslave/jenkins/workspace/clang-stage2-Rthinlto-release_70/llvm/unittests/MC/TargetRegistry.cpp[3179/3408] /Users/buildslave/jenkins/workspace/clang-stage2-Rthinlto-release_70/host-compiler/bin/clang++  -DGTEST_HAS_RTTI=0 -DGTEST_HAS_TR1_TUPLE=0 -DGTEST_LANG_CXX11=1 -D__STDC_CONSTANT_MACROS -D__STDC_FORMAT_MACROS -D__STDC_LIMIT_MACROS -Iunittests/MC -I/Users/buildslave/jenkins/workspace/clang-stage2-Rthinlto-release_70/llvm/unittests/MC -I/Applications/Xcode.app/Contents/Developer/Platforms/MacOSX.platform/Developer/SDKs/MacOSX10.14.sdk/usr/include/libxml2 -Iinclude -I/Users/buildslave/jenkins/workspace/clang-stage2-Rthinlto-release_70/llvm/include -I/Users/buildslave/jenkins/workspace/clang-stage2-Rthinlto-release_70/llvm/utils/unittest/googletest/include -I/Users/buildslave/jenkins/workspace/clang-stage2-Rthinlto-release_70/llvm/utils/unittest/googlemock/include -fno-stack-protector -fno-common -Wno-profile-instr-unprofiled -fPIC -fvisibility-inlines-hidden -Werror=date-time -Werror=unguarded-availability-new -std=c++11 -fmodules -fmodules-cache-path=/Users/buildslave/jenkins/workspace/clang-stage2-Rthinlto-release_70/clang-build/Build/module.cache -fcxx-modules -gmodules -Wall -Wextra -Wno-unused-parameter -Wwrite-strings -Wcast-qual -Wmissing-field-initializers -pedantic -Wno-long-long -Wcovered-switch-default -Wnon-virtual-dtor -Wdelete-non-virtual-dtor -Wstring-conversion -fdiagnostics-color -flto=thin -O2 -g -DNDEBUG -isysroot /Applications/Xcode.app/Contents/Developer/Platforms/MacOSX.platform/Developer/SDKs/MacOSX10.14.sdk    -Wno-variadic-macros -Wno-gnu-zero-variadic-macro-arguments -fno-exceptions -fno-rtti -MD -MT unittests/MC/CMakeFiles/MCTests.dir/StringTableBuilderTest.cpp.o -MF unittests/MC/CMakeFiles/MCTests.dir/StringTableBuilderTest.cpp.o.d -o unittests/MC/CMakeFiles/MCTests.dir/StringTableBuilderTest.cpp.o -c /Users/buildslave/jenkins/workspace/clang-stage2-Rthinlto-release_70/llvm/unittests/MC/StringTableBuilderTest.cpp[3180/3408] /Users/buildslave/jenkins/workspace/clang-stage2-Rthinlto-release_70/host-compiler/bin/clang++  -DGTEST_HAS_RTTI=0 -DGTEST_HAS_TR1_TUPLE=0 -DGTEST_LANG_CXX11=1 -D__STDC_CONSTANT_MACROS -D__STDC_FORMAT_MACROS -D__STDC_LIMIT_MACROS -Iunittests/Object -I/Users/buildslave/jenkins/workspace/clang-stage2-Rthinlto-release_70/llvm/unittests/Object -I/Applications/Xcode.app/Contents/Developer/Platforms/MacOSX.platform/Developer/SDKs/MacOSX10.14.sdk/usr/include/libxml2 -Iinclude -I/Users/buildslave/jenkins/workspace/clang-stage2-Rthinlto-release_70/llvm/include -I/Users/buildslave/jenkins/workspace/clang-stage2-Rthinlto-release_70/llvm/utils/unittest/googletest/include -I/Users/buildslave/jenkins/workspace/clang-stage2-Rthinlto-release_70/llvm/utils/unittest/googlemock/include -fno-stack-protector -fno-common -Wno-profile-instr-unprofiled -fPIC -fvisibility-inlines-hidden -Werror=date-time -Werror=unguarded-availability-new -std=c++11 -fmodules -fmodules-cache-path=/Users/buildslave/jenkins/workspace/clang-stage2-Rthinlto-release_70/clang-build/Build/module.cache -fcxx-modules -gmodules -Wall -Wextra -Wno-unused-parameter -Wwrite-strings -Wcast-qual -Wmissing-field-initializers -pedantic -Wno-long-long -Wcovered-switch-default -Wnon-virtual-dtor -Wdelete-non-virtual-dtor -Wstring-conversion -fdiagnostics-color -flto=thin -O2 -g -DNDEBUG -isysroot /Applications/Xcode.app/Contents/Developer/Platforms/MacOSX.platform/Developer/SDKs/MacOSX10.14.sdk    -Wno-variadic-macros -Wno-gnu-zero-variadic-macro-arguments -fno-exceptions -fno-rtti -MD -MT unittests/Object/CMakeFiles/ObjectTests.dir/SymbolSizeTest.cpp.o -MF unittests/Object/CMakeFiles/ObjectTests.dir/SymbolSizeTest.cpp.o.d -o unittests/Object/CMakeFiles/ObjectTests.dir/SymbolSizeTest.cpp.o -c /Users/buildslave/jenkins/workspace/clang-stage2-Rthinlto-release_70/llvm/unittests/Object/SymbolSizeTest.cpp[3181/3408] /Users/buildslave/jenkins/workspace/clang-stage2-Rthinlto-release_70/host-compiler/bin/clang++  -DGTEST_HAS_RTTI=0 -DGTEST_HAS_TR1_TUPLE=0 -DGTEST_LANG_CXX11=1 -D__STDC_CONSTANT_MACROS -D__STDC_FORMAT_MACROS -D__STDC_LIMIT_MACROS -Iunittests/Object -I/Users/buildslave/jenkins/workspace/clang-stage2-Rthinlto-release_70/llvm/unittests/Object -I/Applications/Xcode.app/Contents/Developer/Platforms/MacOSX.platform/Developer/SDKs/MacOSX10.14.sdk/usr/include/libxml2 -Iinclude -I/Users/buildslave/jenkins/workspace/clang-stage2-Rthinlto-release_70/llvm/include -I/Users/buildslave/jenkins/workspace/clang-stage2-Rthinlto-release_70/llvm/utils/unittest/googletest/include -I/Users/buildslave/jenkins/workspace/clang-stage2-Rthinlto-release_70/llvm/utils/unittest/googlemock/include -fno-stack-protector -fno-common -Wno-profile-instr-unprofiled -fPIC -fvisibility-inlines-hidden -Werror=date-time -Werror=unguarded-availability-new -std=c++11 -fmodules -fmodules-cache-path=/Users/buildslave/jenkins/workspace/clang-stage2-Rthinlto-release_70/clang-build/Build/module.cache -fcxx-modules -gmodules -Wall -Wextra -Wno-unused-parameter -Wwrite-strings -Wcast-qual -Wmissing-field-initializers -pedantic -Wno-long-long -Wcovered-switch-default -Wnon-virtual-dtor -Wdelete-non-virtual-dtor -Wstring-conversion -fdiagnostics-color -flto=thin -O2 -g -DNDEBUG -isysroot /Applications/Xcode.app/Contents/Developer/Platforms/MacOSX.platform/Developer/SDKs/MacOSX10.14.sdk    -Wno-variadic-macros -Wno-gnu-zero-variadic-macro-arguments -fno-exceptions -fno-rtti -MD -MT unittests/Object/CMakeFiles/ObjectTests.dir/SymbolicFileTest.cpp.o -MF unittests/Object/CMakeFiles/ObjectTests.dir/SymbolicFileTest.cpp.o.d -o unittests/Object/CMakeFiles/ObjectTests.dir/SymbolicFileTest.cpp.o -c /Users/buildslave/jenkins/workspace/clang-stage2-Rthinlto-release_70/llvm/unittests/Object/SymbolicFileTest.cpp[3182/3408] /Users/buildslave/jenkins/workspace/clang-stage2-Rthinlto-release_70/host-compiler/bin/clang++  -DGTEST_HAS_RTTI=0 -DGTEST_HAS_TR1_TUPLE=0 -DGTEST_LANG_CXX11=1 -D__STDC_CONSTANT_MACROS -D__STDC_FORMAT_MACROS -D__STDC_LIMIT_MACROS -Iunittests/MI -I/Users/buildslave/jenkins/workspace/clang-stage2-Rthinlto-release_70/llvm/unittests/MI -I/Applications/Xcode.app/Contents/Developer/Platforms/MacOSX.platform/Developer/SDKs/MacOSX10.14.sdk/usr/include/libxml2 -Iinclude -I/Users/buildslave/jenkins/workspace/clang-stage2-Rthinlto-release_70/llvm/include -I/Users/buildslave/jenkins/workspace/clang-stage2-Rthinlto-release_70/llvm/utils/unittest/googletest/include -I/Users/buildslave/jenkins/workspace/clang-stage2-Rthinlto-release_70/llvm/utils/unittest/googlemock/include -fno-stack-protector -fno-common -Wno-profile-instr-unprofiled -fPIC -fvisibility-inlines-hidden -Werror=date-time -Werror=unguarded-availability-new -std=c++11 -fmodules -fmodules-cache-path=/Users/buildslave/jenkins/workspace/clang-stage2-Rthinlto-release_70/clang-build/Build/module.cache -fcxx-modules -gmodules -Wall -Wextra -Wno-unused-parameter -Wwrite-strings -Wcast-qual -Wmissing-field-initializers -pedantic -Wno-long-long -Wcovered-switch-default -Wnon-virtual-dtor -Wdelete-non-virtual-dtor -Wstring-conversion -fdiagnostics-color -flto=thin -O2 -g -DNDEBUG -isysroot /Applications/Xcode.app/Contents/Developer/Platforms/MacOSX.platform/Developer/SDKs/MacOSX10.14.sdk    -Wno-variadic-macros -Wno-gnu-zero-variadic-macro-arguments -fno-exceptions -fno-rtti -MD -MT unittests/MI/CMakeFiles/MITests.dir/LiveIntervalTest.cpp.o -MF unittests/MI/CMakeFiles/MITests.dir/LiveIntervalTest.cpp.o.d -o unittests/MI/CMakeFiles/MITests.dir/LiveIntervalTest.cpp.o -c /Users/buildslave/jenkins/workspace/clang-stage2-Rthinlto-release_70/llvm/unittests/MI/LiveIntervalTest.cpp[3183/3408] /Users/buildslave/jenkins/workspace/clang-stage2-Rthinlto-release_70/host-compiler/bin/clang++  -DGTEST_HAS_RTTI=0 -DGTEST_HAS_TR1_TUPLE=0 -DGTEST_LANG_CXX11=1 -D__STDC_CONSTANT_MACROS -D__STDC_FORMAT_MACROS -D__STDC_LIMIT_MACROS -Iunittests/IR -I/Users/buildslave/jenkins/workspace/clang-stage2-Rthinlto-release_70/llvm/unittests/IR -I/Applications/Xcode.app/Contents/Developer/Platforms/MacOSX.platform/Developer/SDKs/MacOSX10.14.sdk/usr/include/libxml2 -Iinclude -I/Users/buildslave/jenkins/workspace/clang-stage2-Rthinlto-release_70/llvm/include -I/Users/buildslave/jenkins/workspace/clang-stage2-Rthinlto-release_70/llvm/utils/unittest/googletest/include -I/Users/buildslave/jenkins/workspace/clang-stage2-Rthinlto-release_70/llvm/utils/unittest/googlemock/include -fno-stack-protector -fno-common -Wno-profile-instr-unprofiled -fPIC -fvisibility-inlines-hidden -Werror=date-time -Werror=unguarded-availability-new -std=c++11 -fmodules -fmodules-cache-path=/Users/buildslave/jenkins/workspace/clang-stage2-Rthinlto-release_70/clang-build/Build/module.cache -fcxx-modules -gmodules -Wall -Wextra -Wno-unused-parameter -Wwrite-strings -Wcast-qual -Wmissing-field-initializers -pedantic -Wno-long-long -Wcovered-switch-default -Wnon-virtual-dtor -Wdelete-non-virtual-dtor -Wstring-conversion -fdiagnostics-color -flto=thin -O2 -g -DNDEBUG -isysroot /Applications/Xcode.app/Contents/Developer/Platforms/MacOSX.platform/Developer/SDKs/MacOSX10.14.sdk    -Wno-variadic-macros -Wno-gnu-zero-variadic-macro-arguments -fno-exceptions -fno-rtti -MD -MT unittests/IR/CMakeFiles/IRTests.dir/MetadataTest.cpp.o -MF unittests/IR/CMakeFiles/IRTests.dir/MetadataTest.cpp.o.d -o unittests/IR/CMakeFiles/IRTests.dir/MetadataTest.cpp.o -c /Users/buildslave/jenkins/workspace/clang-stage2-Rthinlto-release_70/llvm/unittests/IR/MetadataTest.cpp[3184/3408] /Users/buildslave/jenkins/workspace/clang-stage2-Rthinlto-release_70/host-compiler/bin/clang++  -DGTEST_HAS_RTTI=0 -DGTEST_HAS_TR1_TUPLE=0 -DGTEST_LANG_CXX11=1 -D__STDC_CONSTANT_MACROS -D__STDC_FORMAT_MACROS -D__STDC_LIMIT_MACROS -Iunittests/ProfileData -I/Users/buildslave/jenkins/workspace/clang-stage2-Rthinlto-release_70/llvm/unittests/ProfileData -I/Applications/Xcode.app/Contents/Developer/Platforms/MacOSX.platform/Developer/SDKs/MacOSX10.14.sdk/usr/include/libxml2 -Iinclude -I/Users/buildslave/jenkins/workspace/clang-stage2-Rthinlto-release_70/llvm/include -I/Users/buildslave/jenkins/workspace/clang-stage2-Rthinlto-release_70/llvm/utils/unittest/googletest/include -I/Users/buildslave/jenkins/workspace/clang-stage2-Rthinlto-release_70/llvm/utils/unittest/googlemock/include -fno-stack-protector -fno-common -Wno-profile-instr-unprofiled -fPIC -fvisibility-inlines-hidden -Werror=date-time -Werror=unguarded-availability-new -std=c++11 -fmodules -fmodules-cache-path=/Users/buildslave/jenkins/workspace/clang-stage2-Rthinlto-release_70/clang-build/Build/module.cache -fcxx-modules -gmodules -Wall -Wextra -Wno-unused-parameter -Wwrite-strings -Wcast-qual -Wmissing-field-initializers -pedantic -Wno-long-long -Wcovered-switch-default -Wnon-virtual-dtor -Wdelete-non-virtual-dtor -Wstring-conversion -fdiagnostics-color -flto=thin -O2 -g -DNDEBUG -isysroot /Applications/Xcode.app/Contents/Developer/Platforms/MacOSX.platform/Developer/SDKs/MacOSX10.14.sdk    -Wno-variadic-macros -Wno-gnu-zero-variadic-macro-arguments -fno-exceptions -fno-rtti -MD -MT unittests/ProfileData/CMakeFiles/ProfileDataTests.dir/SampleProfTest.cpp.o -MF unittests/ProfileData/CMakeFiles/ProfileDataTests.dir/SampleProfTest.cpp.o.d -o unittests/ProfileData/CMakeFiles/ProfileDataTests.dir/SampleProfTest.cpp.o -c /Users/buildslave/jenkins/workspace/clang-stage2-Rthinlto-release_70/llvm/unittests/ProfileData/SampleProfTest.cpp[3185/3408] /Users/buildslave/jenkins/workspace/clang-stage2-Rthinlto-release_70/host-compiler/bin/clang++  -DGTEST_HAS_RTTI=0 -DGTEST_HAS_TR1_TUPLE=0 -DGTEST_LANG_CXX11=1 -D__STDC_CONSTANT_MACROS -D__STDC_FORMAT_MACROS -D__STDC_LIMIT_MACROS -Iunittests/ProfileData -I/Users/buildslave/jenkins/workspace/clang-stage2-Rthinlto-release_70/llvm/unittests/ProfileData -I/Applications/Xcode.app/Contents/Developer/Platforms/MacOSX.platform/Developer/SDKs/MacOSX10.14.sdk/usr/include/libxml2 -Iinclude -I/Users/buildslave/jenkins/workspace/clang-stage2-Rthinlto-release_70/llvm/include -I/Users/buildslave/jenkins/workspace/clang-stage2-Rthinlto-release_70/llvm/utils/unittest/googletest/include -I/Users/buildslave/jenkins/workspace/clang-stage2-Rthinlto-release_70/llvm/utils/unittest/googlemock/include -fno-stack-protector -fno-common -Wno-profile-instr-unprofiled -fPIC -fvisibility-inlines-hidden -Werror=date-time -Werror=unguarded-availability-new -std=c++11 -fmodules -fmodules-cache-path=/Users/buildslave/jenkins/workspace/clang-stage2-Rthinlto-release_70/clang-build/Build/module.cache -fcxx-modules -gmodules -Wall -Wextra -Wno-unused-parameter -Wwrite-strings -Wcast-qual -Wmissing-field-initializers -pedantic -Wno-long-long -Wcovered-switch-default -Wnon-virtual-dtor -Wdelete-non-virtual-dtor -Wstring-conversion -fdiagnostics-color -flto=thin -O2 -g -DNDEBUG -isysroot /Applications/Xcode.app/Contents/Developer/Platforms/MacOSX.platform/Developer/SDKs/MacOSX10.14.sdk    -Wno-variadic-macros -Wno-gnu-zero-variadic-macro-arguments -fno-exceptions -fno-rtti -MD -MT unittests/ProfileData/CMakeFiles/ProfileDataTests.dir/CoverageMappingTest.cpp.o -MF unittests/ProfileData/CMakeFiles/ProfileDataTests.dir/CoverageMappingTest.cpp.o.d -o unittests/ProfileData/CMakeFiles/ProfileDataTests.dir/CoverageMappingTest.cpp.o -c /Users/buildslave/jenkins/workspace/clang-stage2-Rthinlto-release_70/llvm/unittests/ProfileData/CoverageMappingTest.cpp[3186/3408] /Users/buildslave/jenkins/workspace/clang-stage2-Rthinlto-release_70/host-compiler/bin/clang++  -DGTEST_HAS_RTTI=0 -DGTEST_HAS_TR1_TUPLE=0 -DGTEST_LANG_CXX11=1 -D__STDC_CONSTANT_MACROS -D__STDC_FORMAT_MACROS -D__STDC_LIMIT_MACROS -Iunittests/Target/AArch64 -I/Users/buildslave/jenkins/workspace/clang-stage2-Rthinlto-release_70/llvm/unittests/Target/AArch64 -I/Applications/Xcode.app/Contents/Developer/Platforms/MacOSX.platform/Developer/SDKs/MacOSX10.14.sdk/usr/include/libxml2 -Iinclude -I/Users/buildslave/jenkins/workspace/clang-stage2-Rthinlto-release_70/llvm/include -I/Users/buildslave/jenkins/workspace/clang-stage2-Rthinlto-release_70/llvm/lib/Target/AArch64 -Ilib/Target/AArch64 -I/Users/buildslave/jenkins/workspace/clang-stage2-Rthinlto-release_70/llvm/utils/unittest/googletest/include -I/Users/buildslave/jenkins/workspace/clang-stage2-Rthinlto-release_70/llvm/utils/unittest/googlemock/include -fno-stack-protector -fno-common -Wno-profile-instr-unprofiled -fPIC -fvisibility-inlines-hidden -Werror=date-time -Werror=unguarded-availability-new -std=c++11 -fmodules -fmodules-cache-path=/Users/buildslave/jenkins/workspace/clang-stage2-Rthinlto-release_70/clang-build/Build/module.cache -fcxx-modules -gmodules -Wall -Wextra -Wno-unused-parameter -Wwrite-strings -Wcast-qual -Wmissing-field-initializers -pedantic -Wno-long-long -Wcovered-switch-default -Wnon-virtual-dtor -Wdelete-non-virtual-dtor -Wstring-conversion -fdiagnostics-color -flto=thin -O2 -g -DNDEBUG -isysroot /Applications/Xcode.app/Contents/Developer/Platforms/MacOSX.platform/Developer/SDKs/MacOSX10.14.sdk    -Wno-variadic-macros -Wno-gnu-zero-variadic-macro-arguments -fno-exceptions -fno-rtti -MD -MT unittests/Target/AArch64/CMakeFiles/AArch64Tests.dir/InstSizes.cpp.o -MF unittests/Target/AArch64/CMakeFiles/AArch64Tests.dir/InstSizes.cpp.o.d -o unittests/Target/AArch64/CMakeFiles/AArch64Tests.dir/InstSizes.cpp.o -c /Users/buildslave/jenkins/workspace/clang-stage2-Rthinlto-release_70/llvm/unittests/Target/AArch64/InstSizes.cpp[3187/3408] /Users/buildslave/jenkins/workspace/clang-stage2-Rthinlto-release_70/host-compiler/bin/clang++  -DGTEST_HAS_RTTI=0 -DGTEST_HAS_TR1_TUPLE=0 -DGTEST_LANG_CXX11=1 -D__STDC_CONSTANT_MACROS -D__STDC_FORMAT_MACROS -D__STDC_LIMIT_MACROS -Iunittests/Transforms/IPO -I/Users/buildslave/jenkins/workspace/clang-stage2-Rthinlto-release_70/llvm/unittests/Transforms/IPO -I/Applications/Xcode.app/Contents/Developer/Platforms/MacOSX.platform/Developer/SDKs/MacOSX10.14.sdk/usr/include/libxml2 -Iinclude -I/Users/buildslave/jenkins/workspace/clang-stage2-Rthinlto-release_70/llvm/include -I/Users/buildslave/jenkins/workspace/clang-stage2-Rthinlto-release_70/llvm/utils/unittest/googletest/include -I/Users/buildslave/jenkins/workspace/clang-stage2-Rthinlto-release_70/llvm/utils/unittest/googlemock/include -fno-stack-protector -fno-common -Wno-profile-instr-unprofiled -fPIC -fvisibility-inlines-hidden -Werror=date-time -Werror=unguarded-availability-new -std=c++11 -fmodules -fmodules-cache-path=/Users/buildslave/jenkins/workspace/clang-stage2-Rthinlto-release_70/clang-build/Build/module.cache -fcxx-modules -gmodules -Wall -Wextra -Wno-unused-parameter -Wwrite-strings -Wcast-qual -Wmissing-field-initializers -pedantic -Wno-long-long -Wcovered-switch-default -Wnon-virtual-dtor -Wdelete-non-virtual-dtor -Wstring-conversion -fdiagnostics-color -flto=thin -O2 -g -DNDEBUG -isysroot /Applications/Xcode.app/Contents/Developer/Platforms/MacOSX.platform/Developer/SDKs/MacOSX10.14.sdk    -Wno-variadic-macros -Wno-gnu-zero-variadic-macro-arguments -fno-exceptions -fno-rtti -MD -MT unittests/Transforms/IPO/CMakeFiles/IPOTests.dir/WholeProgramDevirt.cpp.o -MF unittests/Transforms/IPO/CMakeFiles/IPOTests.dir/WholeProgramDevirt.cpp.o.d -o unittests/Transforms/IPO/CMakeFiles/IPOTests.dir/WholeProgramDevirt.cpp.o -c /Users/buildslave/jenkins/workspace/clang-stage2-Rthinlto-release_70/llvm/unittests/Transforms/IPO/WholeProgramDevirt.cpp[3188/3408] /Users/buildslave/jenkins/workspace/clang-stage2-Rthinlto-release_70/host-compiler/bin/clang++  -DCLANG_REPOSITORY_STRING=\\\"master\\\" -DCLANG_VENDOR=\"\\\"Apple \\\"\" -DGTEST_HAS_RTTI=0 -DGTEST_HAS_TR1_TUPLE=0 -DGTEST_LANG_CXX11=1 -D_GNU_SOURCE -D__STDC_CONSTANT_MACROS -D__STDC_FORMAT_MACROS -D__STDC_LIMIT_MACROS -Itools/clang/unittests/Tooling -I/Users/buildslave/jenkins/workspace/clang-stage2-Rthinlto-release_70/llvm/tools/clang/unittests/Tooling -I/Users/buildslave/jenkins/workspace/clang-stage2-Rthinlto-release_70/llvm/tools/clang/include -Itools/clang/include -I/Applications/Xcode.app/Contents/Developer/Platforms/MacOSX.platform/Developer/SDKs/MacOSX10.14.sdk/usr/include/libxml2 -Iinclude -I/Users/buildslave/jenkins/workspace/clang-stage2-Rthinlto-release_70/llvm/include -I/Users/buildslave/jenkins/workspace/clang-stage2-Rthinlto-release_70/llvm/utils/unittest/googletest/include -I/Users/buildslave/jenkins/workspace/clang-stage2-Rthinlto-release_70/llvm/utils/unittest/googlemock/include -fno-stack-protector -fno-common -Wno-profile-instr-unprofiled -fPIC -fvisibility-inlines-hidden -Werror=date-time -Werror=unguarded-availability-new -std=c++11 -fmodules -fmodules-cache-path=/Users/buildslave/jenkins/workspace/clang-stage2-Rthinlto-release_70/clang-build/Build/module.cache -fcxx-modules -gmodules -Wall -Wextra -Wno-unused-parameter -Wwrite-strings -Wcast-qual -Wmissing-field-initializers -pedantic -Wno-long-long -Wcovered-switch-default -Wnon-virtual-dtor -Wdelete-non-virtual-dtor -Wstring-conversion -fdiagnostics-color -flto=thin -fno-common -Woverloaded-virtual -Wno-nested-anon-types -O2 -g -DNDEBUG -isysroot /Applications/Xcode.app/Contents/Developer/Platforms/MacOSX.platform/Developer/SDKs/MacOSX10.14.sdk    -Wno-variadic-macros -Wno-gnu-zero-variadic-macro-arguments -fno-exceptions -fno-rtti -MD -MT tools/clang/unittests/Tooling/CMakeFiles/ToolingTests.dir/RecursiveASTVisitorTests/ParenExpr.cpp.o -MF tools/clang/unittests/Tooling/CMakeFiles/ToolingTests.dir/RecursiveASTVisitorTests/ParenExpr.cpp.o.d -o tools/clang/unittests/Tooling/CMakeFiles/ToolingTests.dir/RecursiveASTVisitorTests/ParenExpr.cpp.o -c /Users/buildslave/jenkins/workspace/clang-stage2-Rthinlto-release_70/llvm/tools/clang/unittests/Tooling/RecursiveASTVisitorTests/ParenExpr.cpp[3189/3408] /Users/buildslave/jenkins/workspace/clang-stage2-Rthinlto-release_70/host-compiler/bin/clang++  -DGTEST_HAS_RTTI=0 -DGTEST_HAS_TR1_TUPLE=0 -DGTEST_LANG_CXX11=1 -D__STDC_CONSTANT_MACROS -D__STDC_FORMAT_MACROS -D__STDC_LIMIT_MACROS -Iunittests/IR -I/Users/buildslave/jenkins/workspace/clang-stage2-Rthinlto-release_70/llvm/unittests/IR -I/Applications/Xcode.app/Contents/Developer/Platforms/MacOSX.platform/Developer/SDKs/MacOSX10.14.sdk/usr/include/libxml2 -Iinclude -I/Users/buildslave/jenkins/workspace/clang-stage2-Rthinlto-release_70/llvm/include -I/Users/buildslave/jenkins/workspace/clang-stage2-Rthinlto-release_70/llvm/utils/unittest/googletest/include -I/Users/buildslave/jenkins/workspace/clang-stage2-Rthinlto-release_70/llvm/utils/unittest/googlemock/include -fno-stack-protector -fno-common -Wno-profile-instr-unprofiled -fPIC -fvisibility-inlines-hidden -Werror=date-time -Werror=unguarded-availability-new -std=c++11 -fmodules -fmodules-cache-path=/Users/buildslave/jenkins/workspace/clang-stage2-Rthinlto-release_70/clang-build/Build/module.cache -fcxx-modules -gmodules -Wall -Wextra -Wno-unused-parameter -Wwrite-strings -Wcast-qual -Wmissing-field-initializers -pedantic -Wno-long-long -Wcovered-switch-default -Wnon-virtual-dtor -Wdelete-non-virtual-dtor -Wstring-conversion -fdiagnostics-color -flto=thin -O2 -g -DNDEBUG -isysroot /Applications/Xcode.app/Contents/Developer/Platforms/MacOSX.platform/Developer/SDKs/MacOSX10.14.sdk    -Wno-variadic-macros -Wno-gnu-zero-variadic-macro-arguments -fno-exceptions -fno-rtti -MD -MT unittests/IR/CMakeFiles/IRTests.dir/DominatorTreeTest.cpp.o -MF unittests/IR/CMakeFiles/IRTests.dir/DominatorTreeTest.cpp.o.d -o unittests/IR/CMakeFiles/IRTests.dir/DominatorTreeTest.cpp.o -c /Users/buildslave/jenkins/workspace/clang-stage2-Rthinlto-release_70/llvm/unittests/IR/DominatorTreeTest.cpp[3190/3408] /Users/buildslave/jenkins/workspace/clang-stage2-Rthinlto-release_70/host-compiler/bin/clang++  -DGTEST_HAS_RTTI=0 -DGTEST_HAS_TR1_TUPLE=0 -DGTEST_LANG_CXX11=1 -D__STDC_CONSTANT_MACROS -D__STDC_FORMAT_MACROS -D__STDC_LIMIT_MACROS -Iunittests/Transforms/Utils -I/Users/buildslave/jenkins/workspace/clang-stage2-Rthinlto-release_70/llvm/unittests/Transforms/Utils -I/Applications/Xcode.app/Contents/Developer/Platforms/MacOSX.platform/Developer/SDKs/MacOSX10.14.sdk/usr/include/libxml2 -Iinclude -I/Users/buildslave/jenkins/workspace/clang-stage2-Rthinlto-release_70/llvm/include -I/Users/buildslave/jenkins/workspace/clang-stage2-Rthinlto-release_70/llvm/utils/unittest/googletest/include -I/Users/buildslave/jenkins/workspace/clang-stage2-Rthinlto-release_70/llvm/utils/unittest/googlemock/include -fno-stack-protector -fno-common -Wno-profile-instr-unprofiled -fPIC -fvisibility-inlines-hidden -Werror=date-time -Werror=unguarded-availability-new -std=c++11 -fmodules -fmodules-cache-path=/Users/buildslave/jenkins/workspace/clang-stage2-Rthinlto-release_70/clang-build/Build/module.cache -fcxx-modules -gmodules -Wall -Wextra -Wno-unused-parameter -Wwrite-strings -Wcast-qual -Wmissing-field-initializers -pedantic -Wno-long-long -Wcovered-switch-default -Wnon-virtual-dtor -Wdelete-non-virtual-dtor -Wstring-conversion -fdiagnostics-color -flto=thin -O2 -g -DNDEBUG -isysroot /Applications/Xcode.app/Contents/Developer/Platforms/MacOSX.platform/Developer/SDKs/MacOSX10.14.sdk    -Wno-variadic-macros -Wno-gnu-zero-variadic-macro-arguments -fno-exceptions -fno-rtti -MD -MT unittests/Transforms/Utils/CMakeFiles/UtilsTests.dir/BasicBlockUtils.cpp.o -MF unittests/Transforms/Utils/CMakeFiles/UtilsTests.dir/BasicBlockUtils.cpp.o.d -o unittests/Transforms/Utils/CMakeFiles/UtilsTests.dir/BasicBlockUtils.cpp.o -c /Users/buildslave/jenkins/workspace/clang-stage2-Rthinlto-release_70/llvm/unittests/Transforms/Utils/BasicBlockUtils.cpp[3191/3408] /Users/buildslave/jenkins/workspace/clang-stage2-Rthinlto-release_70/host-compiler/bin/clang++  -DGTEST_HAS_RTTI=0 -DGTEST_HAS_TR1_TUPLE=0 -DGTEST_LANG_CXX11=1 -D__STDC_CONSTANT_MACROS -D__STDC_FORMAT_MACROS -D__STDC_LIMIT_MACROS -Iunittests/Transforms/Utils -I/Users/buildslave/jenkins/workspace/clang-stage2-Rthinlto-release_70/llvm/unittests/Transforms/Utils -I/Applications/Xcode.app/Contents/Developer/Platforms/MacOSX.platform/Developer/SDKs/MacOSX10.14.sdk/usr/include/libxml2 -Iinclude -I/Users/buildslave/jenkins/workspace/clang-stage2-Rthinlto-release_70/llvm/include -I/Users/buildslave/jenkins/workspace/clang-stage2-Rthinlto-release_70/llvm/utils/unittest/googletest/include -I/Users/buildslave/jenkins/workspace/clang-stage2-Rthinlto-release_70/llvm/utils/unittest/googlemock/include -fno-stack-protector -fno-common -Wno-profile-instr-unprofiled -fPIC -fvisibility-inlines-hidden -Werror=date-time -Werror=unguarded-availability-new -std=c++11 -fmodules -fmodules-cache-path=/Users/buildslave/jenkins/workspace/clang-stage2-Rthinlto-release_70/clang-build/Build/module.cache -fcxx-modules -gmodules -Wall -Wextra -Wno-unused-parameter -Wwrite-strings -Wcast-qual -Wmissing-field-initializers -pedantic -Wno-long-long -Wcovered-switch-default -Wnon-virtual-dtor -Wdelete-non-virtual-dtor -Wstring-conversion -fdiagnostics-color -flto=thin -O2 -g -DNDEBUG -isysroot /Applications/Xcode.app/Contents/Developer/Platforms/MacOSX.platform/Developer/SDKs/MacOSX10.14.sdk    -Wno-variadic-macros -Wno-gnu-zero-variadic-macro-arguments -fno-exceptions -fno-rtti -MD -MT unittests/Transforms/Utils/CMakeFiles/UtilsTests.dir/ASanStackFrameLayoutTest.cpp.o -MF unittests/Transforms/Utils/CMakeFiles/UtilsTests.dir/ASanStackFrameLayoutTest.cpp.o.d -o unittests/Transforms/Utils/CMakeFiles/UtilsTests.dir/ASanStackFrameLayoutTest.cpp.o -c /Users/buildslave/jenkins/workspace/clang-stage2-Rthinlto-release_70/llvm/unittests/Transforms/Utils/ASanStackFrameLayoutTest.cpp[3192/3408] /Users/buildslave/jenkins/workspace/clang-stage2-Rthinlto-release_70/host-compiler/bin/clang++  -DGTEST_HAS_RTTI=0 -DGTEST_HAS_TR1_TUPLE=0 -DGTEST_LANG_CXX11=1 -D__STDC_CONSTANT_MACROS -D__STDC_FORMAT_MACROS -D__STDC_LIMIT_MACROS -Iunittests/ADT -I/Users/buildslave/jenkins/workspace/clang-stage2-Rthinlto-release_70/llvm/unittests/ADT -I/Applications/Xcode.app/Contents/Developer/Platforms/MacOSX.platform/Developer/SDKs/MacOSX10.14.sdk/usr/include/libxml2 -Iinclude -I/Users/buildslave/jenkins/workspace/clang-stage2-Rthinlto-release_70/llvm/include -I/Users/buildslave/jenkins/workspace/clang-stage2-Rthinlto-release_70/llvm/utils/unittest/googletest/include -I/Users/buildslave/jenkins/workspace/clang-stage2-Rthinlto-release_70/llvm/utils/unittest/googlemock/include -fno-stack-protector -fno-common -Wno-profile-instr-unprofiled -fPIC -fvisibility-inlines-hidden -Werror=date-time -Werror=unguarded-availability-new -std=c++11 -fmodules -fmodules-cache-path=/Users/buildslave/jenkins/workspace/clang-stage2-Rthinlto-release_70/clang-build/Build/module.cache -fcxx-modules -gmodules -Wall -Wextra -Wno-unused-parameter -Wwrite-strings -Wcast-qual -Wmissing-field-initializers -pedantic -Wno-long-long -Wcovered-switch-default -Wnon-virtual-dtor -Wdelete-non-virtual-dtor -Wstring-conversion -fdiagnostics-color -flto=thin -O2 -g -DNDEBUG -isysroot /Applications/Xcode.app/Contents/Developer/Platforms/MacOSX.platform/Developer/SDKs/MacOSX10.14.sdk    -Wno-variadic-macros -Wno-gnu-zero-variadic-macro-arguments -fno-exceptions -fno-rtti -MD -MT unittests/ADT/CMakeFiles/ADTTests.dir/BitVectorTest.cpp.o -MF unittests/ADT/CMakeFiles/ADTTests.dir/BitVectorTest.cpp.o.d -o unittests/ADT/CMakeFiles/ADTTests.dir/BitVectorTest.cpp.o -c /Users/buildslave/jenkins/workspace/clang-stage2-Rthinlto-release_70/llvm/unittests/ADT/BitVectorTest.cpp[3193/3408] /Users/buildslave/jenkins/workspace/clang-stage2-Rthinlto-release_70/host-compiler/bin/clang++  -DGTEST_HAS_RTTI=0 -DGTEST_HAS_TR1_TUPLE=0 -DGTEST_LANG_CXX11=1 -D__STDC_CONSTANT_MACROS -D__STDC_FORMAT_MACROS -D__STDC_LIMIT_MACROS -Iunittests/Transforms/Utils -I/Users/buildslave/jenkins/workspace/clang-stage2-Rthinlto-release_70/llvm/unittests/Transforms/Utils -I/Applications/Xcode.app/Contents/Developer/Platforms/MacOSX.platform/Developer/SDKs/MacOSX10.14.sdk/usr/include/libxml2 -Iinclude -I/Users/buildslave/jenkins/workspace/clang-stage2-Rthinlto-release_70/llvm/include -I/Users/buildslave/jenkins/workspace/clang-stage2-Rthinlto-release_70/llvm/utils/unittest/googletest/include -I/Users/buildslave/jenkins/workspace/clang-stage2-Rthinlto-release_70/llvm/utils/unittest/googlemock/include -fno-stack-protector -fno-common -Wno-profile-instr-unprofiled -fPIC -fvisibility-inlines-hidden -Werror=date-time -Werror=unguarded-availability-new -std=c++11 -fmodules -fmodules-cache-path=/Users/buildslave/jenkins/workspace/clang-stage2-Rthinlto-release_70/clang-build/Build/module.cache -fcxx-modules -gmodules -Wall -Wextra -Wno-unused-parameter -Wwrite-strings -Wcast-qual -Wmissing-field-initializers -pedantic -Wno-long-long -Wcovered-switch-default -Wnon-virtual-dtor -Wdelete-non-virtual-dtor -Wstring-conversion -fdiagnostics-color -flto=thin -O2 -g -DNDEBUG -isysroot /Applications/Xcode.app/Contents/Developer/Platforms/MacOSX.platform/Developer/SDKs/MacOSX10.14.sdk    -Wno-variadic-macros -Wno-gnu-zero-variadic-macro-arguments -fno-exceptions -fno-rtti -MD -MT unittests/Transforms/Utils/CMakeFiles/UtilsTests.dir/CodeExtractor.cpp.o -MF unittests/Transforms/Utils/CMakeFiles/UtilsTests.dir/CodeExtractor.cpp.o.d -o unittests/Transforms/Utils/CMakeFiles/UtilsTests.dir/CodeExtractor.cpp.o -c /Users/buildslave/jenkins/workspace/clang-stage2-Rthinlto-release_70/llvm/unittests/Transforms/Utils/CodeExtractor.cpp[3194/3408] /Users/buildslave/jenkins/workspace/clang-stage2-Rthinlto-release_70/host-compiler/bin/clang++  -DGTEST_HAS_RTTI=0 -DGTEST_HAS_TR1_TUPLE=0 -DGTEST_LANG_CXX11=1 -DLLVM_ENABLE_PLUGINS -D__STDC_CONSTANT_MACROS -D__STDC_FORMAT_MACROS -D__STDC_LIMIT_MACROS -Iunittests/Passes -I/Users/buildslave/jenkins/workspace/clang-stage2-Rthinlto-release_70/llvm/unittests/Passes -I/Applications/Xcode.app/Contents/Developer/Platforms/MacOSX.platform/Developer/SDKs/MacOSX10.14.sdk/usr/include/libxml2 -Iinclude -I/Users/buildslave/jenkins/workspace/clang-stage2-Rthinlto-release_70/llvm/include -I/Users/buildslave/jenkins/workspace/clang-stage2-Rthinlto-release_70/llvm/utils/unittest/googletest/include -I/Users/buildslave/jenkins/workspace/clang-stage2-Rthinlto-release_70/llvm/utils/unittest/googlemock/include -fno-stack-protector -fno-common -Wno-profile-instr-unprofiled -fPIC -fvisibility-inlines-hidden -Werror=date-time -Werror=unguarded-availability-new -std=c++11 -fmodules -fmodules-cache-path=/Users/buildslave/jenkins/workspace/clang-stage2-Rthinlto-release_70/clang-build/Build/module.cache -fcxx-modules -gmodules -Wall -Wextra -Wno-unused-parameter -Wwrite-strings -Wcast-qual -Wmissing-field-initializers -pedantic -Wno-long-long -Wcovered-switch-default -Wnon-virtual-dtor -Wdelete-non-virtual-dtor -Wstring-conversion -fdiagnostics-color -flto=thin -O2 -g -DNDEBUG -isysroot /Applications/Xcode.app/Contents/Developer/Platforms/MacOSX.platform/Developer/SDKs/MacOSX10.14.sdk    -Wno-variadic-macros -Wno-gnu-zero-variadic-macro-arguments -fno-exceptions -fno-rtti -MD -MT unittests/Passes/CMakeFiles/PluginsTests.dir/PluginsTest.cpp.o -MF unittests/Passes/CMakeFiles/PluginsTests.dir/PluginsTest.cpp.o.d -o unittests/Passes/CMakeFiles/PluginsTests.dir/PluginsTest.cpp.o -c /Users/buildslave/jenkins/workspace/clang-stage2-Rthinlto-release_70/llvm/unittests/Passes/PluginsTest.cpp[3195/3408] /Users/buildslave/jenkins/workspace/clang-stage2-Rthinlto-release_70/host-compiler/bin/clang++  -DGTEST_HAS_RTTI=0 -DGTEST_HAS_TR1_TUPLE=0 -DGTEST_LANG_CXX11=1 -D__STDC_CONSTANT_MACROS -D__STDC_FORMAT_MACROS -D__STDC_LIMIT_MACROS -Iunittests/Transforms/Utils -I/Users/buildslave/jenkins/workspace/clang-stage2-Rthinlto-release_70/llvm/unittests/Transforms/Utils -I/Applications/Xcode.app/Contents/Developer/Platforms/MacOSX.platform/Developer/SDKs/MacOSX10.14.sdk/usr/include/libxml2 -Iinclude -I/Users/buildslave/jenkins/workspace/clang-stage2-Rthinlto-release_70/llvm/include -I/Users/buildslave/jenkins/workspace/clang-stage2-Rthinlto-release_70/llvm/utils/unittest/googletest/include -I/Users/buildslave/jenkins/workspace/clang-stage2-Rthinlto-release_70/llvm/utils/unittest/googlemock/include -fno-stack-protector -fno-common -Wno-profile-instr-unprofiled -fPIC -fvisibility-inlines-hidden -Werror=date-time -Werror=unguarded-availability-new -std=c++11 -fmodules -fmodules-cache-path=/Users/buildslave/jenkins/workspace/clang-stage2-Rthinlto-release_70/clang-build/Build/module.cache -fcxx-modules -gmodules -Wall -Wextra -Wno-unused-parameter -Wwrite-strings -Wcast-qual -Wmissing-field-initializers -pedantic -Wno-long-long -Wcovered-switch-default -Wnon-virtual-dtor -Wdelete-non-virtual-dtor -Wstring-conversion -fdiagnostics-color -flto=thin -O2 -g -DNDEBUG -isysroot /Applications/Xcode.app/Contents/Developer/Platforms/MacOSX.platform/Developer/SDKs/MacOSX10.14.sdk    -Wno-variadic-macros -Wno-gnu-zero-variadic-macro-arguments -fno-exceptions -fno-rtti -MD -MT unittests/Transforms/Utils/CMakeFiles/UtilsTests.dir/Cloning.cpp.o -MF unittests/Transforms/Utils/CMakeFiles/UtilsTests.dir/Cloning.cpp.o.d -o unittests/Transforms/Utils/CMakeFiles/UtilsTests.dir/Cloning.cpp.o -c /Users/buildslave/jenkins/workspace/clang-stage2-Rthinlto-release_70/llvm/unittests/Transforms/Utils/Cloning.cpp[3196/3408] /Users/buildslave/jenkins/workspace/clang-stage2-Rthinlto-release_70/host-compiler/bin/clang++  -DGTEST_HAS_RTTI=0 -DGTEST_HAS_TR1_TUPLE=0 -DGTEST_LANG_CXX11=1 -D__STDC_CONSTANT_MACROS -D__STDC_FORMAT_MACROS -D__STDC_LIMIT_MACROS -Iunittests/Transforms/Utils -I/Users/buildslave/jenkins/workspace/clang-stage2-Rthinlto-release_70/llvm/unittests/Transforms/Utils -I/Applications/Xcode.app/Contents/Developer/Platforms/MacOSX.platform/Developer/SDKs/MacOSX10.14.sdk/usr/include/libxml2 -Iinclude -I/Users/buildslave/jenkins/workspace/clang-stage2-Rthinlto-release_70/llvm/include -I/Users/buildslave/jenkins/workspace/clang-stage2-Rthinlto-release_70/llvm/utils/unittest/googletest/include -I/Users/buildslave/jenkins/workspace/clang-stage2-Rthinlto-release_70/llvm/utils/unittest/googlemock/include -fno-stack-protector -fno-common -Wno-profile-instr-unprofiled -fPIC -fvisibility-inlines-hidden -Werror=date-time -Werror=unguarded-availability-new -std=c++11 -fmodules -fmodules-cache-path=/Users/buildslave/jenkins/workspace/clang-stage2-Rthinlto-release_70/clang-build/Build/module.cache -fcxx-modules -gmodules -Wall -Wextra -Wno-unused-parameter -Wwrite-strings -Wcast-qual -Wmissing-field-initializers -pedantic -Wno-long-long -Wcovered-switch-default -Wnon-virtual-dtor -Wdelete-non-virtual-dtor -Wstring-conversion -fdiagnostics-color -flto=thin -O2 -g -DNDEBUG -isysroot /Applications/Xcode.app/Contents/Developer/Platforms/MacOSX.platform/Developer/SDKs/MacOSX10.14.sdk    -Wno-variadic-macros -Wno-gnu-zero-variadic-macro-arguments -fno-exceptions -fno-rtti -MD -MT unittests/Transforms/Utils/CMakeFiles/UtilsTests.dir/IntegerDivision.cpp.o -MF unittests/Transforms/Utils/CMakeFiles/UtilsTests.dir/IntegerDivision.cpp.o.d -o unittests/Transforms/Utils/CMakeFiles/UtilsTests.dir/IntegerDivision.cpp.o -c /Users/buildslave/jenkins/workspace/clang-stage2-Rthinlto-release_70/llvm/unittests/Transforms/Utils/IntegerDivision.cpp[3197/3408] /Users/buildslave/jenkins/workspace/clang-stage2-Rthinlto-release_70/host-compiler/bin/clang++  -DGTEST_HAS_RTTI=0 -DGTEST_HAS_TR1_TUPLE=0 -DGTEST_LANG_CXX11=1 -D__STDC_CONSTANT_MACROS -D__STDC_FORMAT_MACROS -D__STDC_LIMIT_MACROS -Iunittests/Transforms/Utils -I/Users/buildslave/jenkins/workspace/clang-stage2-Rthinlto-release_70/llvm/unittests/Transforms/Utils -I/Applications/Xcode.app/Contents/Developer/Platforms/MacOSX.platform/Developer/SDKs/MacOSX10.14.sdk/usr/include/libxml2 -Iinclude -I/Users/buildslave/jenkins/workspace/clang-stage2-Rthinlto-release_70/llvm/include -I/Users/buildslave/jenkins/workspace/clang-stage2-Rthinlto-release_70/llvm/utils/unittest/googletest/include -I/Users/buildslave/jenkins/workspace/clang-stage2-Rthinlto-release_70/llvm/utils/unittest/googlemock/include -fno-stack-protector -fno-common -Wno-profile-instr-unprofiled -fPIC -fvisibility-inlines-hidden -Werror=date-time -Werror=unguarded-availability-new -std=c++11 -fmodules -fmodules-cache-path=/Users/buildslave/jenkins/workspace/clang-stage2-Rthinlto-release_70/clang-build/Build/module.cache -fcxx-modules -gmodules -Wall -Wextra -Wno-unused-parameter -Wwrite-strings -Wcast-qual -Wmissing-field-initializers -pedantic -Wno-long-long -Wcovered-switch-default -Wnon-virtual-dtor -Wdelete-non-virtual-dtor -Wstring-conversion -fdiagnostics-color -flto=thin -O2 -g -DNDEBUG -isysroot /Applications/Xcode.app/Contents/Developer/Platforms/MacOSX.platform/Developer/SDKs/MacOSX10.14.sdk    -Wno-variadic-macros -Wno-gnu-zero-variadic-macro-arguments -fno-exceptions -fno-rtti -MD -MT unittests/Transforms/Utils/CMakeFiles/UtilsTests.dir/FunctionComparator.cpp.o -MF unittests/Transforms/Utils/CMakeFiles/UtilsTests.dir/FunctionComparator.cpp.o.d -o unittests/Transforms/Utils/CMakeFiles/UtilsTests.dir/FunctionComparator.cpp.o -c /Users/buildslave/jenkins/workspace/clang-stage2-Rthinlto-release_70/llvm/unittests/Transforms/Utils/FunctionComparator.cpp[3198/3408] /Users/buildslave/jenkins/workspace/clang-stage2-Rthinlto-release_70/host-compiler/bin/clang++  -DGTEST_HAS_RTTI=0 -DGTEST_HAS_TR1_TUPLE=0 -DGTEST_LANG_CXX11=1 -D__STDC_CONSTANT_MACROS -D__STDC_FORMAT_MACROS -D__STDC_LIMIT_MACROS -Iunittests/Transforms/Utils -I/Users/buildslave/jenkins/workspace/clang-stage2-Rthinlto-release_70/llvm/unittests/Transforms/Utils -I/Applications/Xcode.app/Contents/Developer/Platforms/MacOSX.platform/Developer/SDKs/MacOSX10.14.sdk/usr/include/libxml2 -Iinclude -I/Users/buildslave/jenkins/workspace/clang-stage2-Rthinlto-release_70/llvm/include -I/Users/buildslave/jenkins/workspace/clang-stage2-Rthinlto-release_70/llvm/utils/unittest/googletest/include -I/Users/buildslave/jenkins/workspace/clang-stage2-Rthinlto-release_70/llvm/utils/unittest/googlemock/include -fno-stack-protector -fno-common -Wno-profile-instr-unprofiled -fPIC -fvisibility-inlines-hidden -Werror=date-time -Werror=unguarded-availability-new -std=c++11 -fmodules -fmodules-cache-path=/Users/buildslave/jenkins/workspace/clang-stage2-Rthinlto-release_70/clang-build/Build/module.cache -fcxx-modules -gmodules -Wall -Wextra -Wno-unused-parameter -Wwrite-strings -Wcast-qual -Wmissing-field-initializers -pedantic -Wno-long-long -Wcovered-switch-default -Wnon-virtual-dtor -Wdelete-non-virtual-dtor -Wstring-conversion -fdiagnostics-color -flto=thin -O2 -g -DNDEBUG -isysroot /Applications/Xcode.app/Contents/Developer/Platforms/MacOSX.platform/Developer/SDKs/MacOSX10.14.sdk    -Wno-variadic-macros -Wno-gnu-zero-variadic-macro-arguments -fno-exceptions -fno-rtti -MD -MT unittests/Transforms/Utils/CMakeFiles/UtilsTests.dir/OrderedInstructions.cpp.o -MF unittests/Transforms/Utils/CMakeFiles/UtilsTests.dir/OrderedInstructions.cpp.o.d -o unittests/Transforms/Utils/CMakeFiles/UtilsTests.dir/OrderedInstructions.cpp.o -c /Users/buildslave/jenkins/workspace/clang-stage2-Rthinlto-release_70/llvm/unittests/Transforms/Utils/OrderedInstructions.cpp[3199/3408] /Users/buildslave/jenkins/workspace/clang-stage2-Rthinlto-release_70/host-compiler/bin/clang++  -DGTEST_HAS_RTTI=0 -DGTEST_HAS_TR1_TUPLE=0 -DGTEST_LANG_CXX11=1 -D__STDC_CONSTANT_MACROS -D__STDC_FORMAT_MACROS -D__STDC_LIMIT_MACROS -Iunittests/Transforms/Utils -I/Users/buildslave/jenkins/workspace/clang-stage2-Rthinlto-release_70/llvm/unittests/Transforms/Utils -I/Applications/Xcode.app/Contents/Developer/Platforms/MacOSX.platform/Developer/SDKs/MacOSX10.14.sdk/usr/include/libxml2 -Iinclude -I/Users/buildslave/jenkins/workspace/clang-stage2-Rthinlto-release_70/llvm/include -I/Users/buildslave/jenkins/workspace/clang-stage2-Rthinlto-release_70/llvm/utils/unittest/googletest/include -I/Users/buildslave/jenkins/workspace/clang-stage2-Rthinlto-release_70/llvm/utils/unittest/googlemock/include -fno-stack-protector -fno-common -Wno-profile-instr-unprofiled -fPIC -fvisibility-inlines-hidden -Werror=date-time -Werror=unguarded-availability-new -std=c++11 -fmodules -fmodules-cache-path=/Users/buildslave/jenkins/workspace/clang-stage2-Rthinlto-release_70/clang-build/Build/module.cache -fcxx-modules -gmodules -Wall -Wextra -Wno-unused-parameter -Wwrite-strings -Wcast-qual -Wmissing-field-initializers -pedantic -Wno-long-long -Wcovered-switch-default -Wnon-virtual-dtor -Wdelete-non-virtual-dtor -Wstring-conversion -fdiagnostics-color -flto=thin -O2 -g -DNDEBUG -isysroot /Applications/Xcode.app/Contents/Developer/Platforms/MacOSX.platform/Developer/SDKs/MacOSX10.14.sdk    -Wno-variadic-macros -Wno-gnu-zero-variadic-macro-arguments -fno-exceptions -fno-rtti -MD -MT unittests/Transforms/Utils/CMakeFiles/UtilsTests.dir/SSAUpdaterBulk.cpp.o -MF unittests/Transforms/Utils/CMakeFiles/UtilsTests.dir/SSAUpdaterBulk.cpp.o.d -o unittests/Transforms/Utils/CMakeFiles/UtilsTests.dir/SSAUpdaterBulk.cpp.o -c /Users/buildslave/jenkins/workspace/clang-stage2-Rthinlto-release_70/llvm/unittests/Transforms/Utils/SSAUpdaterBulk.cpp[3200/3408] /Users/buildslave/jenkins/workspace/clang-stage2-Rthinlto-release_70/host-compiler/bin/clang++  -DGTEST_HAS_RTTI=0 -DGTEST_HAS_TR1_TUPLE=0 -DGTEST_LANG_CXX11=1 -DLLVM_ENABLE_PLUGINS -D__STDC_CONSTANT_MACROS -D__STDC_FORMAT_MACROS -D__STDC_LIMIT_MACROS -Iunittests/Passes -I/Users/buildslave/jenkins/workspace/clang-stage2-Rthinlto-release_70/llvm/unittests/Passes -I/Applications/Xcode.app/Contents/Developer/Platforms/MacOSX.platform/Developer/SDKs/MacOSX10.14.sdk/usr/include/libxml2 -Iinclude -I/Users/buildslave/jenkins/workspace/clang-stage2-Rthinlto-release_70/llvm/include -I/Users/buildslave/jenkins/workspace/clang-stage2-Rthinlto-release_70/llvm/utils/unittest/googletest/include -I/Users/buildslave/jenkins/workspace/clang-stage2-Rthinlto-release_70/llvm/utils/unittest/googlemock/include -fno-stack-protector -fno-common -Wno-profile-instr-unprofiled -fPIC -fvisibility-inlines-hidden -Werror=date-time -Werror=unguarded-availability-new -std=c++11 -fmodules -fmodules-cache-path=/Users/buildslave/jenkins/workspace/clang-stage2-Rthinlto-release_70/clang-build/Build/module.cache -fcxx-modules -gmodules -Wall -Wextra -Wno-unused-parameter -Wwrite-strings -Wcast-qual -Wmissing-field-initializers -pedantic -Wno-long-long -Wcovered-switch-default -Wnon-virtual-dtor -Wdelete-non-virtual-dtor -Wstring-conversion -fdiagnostics-color -flto=thin -O2 -g -DNDEBUG -isysroot /Applications/Xcode.app/Contents/Developer/Platforms/MacOSX.platform/Developer/SDKs/MacOSX10.14.sdk -fPIC    -fno-exceptions -fno-rtti -MD -MT unittests/Passes/CMakeFiles/TestPlugin.dir/TestPlugin.cpp.o -MF unittests/Passes/CMakeFiles/TestPlugin.dir/TestPlugin.cpp.o.d -o unittests/Passes/CMakeFiles/TestPlugin.dir/TestPlugin.cpp.o -c /Users/buildslave/jenkins/workspace/clang-stage2-Rthinlto-release_70/llvm/unittests/Passes/TestPlugin.cpp[3201/3408] /Users/buildslave/jenkins/workspace/clang-stage2-Rthinlto-release_70/host-compiler/bin/clang++  -DGTEST_HAS_RTTI=0 -DGTEST_HAS_TR1_TUPLE=0 -DGTEST_LANG_CXX11=1 -D__STDC_CONSTANT_MACROS -D__STDC_FORMAT_MACROS -D__STDC_LIMIT_MACROS -Iunittests/ProfileData -I/Users/buildslave/jenkins/workspace/clang-stage2-Rthinlto-release_70/llvm/unittests/ProfileData -I/Applications/Xcode.app/Contents/Developer/Platforms/MacOSX.platform/Developer/SDKs/MacOSX10.14.sdk/usr/include/libxml2 -Iinclude -I/Users/buildslave/jenkins/workspace/clang-stage2-Rthinlto-release_70/llvm/include -I/Users/buildslave/jenkins/workspace/clang-stage2-Rthinlto-release_70/llvm/utils/unittest/googletest/include -I/Users/buildslave/jenkins/workspace/clang-stage2-Rthinlto-release_70/llvm/utils/unittest/googlemock/include -fno-stack-protector -fno-common -Wno-profile-instr-unprofiled -fPIC -fvisibility-inlines-hidden -Werror=date-time -Werror=unguarded-availability-new -std=c++11 -fmodules -fmodules-cache-path=/Users/buildslave/jenkins/workspace/clang-stage2-Rthinlto-release_70/clang-build/Build/module.cache -fcxx-modules -gmodules -Wall -Wextra -Wno-unused-parameter -Wwrite-strings -Wcast-qual -Wmissing-field-initializers -pedantic -Wno-long-long -Wcovered-switch-default -Wnon-virtual-dtor -Wdelete-non-virtual-dtor -Wstring-conversion -fdiagnostics-color -flto=thin -O2 -g -DNDEBUG -isysroot /Applications/Xcode.app/Contents/Developer/Platforms/MacOSX.platform/Developer/SDKs/MacOSX10.14.sdk    -Wno-variadic-macros -Wno-gnu-zero-variadic-macro-arguments -fno-exceptions -fno-rtti -MD -MT unittests/ProfileData/CMakeFiles/ProfileDataTests.dir/InstrProfTest.cpp.o -MF unittests/ProfileData/CMakeFiles/ProfileDataTests.dir/InstrProfTest.cpp.o.d -o unittests/ProfileData/CMakeFiles/ProfileDataTests.dir/InstrProfTest.cpp.o -c /Users/buildslave/jenkins/workspace/clang-stage2-Rthinlto-release_70/llvm/unittests/ProfileData/InstrProfTest.cpp[3202/3408] /Users/buildslave/jenkins/workspace/clang-stage2-Rthinlto-release_70/host-compiler/bin/clang++  -DGTEST_HAS_RTTI=0 -DGTEST_HAS_TR1_TUPLE=0 -DGTEST_LANG_CXX11=1 -D__STDC_CONSTANT_MACROS -D__STDC_FORMAT_MACROS -D__STDC_LIMIT_MACROS -Iunittests/IR -I/Users/buildslave/jenkins/workspace/clang-stage2-Rthinlto-release_70/llvm/unittests/IR -I/Applications/Xcode.app/Contents/Developer/Platforms/MacOSX.platform/Developer/SDKs/MacOSX10.14.sdk/usr/include/libxml2 -Iinclude -I/Users/buildslave/jenkins/workspace/clang-stage2-Rthinlto-release_70/llvm/include -I/Users/buildslave/jenkins/workspace/clang-stage2-Rthinlto-release_70/llvm/utils/unittest/googletest/include -I/Users/buildslave/jenkins/workspace/clang-stage2-Rthinlto-release_70/llvm/utils/unittest/googlemock/include -fno-stack-protector -fno-common -Wno-profile-instr-unprofiled -fPIC -fvisibility-inlines-hidden -Werror=date-time -Werror=unguarded-availability-new -std=c++11 -fmodules -fmodules-cache-path=/Users/buildslave/jenkins/workspace/clang-stage2-Rthinlto-release_70/clang-build/Build/module.cache -fcxx-modules -gmodules -Wall -Wextra -Wno-unused-parameter -Wwrite-strings -Wcast-qual -Wmissing-field-initializers -pedantic -Wno-long-long -Wcovered-switch-default -Wnon-virtual-dtor -Wdelete-non-virtual-dtor -Wstring-conversion -fdiagnostics-color -flto=thin -O2 -g -DNDEBUG -isysroot /Applications/Xcode.app/Contents/Developer/Platforms/MacOSX.platform/Developer/SDKs/MacOSX10.14.sdk    -Wno-variadic-macros -Wno-gnu-zero-variadic-macro-arguments -fno-exceptions -fno-rtti -MD -MT unittests/IR/CMakeFiles/IRTests.dir/PassManagerTest.cpp.o -MF unittests/IR/CMakeFiles/IRTests.dir/PassManagerTest.cpp.o.d -o unittests/IR/CMakeFiles/IRTests.dir/PassManagerTest.cpp.o -c /Users/buildslave/jenkins/workspace/clang-stage2-Rthinlto-release_70/llvm/unittests/IR/PassManagerTest.cpp[3203/3408] /Users/buildslave/jenkins/workspace/clang-stage2-Rthinlto-release_70/host-compiler/bin/clang++  -DGTEST_HAS_RTTI=0 -DGTEST_HAS_TR1_TUPLE=0 -DGTEST_LANG_CXX11=1 -D__STDC_CONSTANT_MACROS -D__STDC_FORMAT_MACROS -D__STDC_LIMIT_MACROS -Iunittests/Transforms/Utils -I/Users/buildslave/jenkins/workspace/clang-stage2-Rthinlto-release_70/llvm/unittests/Transforms/Utils -I/Applications/Xcode.app/Contents/Developer/Platforms/MacOSX.platform/Developer/SDKs/MacOSX10.14.sdk/usr/include/libxml2 -Iinclude -I/Users/buildslave/jenkins/workspace/clang-stage2-Rthinlto-release_70/llvm/include -I/Users/buildslave/jenkins/workspace/clang-stage2-Rthinlto-release_70/llvm/utils/unittest/googletest/include -I/Users/buildslave/jenkins/workspace/clang-stage2-Rthinlto-release_70/llvm/utils/unittest/googlemock/include -fno-stack-protector -fno-common -Wno-profile-instr-unprofiled -fPIC -fvisibility-inlines-hidden -Werror=date-time -Werror=unguarded-availability-new -std=c++11 -fmodules -fmodules-cache-path=/Users/buildslave/jenkins/workspace/clang-stage2-Rthinlto-release_70/clang-build/Build/module.cache -fcxx-modules -gmodules -Wall -Wextra -Wno-unused-parameter -Wwrite-strings -Wcast-qual -Wmissing-field-initializers -pedantic -Wno-long-long -Wcovered-switch-default -Wnon-virtual-dtor -Wdelete-non-virtual-dtor -Wstring-conversion -fdiagnostics-color -flto=thin -O2 -g -DNDEBUG -isysroot /Applications/Xcode.app/Contents/Developer/Platforms/MacOSX.platform/Developer/SDKs/MacOSX10.14.sdk    -Wno-variadic-macros -Wno-gnu-zero-variadic-macro-arguments -fno-exceptions -fno-rtti -MD -MT unittests/Transforms/Utils/CMakeFiles/UtilsTests.dir/Local.cpp.o -MF unittests/Transforms/Utils/CMakeFiles/UtilsTests.dir/Local.cpp.o.d -o unittests/Transforms/Utils/CMakeFiles/UtilsTests.dir/Local.cpp.o -c /Users/buildslave/jenkins/workspace/clang-stage2-Rthinlto-release_70/llvm/unittests/Transforms/Utils/Local.cpp[3204/3408] /Users/buildslave/jenkins/workspace/clang-stage2-Rthinlto-release_70/host-compiler/bin/clang++  -DGTEST_HAS_RTTI=0 -DGTEST_HAS_TR1_TUPLE=0 -DGTEST_LANG_CXX11=1 -D__STDC_CONSTANT_MACROS -D__STDC_FORMAT_MACROS -D__STDC_LIMIT_MACROS -Iunittests/Transforms/Utils -I/Users/buildslave/jenkins/workspace/clang-stage2-Rthinlto-release_70/llvm/unittests/Transforms/Utils -I/Applications/Xcode.app/Contents/Developer/Platforms/MacOSX.platform/Developer/SDKs/MacOSX10.14.sdk/usr/include/libxml2 -Iinclude -I/Users/buildslave/jenkins/workspace/clang-stage2-Rthinlto-release_70/llvm/include -I/Users/buildslave/jenkins/workspace/clang-stage2-Rthinlto-release_70/llvm/utils/unittest/googletest/include -I/Users/buildslave/jenkins/workspace/clang-stage2-Rthinlto-release_70/llvm/utils/unittest/googlemock/include -fno-stack-protector -fno-common -Wno-profile-instr-unprofiled -fPIC -fvisibility-inlines-hidden -Werror=date-time -Werror=unguarded-availability-new -std=c++11 -fmodules -fmodules-cache-path=/Users/buildslave/jenkins/workspace/clang-stage2-Rthinlto-release_70/clang-build/Build/module.cache -fcxx-modules -gmodules -Wall -Wextra -Wno-unused-parameter -Wwrite-strings -Wcast-qual -Wmissing-field-initializers -pedantic -Wno-long-long -Wcovered-switch-default -Wnon-virtual-dtor -Wdelete-non-virtual-dtor -Wstring-conversion -fdiagnostics-color -flto=thin -O2 -g -DNDEBUG -isysroot /Applications/Xcode.app/Contents/Developer/Platforms/MacOSX.platform/Developer/SDKs/MacOSX10.14.sdk    -Wno-variadic-macros -Wno-gnu-zero-variadic-macro-arguments -fno-exceptions -fno-rtti -MD -MT unittests/Transforms/Utils/CMakeFiles/UtilsTests.dir/ValueMapperTest.cpp.o -MF unittests/Transforms/Utils/CMakeFiles/UtilsTests.dir/ValueMapperTest.cpp.o.d -o unittests/Transforms/Utils/CMakeFiles/UtilsTests.dir/ValueMapperTest.cpp.o -c /Users/buildslave/jenkins/workspace/clang-stage2-Rthinlto-release_70/llvm/unittests/Transforms/Utils/ValueMapperTest.cpp[3205/3408] /Users/buildslave/jenkins/workspace/clang-stage2-Rthinlto-release_70/host-compiler/bin/clang++  -DGTEST_HAS_RTTI=0 -DGTEST_HAS_TR1_TUPLE=0 -DGTEST_LANG_CXX11=1 -D__STDC_CONSTANT_MACROS -D__STDC_FORMAT_MACROS -D__STDC_LIMIT_MACROS -Iunittests/Transforms/Vectorize -I/Users/buildslave/jenkins/workspace/clang-stage2-Rthinlto-release_70/llvm/unittests/Transforms/Vectorize -I/Applications/Xcode.app/Contents/Developer/Platforms/MacOSX.platform/Developer/SDKs/MacOSX10.14.sdk/usr/include/libxml2 -Iinclude -I/Users/buildslave/jenkins/workspace/clang-stage2-Rthinlto-release_70/llvm/include -I/Users/buildslave/jenkins/workspace/clang-stage2-Rthinlto-release_70/llvm/utils/unittest/googletest/include -I/Users/buildslave/jenkins/workspace/clang-stage2-Rthinlto-release_70/llvm/utils/unittest/googlemock/include -fno-stack-protector -fno-common -Wno-profile-instr-unprofiled -fPIC -fvisibility-inlines-hidden -Werror=date-time -Werror=unguarded-availability-new -std=c++11 -fmodules -fmodules-cache-path=/Users/buildslave/jenkins/workspace/clang-stage2-Rthinlto-release_70/clang-build/Build/module.cache -fcxx-modules -gmodules -Wall -Wextra -Wno-unused-parameter -Wwrite-strings -Wcast-qual -Wmissing-field-initializers -pedantic -Wno-long-long -Wcovered-switch-default -Wnon-virtual-dtor -Wdelete-non-virtual-dtor -Wstring-conversion -fdiagnostics-color -flto=thin -O2 -g -DNDEBUG -isysroot /Applications/Xcode.app/Contents/Developer/Platforms/MacOSX.platform/Developer/SDKs/MacOSX10.14.sdk    -Wno-variadic-macros -Wno-gnu-zero-variadic-macro-arguments -fno-exceptions -fno-rtti -MD -MT unittests/Transforms/Vectorize/CMakeFiles/VectorizeTests.dir/VPlanTest.cpp.o -MF unittests/Transforms/Vectorize/CMakeFiles/VectorizeTests.dir/VPlanTest.cpp.o.d -o unittests/Transforms/Vectorize/CMakeFiles/VectorizeTests.dir/VPlanTest.cpp.o -c /Users/buildslave/jenkins/workspace/clang-stage2-Rthinlto-release_70/llvm/unittests/Transforms/Vectorize/VPlanTest.cpp[3206/3408] /Users/buildslave/jenkins/workspace/clang-stage2-Rthinlto-release_70/host-compiler/bin/clang++  -DGTEST_HAS_RTTI=0 -DGTEST_HAS_TR1_TUPLE=0 -DGTEST_LANG_CXX11=1 -D__STDC_CONSTANT_MACROS -D__STDC_FORMAT_MACROS -D__STDC_LIMIT_MACROS -Iunittests/Transforms/IPO -I/Users/buildslave/jenkins/workspace/clang-stage2-Rthinlto-release_70/llvm/unittests/Transforms/IPO -I/Applications/Xcode.app/Contents/Developer/Platforms/MacOSX.platform/Developer/SDKs/MacOSX10.14.sdk/usr/include/libxml2 -Iinclude -I/Users/buildslave/jenkins/workspace/clang-stage2-Rthinlto-release_70/llvm/include -I/Users/buildslave/jenkins/workspace/clang-stage2-Rthinlto-release_70/llvm/utils/unittest/googletest/include -I/Users/buildslave/jenkins/workspace/clang-stage2-Rthinlto-release_70/llvm/utils/unittest/googlemock/include -fno-stack-protector -fno-common -Wno-profile-instr-unprofiled -fPIC -fvisibility-inlines-hidden -Werror=date-time -Werror=unguarded-availability-new -std=c++11 -fmodules -fmodules-cache-path=/Users/buildslave/jenkins/workspace/clang-stage2-Rthinlto-release_70/clang-build/Build/module.cache -fcxx-modules -gmodules -Wall -Wextra -Wno-unused-parameter -Wwrite-strings -Wcast-qual -Wmissing-field-initializers -pedantic -Wno-long-long -Wcovered-switch-default -Wnon-virtual-dtor -Wdelete-non-virtual-dtor -Wstring-conversion -fdiagnostics-color -flto=thin -O2 -g -DNDEBUG -isysroot /Applications/Xcode.app/Contents/Developer/Platforms/MacOSX.platform/Developer/SDKs/MacOSX10.14.sdk    -Wno-variadic-macros -Wno-gnu-zero-variadic-macro-arguments -fno-exceptions -fno-rtti -MD -MT unittests/Transforms/IPO/CMakeFiles/IPOTests.dir/LowerTypeTests.cpp.o -MF unittests/Transforms/IPO/CMakeFiles/IPOTests.dir/LowerTypeTests.cpp.o.d -o unittests/Transforms/IPO/CMakeFiles/IPOTests.dir/LowerTypeTests.cpp.o -c /Users/buildslave/jenkins/workspace/clang-stage2-Rthinlto-release_70/llvm/unittests/Transforms/IPO/LowerTypeTests.cpp[3207/3408] /Users/buildslave/jenkins/workspace/clang-stage2-Rthinlto-release_70/host-compiler/bin/clang++  -DGTEST_HAS_RTTI=0 -DGTEST_HAS_TR1_TUPLE=0 -DGTEST_LANG_CXX11=1 -D__STDC_CONSTANT_MACROS -D__STDC_FORMAT_MACROS -D__STDC_LIMIT_MACROS -Iunittests/Transforms/Vectorize -I/Users/buildslave/jenkins/workspace/clang-stage2-Rthinlto-release_70/llvm/unittests/Transforms/Vectorize -I/Applications/Xcode.app/Contents/Developer/Platforms/MacOSX.platform/Developer/SDKs/MacOSX10.14.sdk/usr/include/libxml2 -Iinclude -I/Users/buildslave/jenkins/workspace/clang-stage2-Rthinlto-release_70/llvm/include -I/Users/buildslave/jenkins/workspace/clang-stage2-Rthinlto-release_70/llvm/utils/unittest/googletest/include -I/Users/buildslave/jenkins/workspace/clang-stage2-Rthinlto-release_70/llvm/utils/unittest/googlemock/include -fno-stack-protector -fno-common -Wno-profile-instr-unprofiled -fPIC -fvisibility-inlines-hidden -Werror=date-time -Werror=unguarded-availability-new -std=c++11 -fmodules -fmodules-cache-path=/Users/buildslave/jenkins/workspace/clang-stage2-Rthinlto-release_70/clang-build/Build/module.cache -fcxx-modules -gmodules -Wall -Wextra -Wno-unused-parameter -Wwrite-strings -Wcast-qual -Wmissing-field-initializers -pedantic -Wno-long-long -Wcovered-switch-default -Wnon-virtual-dtor -Wdelete-non-virtual-dtor -Wstring-conversion -fdiagnostics-color -flto=thin -O2 -g -DNDEBUG -isysroot /Applications/Xcode.app/Contents/Developer/Platforms/MacOSX.platform/Developer/SDKs/MacOSX10.14.sdk    -Wno-variadic-macros -Wno-gnu-zero-variadic-macro-arguments -fno-exceptions -fno-rtti -MD -MT unittests/Transforms/Vectorize/CMakeFiles/VectorizeTests.dir/VPlanHCFGTest.cpp.o -MF unittests/Transforms/Vectorize/CMakeFiles/VectorizeTests.dir/VPlanHCFGTest.cpp.o.d -o unittests/Transforms/Vectorize/CMakeFiles/VectorizeTests.dir/VPlanHCFGTest.cpp.o -c /Users/buildslave/jenkins/workspace/clang-stage2-Rthinlto-release_70/llvm/unittests/Transforms/Vectorize/VPlanHCFGTest.cpp[3208/3408] /Users/buildslave/jenkins/workspace/clang-stage2-Rthinlto-release_70/host-compiler/bin/clang++  -DGTEST_HAS_RTTI=0 -DGTEST_HAS_TR1_TUPLE=0 -DGTEST_LANG_CXX11=1 -D__STDC_CONSTANT_MACROS -D__STDC_FORMAT_MACROS -D__STDC_LIMIT_MACROS -Iunittests/tools/llvm-exegesis -I/Users/buildslave/jenkins/workspace/clang-stage2-Rthinlto-release_70/llvm/unittests/tools/llvm-exegesis -I/Applications/Xcode.app/Contents/Developer/Platforms/MacOSX.platform/Developer/SDKs/MacOSX10.14.sdk/usr/include/libxml2 -Iinclude -I/Users/buildslave/jenkins/workspace/clang-stage2-Rthinlto-release_70/llvm/include -I/Users/buildslave/jenkins/workspace/clang-stage2-Rthinlto-release_70/llvm/tools/llvm-exegesis/lib -I/Users/buildslave/jenkins/workspace/clang-stage2-Rthinlto-release_70/llvm/utils/unittest/googletest/include -I/Users/buildslave/jenkins/workspace/clang-stage2-Rthinlto-release_70/llvm/utils/unittest/googlemock/include -fno-stack-protector -fno-common -Wno-profile-instr-unprofiled -fPIC -fvisibility-inlines-hidden -Werror=date-time -Werror=unguarded-availability-new -std=c++11 -fmodules -fmodules-cache-path=/Users/buildslave/jenkins/workspace/clang-stage2-Rthinlto-release_70/clang-build/Build/module.cache -fcxx-modules -gmodules -Wall -Wextra -Wno-unused-parameter -Wwrite-strings -Wcast-qual -Wmissing-field-initializers -pedantic -Wno-long-long -Wcovered-switch-default -Wnon-virtual-dtor -Wdelete-non-virtual-dtor -Wstring-conversion -fdiagnostics-color -flto=thin -O2 -g -DNDEBUG -isysroot /Applications/Xcode.app/Contents/Developer/Platforms/MacOSX.platform/Developer/SDKs/MacOSX10.14.sdk    -Wno-variadic-macros -Wno-gnu-zero-variadic-macro-arguments -fno-exceptions -fno-rtti -MD -MT unittests/tools/llvm-exegesis/CMakeFiles/LLVMExegesisTests.dir/PerfHelperTest.cpp.o -MF unittests/tools/llvm-exegesis/CMakeFiles/LLVMExegesisTests.dir/PerfHelperTest.cpp.o.d -o unittests/tools/llvm-exegesis/CMakeFiles/LLVMExegesisTests.dir/PerfHelperTest.cpp.o -c /Users/buildslave/jenkins/workspace/clang-stage2-Rthinlto-release_70/llvm/unittests/tools/llvm-exegesis/PerfHelperTest.cpp[3209/3408] /Users/buildslave/jenkins/workspace/clang-stage2-Rthinlto-release_70/host-compiler/bin/clang++  -DGTEST_HAS_RTTI=0 -DGTEST_HAS_TR1_TUPLE=0 -DGTEST_LANG_CXX11=1 -D__STDC_CONSTANT_MACROS -D__STDC_FORMAT_MACROS -D__STDC_LIMIT_MACROS -Iunittests/Transforms/Vectorize -I/Users/buildslave/jenkins/workspace/clang-stage2-Rthinlto-release_70/llvm/unittests/Transforms/Vectorize -I/Applications/Xcode.app/Contents/Developer/Platforms/MacOSX.platform/Developer/SDKs/MacOSX10.14.sdk/usr/include/libxml2 -Iinclude -I/Users/buildslave/jenkins/workspace/clang-stage2-Rthinlto-release_70/llvm/include -I/Users/buildslave/jenkins/workspace/clang-stage2-Rthinlto-release_70/llvm/utils/unittest/googletest/include -I/Users/buildslave/jenkins/workspace/clang-stage2-Rthinlto-release_70/llvm/utils/unittest/googlemock/include -fno-stack-protector -fno-common -Wno-profile-instr-unprofiled -fPIC -fvisibility-inlines-hidden -Werror=date-time -Werror=unguarded-availability-new -std=c++11 -fmodules -fmodules-cache-path=/Users/buildslave/jenkins/workspace/clang-stage2-Rthinlto-release_70/clang-build/Build/module.cache -fcxx-modules -gmodules -Wall -Wextra -Wno-unused-parameter -Wwrite-strings -Wcast-qual -Wmissing-field-initializers -pedantic -Wno-long-long -Wcovered-switch-default -Wnon-virtual-dtor -Wdelete-non-virtual-dtor -Wstring-conversion -fdiagnostics-color -flto=thin -O2 -g -DNDEBUG -isysroot /Applications/Xcode.app/Contents/Developer/Platforms/MacOSX.platform/Developer/SDKs/MacOSX10.14.sdk    -Wno-variadic-macros -Wno-gnu-zero-variadic-macro-arguments -fno-exceptions -fno-rtti -MD -MT unittests/Transforms/Vectorize/CMakeFiles/VectorizeTests.dir/VPlanLoopInfoTest.cpp.o -MF unittests/Transforms/Vectorize/CMakeFiles/VectorizeTests.dir/VPlanLoopInfoTest.cpp.o.d -o unittests/Transforms/Vectorize/CMakeFiles/VectorizeTests.dir/VPlanLoopInfoTest.cpp.o -c /Users/buildslave/jenkins/workspace/clang-stage2-Rthinlto-release_70/llvm/unittests/Transforms/Vectorize/VPlanLoopInfoTest.cpp[3210/3408] /Users/buildslave/jenkins/workspace/clang-stage2-Rthinlto-release_70/host-compiler/bin/clang++  -DGTEST_HAS_RTTI=0 -DGTEST_HAS_TR1_TUPLE=0 -DGTEST_LANG_CXX11=1 -D__STDC_CONSTANT_MACROS -D__STDC_FORMAT_MACROS -D__STDC_LIMIT_MACROS -Iunittests/tools/llvm-exegesis -I/Users/buildslave/jenkins/workspace/clang-stage2-Rthinlto-release_70/llvm/unittests/tools/llvm-exegesis -I/Applications/Xcode.app/Contents/Developer/Platforms/MacOSX.platform/Developer/SDKs/MacOSX10.14.sdk/usr/include/libxml2 -Iinclude -I/Users/buildslave/jenkins/workspace/clang-stage2-Rthinlto-release_70/llvm/include -I/Users/buildslave/jenkins/workspace/clang-stage2-Rthinlto-release_70/llvm/tools/llvm-exegesis/lib -I/Users/buildslave/jenkins/workspace/clang-stage2-Rthinlto-release_70/llvm/utils/unittest/googletest/include -I/Users/buildslave/jenkins/workspace/clang-stage2-Rthinlto-release_70/llvm/utils/unittest/googlemock/include -fno-stack-protector -fno-common -Wno-profile-instr-unprofiled -fPIC -fvisibility-inlines-hidden -Werror=date-time -Werror=unguarded-availability-new -std=c++11 -fmodules -fmodules-cache-path=/Users/buildslave/jenkins/workspace/clang-stage2-Rthinlto-release_70/clang-build/Build/module.cache -fcxx-modules -gmodules -Wall -Wextra -Wno-unused-parameter -Wwrite-strings -Wcast-qual -Wmissing-field-initializers -pedantic -Wno-long-long -Wcovered-switch-default -Wnon-virtual-dtor -Wdelete-non-virtual-dtor -Wstring-conversion -fdiagnostics-color -flto=thin -O2 -g -DNDEBUG -isysroot /Applications/Xcode.app/Contents/Developer/Platforms/MacOSX.platform/Developer/SDKs/MacOSX10.14.sdk    -Wno-variadic-macros -Wno-gnu-zero-variadic-macro-arguments -fno-exceptions -fno-rtti -MD -MT unittests/tools/llvm-exegesis/CMakeFiles/LLVMExegesisTests.dir/BenchmarkResultTest.cpp.o -MF unittests/tools/llvm-exegesis/CMakeFiles/LLVMExegesisTests.dir/BenchmarkResultTest.cpp.o.d -o unittests/tools/llvm-exegesis/CMakeFiles/LLVMExegesisTests.dir/BenchmarkResultTest.cpp.o -c /Users/buildslave/jenkins/workspace/clang-stage2-Rthinlto-release_70/llvm/unittests/tools/llvm-exegesis/BenchmarkResultTest.cpp[3211/3408] /Users/buildslave/jenkins/workspace/clang-stage2-Rthinlto-release_70/host-compiler/bin/clang++  -DGTEST_HAS_RTTI=0 -DGTEST_HAS_TR1_TUPLE=0 -DGTEST_LANG_CXX11=1 -D__STDC_CONSTANT_MACROS -D__STDC_FORMAT_MACROS -D__STDC_LIMIT_MACROS -Iunittests/tools/llvm-exegesis/X86 -I/Users/buildslave/jenkins/workspace/clang-stage2-Rthinlto-release_70/llvm/unittests/tools/llvm-exegesis/X86 -I/Applications/Xcode.app/Contents/Developer/Platforms/MacOSX.platform/Developer/SDKs/MacOSX10.14.sdk/usr/include/libxml2 -Iinclude -I/Users/buildslave/jenkins/workspace/clang-stage2-Rthinlto-release_70/llvm/include -I/Users/buildslave/jenkins/workspace/clang-stage2-Rthinlto-release_70/llvm/tools/llvm-exegesis/lib -I/Users/buildslave/jenkins/workspace/clang-stage2-Rthinlto-release_70/llvm/utils/unittest/googletest/include -I/Users/buildslave/jenkins/workspace/clang-stage2-Rthinlto-release_70/llvm/utils/unittest/googlemock/include -I/Users/buildslave/jenkins/workspace/clang-stage2-Rthinlto-release_70/llvm/lib/Target/X86 -Ilib/Target/X86 -fno-stack-protector -fno-common -Wno-profile-instr-unprofiled -fPIC -fvisibility-inlines-hidden -Werror=date-time -Werror=unguarded-availability-new -std=c++11 -fmodules -fmodules-cache-path=/Users/buildslave/jenkins/workspace/clang-stage2-Rthinlto-release_70/clang-build/Build/module.cache -fcxx-modules -gmodules -Wall -Wextra -Wno-unused-parameter -Wwrite-strings -Wcast-qual -Wmissing-field-initializers -pedantic -Wno-long-long -Wcovered-switch-default -Wnon-virtual-dtor -Wdelete-non-virtual-dtor -Wstring-conversion -fdiagnostics-color -flto=thin -O2 -g -DNDEBUG -isysroot /Applications/Xcode.app/Contents/Developer/Platforms/MacOSX.platform/Developer/SDKs/MacOSX10.14.sdk    -Wno-variadic-macros -Wno-gnu-zero-variadic-macro-arguments -fno-exceptions -fno-rtti -MD -MT unittests/tools/llvm-exegesis/X86/CMakeFiles/LLVMExegesisX86Tests.dir/AnalysisTest.cpp.o -MF unittests/tools/llvm-exegesis/X86/CMakeFiles/LLVMExegesisX86Tests.dir/AnalysisTest.cpp.o.d -o unittests/tools/llvm-exegesis/X86/CMakeFiles/LLVMExegesisX86Tests.dir/AnalysisTest.cpp.o -c /Users/buildslave/jenkins/workspace/clang-stage2-Rthinlto-release_70/llvm/unittests/tools/llvm-exegesis/X86/AnalysisTest.cpp[3212/3408] /Users/buildslave/jenkins/workspace/clang-stage2-Rthinlto-release_70/host-compiler/bin/clang++  -DGTEST_HAS_RTTI=0 -DGTEST_HAS_TR1_TUPLE=0 -DGTEST_LANG_CXX11=1 -D__STDC_CONSTANT_MACROS -D__STDC_FORMAT_MACROS -D__STDC_LIMIT_MACROS -Iunittests/tools/llvm-exegesis -I/Users/buildslave/jenkins/workspace/clang-stage2-Rthinlto-release_70/llvm/unittests/tools/llvm-exegesis -I/Applications/Xcode.app/Contents/Developer/Platforms/MacOSX.platform/Developer/SDKs/MacOSX10.14.sdk/usr/include/libxml2 -Iinclude -I/Users/buildslave/jenkins/workspace/clang-stage2-Rthinlto-release_70/llvm/include -I/Users/buildslave/jenkins/workspace/clang-stage2-Rthinlto-release_70/llvm/tools/llvm-exegesis/lib -I/Users/buildslave/jenkins/workspace/clang-stage2-Rthinlto-release_70/llvm/utils/unittest/googletest/include -I/Users/buildslave/jenkins/workspace/clang-stage2-Rthinlto-release_70/llvm/utils/unittest/googlemock/include -fno-stack-protector -fno-common -Wno-profile-instr-unprofiled -fPIC -fvisibility-inlines-hidden -Werror=date-time -Werror=unguarded-availability-new -std=c++11 -fmodules -fmodules-cache-path=/Users/buildslave/jenkins/workspace/clang-stage2-Rthinlto-release_70/clang-build/Build/module.cache -fcxx-modules -gmodules -Wall -Wextra -Wno-unused-parameter -Wwrite-strings -Wcast-qual -Wmissing-field-initializers -pedantic -Wno-long-long -Wcovered-switch-default -Wnon-virtual-dtor -Wdelete-non-virtual-dtor -Wstring-conversion -fdiagnostics-color -flto=thin -O2 -g -DNDEBUG -isysroot /Applications/Xcode.app/Contents/Developer/Platforms/MacOSX.platform/Developer/SDKs/MacOSX10.14.sdk    -Wno-variadic-macros -Wno-gnu-zero-variadic-macro-arguments -fno-exceptions -fno-rtti -MD -MT unittests/tools/llvm-exegesis/CMakeFiles/LLVMExegesisTests.dir/ClusteringTest.cpp.o -MF unittests/tools/llvm-exegesis/CMakeFiles/LLVMExegesisTests.dir/ClusteringTest.cpp.o.d -o unittests/tools/llvm-exegesis/CMakeFiles/LLVMExegesisTests.dir/ClusteringTest.cpp.o -c /Users/buildslave/jenkins/workspace/clang-stage2-Rthinlto-release_70/llvm/unittests/tools/llvm-exegesis/ClusteringTest.cpp[3213/3408] /Users/buildslave/jenkins/workspace/clang-stage2-Rthinlto-release_70/host-compiler/bin/clang++  -DGTEST_HAS_RTTI=0 -DGTEST_HAS_TR1_TUPLE=0 -DGTEST_LANG_CXX11=1 -D__STDC_CONSTANT_MACROS -D__STDC_FORMAT_MACROS -D__STDC_LIMIT_MACROS -Iunittests/tools/llvm-cfi-verify -I/Users/buildslave/jenkins/workspace/clang-stage2-Rthinlto-release_70/llvm/unittests/tools/llvm-cfi-verify -I/Applications/Xcode.app/Contents/Developer/Platforms/MacOSX.platform/Developer/SDKs/MacOSX10.14.sdk/usr/include/libxml2 -Iinclude -I/Users/buildslave/jenkins/workspace/clang-stage2-Rthinlto-release_70/llvm/include -I/Users/buildslave/jenkins/workspace/clang-stage2-Rthinlto-release_70/llvm/utils/unittest/googletest/include -I/Users/buildslave/jenkins/workspace/clang-stage2-Rthinlto-release_70/llvm/utils/unittest/googlemock/include -fno-stack-protector -fno-common -Wno-profile-instr-unprofiled -fPIC -fvisibility-inlines-hidden -Werror=date-time -Werror=unguarded-availability-new -std=c++11 -fmodules -fmodules-cache-path=/Users/buildslave/jenkins/workspace/clang-stage2-Rthinlto-release_70/clang-build/Build/module.cache -fcxx-modules -gmodules -Wall -Wextra -Wno-unused-parameter -Wwrite-strings -Wcast-qual -Wmissing-field-initializers -pedantic -Wno-long-long -Wcovered-switch-default -Wnon-virtual-dtor -Wdelete-non-virtual-dtor -Wstring-conversion -fdiagnostics-color -flto=thin -O2 -g -DNDEBUG -isysroot /Applications/Xcode.app/Contents/Developer/Platforms/MacOSX.platform/Developer/SDKs/MacOSX10.14.sdk    -Wno-variadic-macros -Wno-gnu-zero-variadic-macro-arguments -fno-exceptions -fno-rtti -MD -MT unittests/tools/llvm-cfi-verify/CMakeFiles/CFIVerifyTests.dir/FileAnalysis.cpp.o -MF unittests/tools/llvm-cfi-verify/CMakeFiles/CFIVerifyTests.dir/FileAnalysis.cpp.o.d -o unittests/tools/llvm-cfi-verify/CMakeFiles/CFIVerifyTests.dir/FileAnalysis.cpp.o -c /Users/buildslave/jenkins/workspace/clang-stage2-Rthinlto-release_70/llvm/unittests/tools/llvm-cfi-verify/FileAnalysis.cpp[3214/3408] /Users/buildslave/jenkins/workspace/clang-stage2-Rthinlto-release_70/host-compiler/bin/clang++  -DGTEST_HAS_RTTI=0 -DGTEST_HAS_TR1_TUPLE=0 -DGTEST_LANG_CXX11=1 -D__STDC_CONSTANT_MACROS -D__STDC_FORMAT_MACROS -D__STDC_LIMIT_MACROS -Iunittests/tools/llvm-exegesis/X86 -I/Users/buildslave/jenkins/workspace/clang-stage2-Rthinlto-release_70/llvm/unittests/tools/llvm-exegesis/X86 -I/Applications/Xcode.app/Contents/Developer/Platforms/MacOSX.platform/Developer/SDKs/MacOSX10.14.sdk/usr/include/libxml2 -Iinclude -I/Users/buildslave/jenkins/workspace/clang-stage2-Rthinlto-release_70/llvm/include -I/Users/buildslave/jenkins/workspace/clang-stage2-Rthinlto-release_70/llvm/tools/llvm-exegesis/lib -I/Users/buildslave/jenkins/workspace/clang-stage2-Rthinlto-release_70/llvm/utils/unittest/googletest/include -I/Users/buildslave/jenkins/workspace/clang-stage2-Rthinlto-release_70/llvm/utils/unittest/googlemock/include -I/Users/buildslave/jenkins/workspace/clang-stage2-Rthinlto-release_70/llvm/lib/Target/X86 -Ilib/Target/X86 -fno-stack-protector -fno-common -Wno-profile-instr-unprofiled -fPIC -fvisibility-inlines-hidden -Werror=date-time -Werror=unguarded-availability-new -std=c++11 -fmodules -fmodules-cache-path=/Users/buildslave/jenkins/workspace/clang-stage2-Rthinlto-release_70/clang-build/Build/module.cache -fcxx-modules -gmodules -Wall -Wextra -Wno-unused-parameter -Wwrite-strings -Wcast-qual -Wmissing-field-initializers -pedantic -Wno-long-long -Wcovered-switch-default -Wnon-virtual-dtor -Wdelete-non-virtual-dtor -Wstring-conversion -fdiagnostics-color -flto=thin -O2 -g -DNDEBUG -isysroot /Applications/Xcode.app/Contents/Developer/Platforms/MacOSX.platform/Developer/SDKs/MacOSX10.14.sdk    -Wno-variadic-macros -Wno-gnu-zero-variadic-macro-arguments -fno-exceptions -fno-rtti -MD -MT unittests/tools/llvm-exegesis/X86/CMakeFiles/LLVMExegesisX86Tests.dir/AssemblerTest.cpp.o -MF unittests/tools/llvm-exegesis/X86/CMakeFiles/LLVMExegesisX86Tests.dir/AssemblerTest.cpp.o.d -o unittests/tools/llvm-exegesis/X86/CMakeFiles/LLVMExegesisX86Tests.dir/AssemblerTest.cpp.o -c /Users/buildslave/jenkins/workspace/clang-stage2-Rthinlto-release_70/llvm/unittests/tools/llvm-exegesis/X86/AssemblerTest.cpp[3215/3408] /Users/buildslave/jenkins/workspace/clang-stage2-Rthinlto-release_70/host-compiler/bin/clang++  -DGTEST_HAS_RTTI=0 -DGTEST_HAS_TR1_TUPLE=0 -DGTEST_LANG_CXX11=1 -D__STDC_CONSTANT_MACROS -D__STDC_FORMAT_MACROS -D__STDC_LIMIT_MACROS -Iunittests/Transforms/Vectorize -I/Users/buildslave/jenkins/workspace/clang-stage2-Rthinlto-release_70/llvm/unittests/Transforms/Vectorize -I/Applications/Xcode.app/Contents/Developer/Platforms/MacOSX.platform/Developer/SDKs/MacOSX10.14.sdk/usr/include/libxml2 -Iinclude -I/Users/buildslave/jenkins/workspace/clang-stage2-Rthinlto-release_70/llvm/include -I/Users/buildslave/jenkins/workspace/clang-stage2-Rthinlto-release_70/llvm/utils/unittest/googletest/include -I/Users/buildslave/jenkins/workspace/clang-stage2-Rthinlto-release_70/llvm/utils/unittest/googlemock/include -fno-stack-protector -fno-common -Wno-profile-instr-unprofiled -fPIC -fvisibility-inlines-hidden -Werror=date-time -Werror=unguarded-availability-new -std=c++11 -fmodules -fmodules-cache-path=/Users/buildslave/jenkins/workspace/clang-stage2-Rthinlto-release_70/clang-build/Build/module.cache -fcxx-modules -gmodules -Wall -Wextra -Wno-unused-parameter -Wwrite-strings -Wcast-qual -Wmissing-field-initializers -pedantic -Wno-long-long -Wcovered-switch-default -Wnon-virtual-dtor -Wdelete-non-virtual-dtor -Wstring-conversion -fdiagnostics-color -flto=thin -O2 -g -DNDEBUG -isysroot /Applications/Xcode.app/Contents/Developer/Platforms/MacOSX.platform/Developer/SDKs/MacOSX10.14.sdk    -Wno-variadic-macros -Wno-gnu-zero-variadic-macro-arguments -fno-exceptions -fno-rtti -MD -MT unittests/Transforms/Vectorize/CMakeFiles/VectorizeTests.dir/VPlanDominatorTreeTest.cpp.o -MF unittests/Transforms/Vectorize/CMakeFiles/VectorizeTests.dir/VPlanDominatorTreeTest.cpp.o.d -o unittests/Transforms/Vectorize/CMakeFiles/VectorizeTests.dir/VPlanDominatorTreeTest.cpp.o -c /Users/buildslave/jenkins/workspace/clang-stage2-Rthinlto-release_70/llvm/unittests/Transforms/Vectorize/VPlanDominatorTreeTest.cpp[3216/3408] /Users/buildslave/jenkins/workspace/clang-stage2-Rthinlto-release_70/host-compiler/bin/clang++  -DGTEST_HAS_RTTI=0 -DGTEST_HAS_TR1_TUPLE=0 -DGTEST_LANG_CXX11=1 -D__STDC_CONSTANT_MACROS -D__STDC_FORMAT_MACROS -D__STDC_LIMIT_MACROS -Iunittests/tools/llvm-exegesis/X86 -I/Users/buildslave/jenkins/workspace/clang-stage2-Rthinlto-release_70/llvm/unittests/tools/llvm-exegesis/X86 -I/Applications/Xcode.app/Contents/Developer/Platforms/MacOSX.platform/Developer/SDKs/MacOSX10.14.sdk/usr/include/libxml2 -Iinclude -I/Users/buildslave/jenkins/workspace/clang-stage2-Rthinlto-release_70/llvm/include -I/Users/buildslave/jenkins/workspace/clang-stage2-Rthinlto-release_70/llvm/tools/llvm-exegesis/lib -I/Users/buildslave/jenkins/workspace/clang-stage2-Rthinlto-release_70/llvm/utils/unittest/googletest/include -I/Users/buildslave/jenkins/workspace/clang-stage2-Rthinlto-release_70/llvm/utils/unittest/googlemock/include -I/Users/buildslave/jenkins/workspace/clang-stage2-Rthinlto-release_70/llvm/lib/Target/X86 -Ilib/Target/X86 -fno-stack-protector -fno-common -Wno-profile-instr-unprofiled -fPIC -fvisibility-inlines-hidden -Werror=date-time -Werror=unguarded-availability-new -std=c++11 -fmodules -fmodules-cache-path=/Users/buildslave/jenkins/workspace/clang-stage2-Rthinlto-release_70/clang-build/Build/module.cache -fcxx-modules -gmodules -Wall -Wextra -Wno-unused-parameter -Wwrite-strings -Wcast-qual -Wmissing-field-initializers -pedantic -Wno-long-long -Wcovered-switch-default -Wnon-virtual-dtor -Wdelete-non-virtual-dtor -Wstring-conversion -fdiagnostics-color -flto=thin -O2 -g -DNDEBUG -isysroot /Applications/Xcode.app/Contents/Developer/Platforms/MacOSX.platform/Developer/SDKs/MacOSX10.14.sdk    -Wno-variadic-macros -Wno-gnu-zero-variadic-macro-arguments -fno-exceptions -fno-rtti -MD -MT unittests/tools/llvm-exegesis/X86/CMakeFiles/LLVMExegesisX86Tests.dir/TargetTest.cpp.o -MF unittests/tools/llvm-exegesis/X86/CMakeFiles/LLVMExegesisX86Tests.dir/TargetTest.cpp.o.d -o unittests/tools/llvm-exegesis/X86/CMakeFiles/LLVMExegesisX86Tests.dir/TargetTest.cpp.o -c /Users/buildslave/jenkins/workspace/clang-stage2-Rthinlto-release_70/llvm/unittests/tools/llvm-exegesis/X86/TargetTest.cpp[3217/3408] /Users/buildslave/jenkins/workspace/clang-stage2-Rthinlto-release_70/host-compiler/bin/clang++  -DGTEST_HAS_RTTI=0 -DGTEST_HAS_TR1_TUPLE=0 -DGTEST_LANG_CXX11=1 -D__STDC_CONSTANT_MACROS -D__STDC_FORMAT_MACROS -D__STDC_LIMIT_MACROS -Iunittests/tools/llvm-exegesis/X86 -I/Users/buildslave/jenkins/workspace/clang-stage2-Rthinlto-release_70/llvm/unittests/tools/llvm-exegesis/X86 -I/Applications/Xcode.app/Contents/Developer/Platforms/MacOSX.platform/Developer/SDKs/MacOSX10.14.sdk/usr/include/libxml2 -Iinclude -I/Users/buildslave/jenkins/workspace/clang-stage2-Rthinlto-release_70/llvm/include -I/Users/buildslave/jenkins/workspace/clang-stage2-Rthinlto-release_70/llvm/tools/llvm-exegesis/lib -I/Users/buildslave/jenkins/workspace/clang-stage2-Rthinlto-release_70/llvm/utils/unittest/googletest/include -I/Users/buildslave/jenkins/workspace/clang-stage2-Rthinlto-release_70/llvm/utils/unittest/googlemock/include -I/Users/buildslave/jenkins/workspace/clang-stage2-Rthinlto-release_70/llvm/lib/Target/X86 -Ilib/Target/X86 -fno-stack-protector -fno-common -Wno-profile-instr-unprofiled -fPIC -fvisibility-inlines-hidden -Werror=date-time -Werror=unguarded-availability-new -std=c++11 -fmodules -fmodules-cache-path=/Users/buildslave/jenkins/workspace/clang-stage2-Rthinlto-release_70/clang-build/Build/module.cache -fcxx-modules -gmodules -Wall -Wextra -Wno-unused-parameter -Wwrite-strings -Wcast-qual -Wmissing-field-initializers -pedantic -Wno-long-long -Wcovered-switch-default -Wnon-virtual-dtor -Wdelete-non-virtual-dtor -Wstring-conversion -fdiagnostics-color -flto=thin -O2 -g -DNDEBUG -isysroot /Applications/Xcode.app/Contents/Developer/Platforms/MacOSX.platform/Developer/SDKs/MacOSX10.14.sdk    -Wno-variadic-macros -Wno-gnu-zero-variadic-macro-arguments -fno-exceptions -fno-rtti -MD -MT unittests/tools/llvm-exegesis/X86/CMakeFiles/LLVMExegesisX86Tests.dir/RegisterAliasingTest.cpp.o -MF unittests/tools/llvm-exegesis/X86/CMakeFiles/LLVMExegesisX86Tests.dir/RegisterAliasingTest.cpp.o.d -o unittests/tools/llvm-exegesis/X86/CMakeFiles/LLVMExegesisX86Tests.dir/RegisterAliasingTest.cpp.o -c /Users/buildslave/jenkins/workspace/clang-stage2-Rthinlto-release_70/llvm/unittests/tools/llvm-exegesis/X86/RegisterAliasingTest.cpp[3218/3408] /Users/buildslave/jenkins/workspace/clang-stage2-Rthinlto-release_70/host-compiler/bin/clang++  -DGTEST_HAS_RTTI=0 -DGTEST_HAS_TR1_TUPLE=0 -DGTEST_LANG_CXX11=1 -D__STDC_CONSTANT_MACROS -D__STDC_FORMAT_MACROS -D__STDC_LIMIT_MACROS -Iunittests/tools/llvm-exegesis/AArch64 -I/Users/buildslave/jenkins/workspace/clang-stage2-Rthinlto-release_70/llvm/unittests/tools/llvm-exegesis/AArch64 -I/Applications/Xcode.app/Contents/Developer/Platforms/MacOSX.platform/Developer/SDKs/MacOSX10.14.sdk/usr/include/libxml2 -Iinclude -I/Users/buildslave/jenkins/workspace/clang-stage2-Rthinlto-release_70/llvm/include -I/Users/buildslave/jenkins/workspace/clang-stage2-Rthinlto-release_70/llvm/tools/llvm-exegesis/lib -I/Users/buildslave/jenkins/workspace/clang-stage2-Rthinlto-release_70/llvm/utils/unittest/googletest/include -I/Users/buildslave/jenkins/workspace/clang-stage2-Rthinlto-release_70/llvm/utils/unittest/googlemock/include -I/Users/buildslave/jenkins/workspace/clang-stage2-Rthinlto-release_70/llvm/lib/Target/AArch64 -Ilib/Target/AArch64 -fno-stack-protector -fno-common -Wno-profile-instr-unprofiled -fPIC -fvisibility-inlines-hidden -Werror=date-time -Werror=unguarded-availability-new -std=c++11 -fmodules -fmodules-cache-path=/Users/buildslave/jenkins/workspace/clang-stage2-Rthinlto-release_70/clang-build/Build/module.cache -fcxx-modules -gmodules -Wall -Wextra -Wno-unused-parameter -Wwrite-strings -Wcast-qual -Wmissing-field-initializers -pedantic -Wno-long-long -Wcovered-switch-default -Wnon-virtual-dtor -Wdelete-non-virtual-dtor -Wstring-conversion -fdiagnostics-color -flto=thin -O2 -g -DNDEBUG -isysroot /Applications/Xcode.app/Contents/Developer/Platforms/MacOSX.platform/Developer/SDKs/MacOSX10.14.sdk    -Wno-variadic-macros -Wno-gnu-zero-variadic-macro-arguments -fno-exceptions -fno-rtti -MD -MT unittests/tools/llvm-exegesis/AArch64/CMakeFiles/LLVMExegesisAArch64Tests.dir/TargetTest.cpp.o -MF unittests/tools/llvm-exegesis/AArch64/CMakeFiles/LLVMExegesisAArch64Tests.dir/TargetTest.cpp.o.d -o unittests/tools/llvm-exegesis/AArch64/CMakeFiles/LLVMExegesisAArch64Tests.dir/TargetTest.cpp.o -c /Users/buildslave/jenkins/workspace/clang-stage2-Rthinlto-release_70/llvm/unittests/tools/llvm-exegesis/AArch64/TargetTest.cpp[3219/3408] /Users/buildslave/jenkins/workspace/clang-stage2-Rthinlto-release_70/host-compiler/bin/clang++  -DGTEST_HAS_RTTI=0 -DGTEST_HAS_TR1_TUPLE=0 -DGTEST_LANG_CXX11=1 -D__STDC_CONSTANT_MACROS -D__STDC_FORMAT_MACROS -D__STDC_LIMIT_MACROS -Iunittests/tools/llvm-exegesis/ARM -I/Users/buildslave/jenkins/workspace/clang-stage2-Rthinlto-release_70/llvm/unittests/tools/llvm-exegesis/ARM -I/Applications/Xcode.app/Contents/Developer/Platforms/MacOSX.platform/Developer/SDKs/MacOSX10.14.sdk/usr/include/libxml2 -Iinclude -I/Users/buildslave/jenkins/workspace/clang-stage2-Rthinlto-release_70/llvm/include -I/Users/buildslave/jenkins/workspace/clang-stage2-Rthinlto-release_70/llvm/tools/llvm-exegesis/lib -I/Users/buildslave/jenkins/workspace/clang-stage2-Rthinlto-release_70/llvm/utils/unittest/googletest/include -I/Users/buildslave/jenkins/workspace/clang-stage2-Rthinlto-release_70/llvm/utils/unittest/googlemock/include -I/Users/buildslave/jenkins/workspace/clang-stage2-Rthinlto-release_70/llvm/lib/Target/ARM -Ilib/Target/ARM -fno-stack-protector -fno-common -Wno-profile-instr-unprofiled -fPIC -fvisibility-inlines-hidden -Werror=date-time -Werror=unguarded-availability-new -std=c++11 -fmodules -fmodules-cache-path=/Users/buildslave/jenkins/workspace/clang-stage2-Rthinlto-release_70/clang-build/Build/module.cache -fcxx-modules -gmodules -Wall -Wextra -Wno-unused-parameter -Wwrite-strings -Wcast-qual -Wmissing-field-initializers -pedantic -Wno-long-long -Wcovered-switch-default -Wnon-virtual-dtor -Wdelete-non-virtual-dtor -Wstring-conversion -fdiagnostics-color -flto=thin -O2 -g -DNDEBUG -isysroot /Applications/Xcode.app/Contents/Developer/Platforms/MacOSX.platform/Developer/SDKs/MacOSX10.14.sdk    -Wno-variadic-macros -Wno-gnu-zero-variadic-macro-arguments -fno-exceptions -fno-rtti -MD -MT unittests/tools/llvm-exegesis/ARM/CMakeFiles/LLVMExegesisARMTests.dir/AssemblerTest.cpp.o -MF unittests/tools/llvm-exegesis/ARM/CMakeFiles/LLVMExegesisARMTests.dir/AssemblerTest.cpp.o.d -o unittests/tools/llvm-exegesis/ARM/CMakeFiles/LLVMExegesisARMTests.dir/AssemblerTest.cpp.o -c /Users/buildslave/jenkins/workspace/clang-stage2-Rthinlto-release_70/llvm/unittests/tools/llvm-exegesis/ARM/AssemblerTest.cpp[3220/3408] /Users/buildslave/jenkins/workspace/clang-stage2-Rthinlto-release_70/host-compiler/bin/clang++  -DGTEST_HAS_RTTI=0 -DGTEST_HAS_TR1_TUPLE=0 -DGTEST_LANG_CXX11=1 -D__STDC_CONSTANT_MACROS -D__STDC_FORMAT_MACROS -D__STDC_LIMIT_MACROS -Iunittests/tools/llvm-exegesis/X86 -I/Users/buildslave/jenkins/workspace/clang-stage2-Rthinlto-release_70/llvm/unittests/tools/llvm-exegesis/X86 -I/Applications/Xcode.app/Contents/Developer/Platforms/MacOSX.platform/Developer/SDKs/MacOSX10.14.sdk/usr/include/libxml2 -Iinclude -I/Users/buildslave/jenkins/workspace/clang-stage2-Rthinlto-release_70/llvm/include -I/Users/buildslave/jenkins/workspace/clang-stage2-Rthinlto-release_70/llvm/tools/llvm-exegesis/lib -I/Users/buildslave/jenkins/workspace/clang-stage2-Rthinlto-release_70/llvm/utils/unittest/googletest/include -I/Users/buildslave/jenkins/workspace/clang-stage2-Rthinlto-release_70/llvm/utils/unittest/googlemock/include -I/Users/buildslave/jenkins/workspace/clang-stage2-Rthinlto-release_70/llvm/lib/Target/X86 -Ilib/Target/X86 -fno-stack-protector -fno-common -Wno-profile-instr-unprofiled -fPIC -fvisibility-inlines-hidden -Werror=date-time -Werror=unguarded-availability-new -std=c++11 -fmodules -fmodules-cache-path=/Users/buildslave/jenkins/workspace/clang-stage2-Rthinlto-release_70/clang-build/Build/module.cache -fcxx-modules -gmodules -Wall -Wextra -Wno-unused-parameter -Wwrite-strings -Wcast-qual -Wmissing-field-initializers -pedantic -Wno-long-long -Wcovered-switch-default -Wnon-virtual-dtor -Wdelete-non-virtual-dtor -Wstring-conversion -fdiagnostics-color -flto=thin -O2 -g -DNDEBUG -isysroot /Applications/Xcode.app/Contents/Developer/Platforms/MacOSX.platform/Developer/SDKs/MacOSX10.14.sdk    -Wno-variadic-macros -Wno-gnu-zero-variadic-macro-arguments -fno-exceptions -fno-rtti -MD -MT unittests/tools/llvm-exegesis/X86/CMakeFiles/LLVMExegesisX86Tests.dir/SnippetGeneratorTest.cpp.o -MF unittests/tools/llvm-exegesis/X86/CMakeFiles/LLVMExegesisX86Tests.dir/SnippetGeneratorTest.cpp.o.d -o unittests/tools/llvm-exegesis/X86/CMakeFiles/LLVMExegesisX86Tests.dir/SnippetGeneratorTest.cpp.o -c /Users/buildslave/jenkins/workspace/clang-stage2-Rthinlto-release_70/llvm/unittests/tools/llvm-exegesis/X86/SnippetGeneratorTest.cpp[3221/3408] /Users/buildslave/jenkins/workspace/clang-stage2-Rthinlto-release_70/host-compiler/bin/clang++  -DCLANG_REPOSITORY_STRING=\\\"master\\\" -DCLANG_VENDOR=\"\\\"Apple \\\"\" -DGTEST_HAS_RTTI=0 -DGTEST_HAS_TR1_TUPLE=0 -DGTEST_LANG_CXX11=1 -D_GNU_SOURCE -D__STDC_CONSTANT_MACROS -D__STDC_FORMAT_MACROS -D__STDC_LIMIT_MACROS -Itools/clang/unittests/Tooling -I/Users/buildslave/jenkins/workspace/clang-stage2-Rthinlto-release_70/llvm/tools/clang/unittests/Tooling -I/Users/buildslave/jenkins/workspace/clang-stage2-Rthinlto-release_70/llvm/tools/clang/include -Itools/clang/include -I/Applications/Xcode.app/Contents/Developer/Platforms/MacOSX.platform/Developer/SDKs/MacOSX10.14.sdk/usr/include/libxml2 -Iinclude -I/Users/buildslave/jenkins/workspace/clang-stage2-Rthinlto-release_70/llvm/include -I/Users/buildslave/jenkins/workspace/clang-stage2-Rthinlto-release_70/llvm/utils/unittest/googletest/include -I/Users/buildslave/jenkins/workspace/clang-stage2-Rthinlto-release_70/llvm/utils/unittest/googlemock/include -fno-stack-protector -fno-common -Wno-profile-instr-unprofiled -fPIC -fvisibility-inlines-hidden -Werror=date-time -Werror=unguarded-availability-new -std=c++11 -fmodules -fmodules-cache-path=/Users/buildslave/jenkins/workspace/clang-stage2-Rthinlto-release_70/clang-build/Build/module.cache -fcxx-modules -gmodules -Wall -Wextra -Wno-unused-parameter -Wwrite-strings -Wcast-qual -Wmissing-field-initializers -pedantic -Wno-long-long -Wcovered-switch-default -Wnon-virtual-dtor -Wdelete-non-virtual-dtor -Wstring-conversion -fdiagnostics-color -flto=thin -fno-common -Woverloaded-virtual -Wno-nested-anon-types -O2 -g -DNDEBUG -isysroot /Applications/Xcode.app/Contents/Developer/Platforms/MacOSX.platform/Developer/SDKs/MacOSX10.14.sdk    -Wno-variadic-macros -Wno-gnu-zero-variadic-macro-arguments -fno-exceptions -fno-rtti -MD -MT tools/clang/unittests/Tooling/CMakeFiles/ToolingTests.dir/RecursiveASTVisitorTests/TemplateArgumentLocTraverser.cpp.o -MF tools/clang/unittests/Tooling/CMakeFiles/ToolingTests.dir/RecursiveASTVisitorTests/TemplateArgumentLocTraverser.cpp.o.d -o tools/clang/unittests/Tooling/CMakeFiles/ToolingTests.dir/RecursiveASTVisitorTests/TemplateArgumentLocTraverser.cpp.o -c /Users/buildslave/jenkins/workspace/clang-stage2-Rthinlto-release_70/llvm/tools/clang/unittests/Tooling/RecursiveASTVisitorTests/TemplateArgumentLocTraverser.cpp[3222/3408] /Users/buildslave/jenkins/workspace/clang-stage2-Rthinlto-release_70/host-compiler/bin/clang++  -DGTEST_HAS_RTTI=0 -DGTEST_HAS_TR1_TUPLE=0 -DGTEST_LANG_CXX11=1 -D__STDC_CONSTANT_MACROS -D__STDC_FORMAT_MACROS -D__STDC_LIMIT_MACROS -Iunittests/tools/llvm-cfi-verify -I/Users/buildslave/jenkins/workspace/clang-stage2-Rthinlto-release_70/llvm/unittests/tools/llvm-cfi-verify -I/Applications/Xcode.app/Contents/Developer/Platforms/MacOSX.platform/Developer/SDKs/MacOSX10.14.sdk/usr/include/libxml2 -Iinclude -I/Users/buildslave/jenkins/workspace/clang-stage2-Rthinlto-release_70/llvm/include -I/Users/buildslave/jenkins/workspace/clang-stage2-Rthinlto-release_70/llvm/utils/unittest/googletest/include -I/Users/buildslave/jenkins/workspace/clang-stage2-Rthinlto-release_70/llvm/utils/unittest/googlemock/include -fno-stack-protector -fno-common -Wno-profile-instr-unprofiled -fPIC -fvisibility-inlines-hidden -Werror=date-time -Werror=unguarded-availability-new -std=c++11 -fmodules -fmodules-cache-path=/Users/buildslave/jenkins/workspace/clang-stage2-Rthinlto-release_70/clang-build/Build/module.cache -fcxx-modules -gmodules -Wall -Wextra -Wno-unused-parameter -Wwrite-strings -Wcast-qual -Wmissing-field-initializers -pedantic -Wno-long-long -Wcovered-switch-default -Wnon-virtual-dtor -Wdelete-non-virtual-dtor -Wstring-conversion -fdiagnostics-color -flto=thin -O2 -g -DNDEBUG -isysroot /Applications/Xcode.app/Contents/Developer/Platforms/MacOSX.platform/Developer/SDKs/MacOSX10.14.sdk    -Wno-variadic-macros -Wno-gnu-zero-variadic-macro-arguments -fno-exceptions -fno-rtti -MD -MT unittests/tools/llvm-cfi-verify/CMakeFiles/CFIVerifyTests.dir/GraphBuilder.cpp.o -MF unittests/tools/llvm-cfi-verify/CMakeFiles/CFIVerifyTests.dir/GraphBuilder.cpp.o.d -o unittests/tools/llvm-cfi-verify/CMakeFiles/CFIVerifyTests.dir/GraphBuilder.cpp.o -c /Users/buildslave/jenkins/workspace/clang-stage2-Rthinlto-release_70/llvm/unittests/tools/llvm-cfi-verify/GraphBuilder.cpp[3223/3408] /Users/buildslave/jenkins/workspace/clang-stage2-Rthinlto-release_70/host-compiler/bin/clang++  -DGTEST_HAS_RTTI=0 -DGTEST_HAS_TR1_TUPLE=0 -DGTEST_LANG_CXX11=1 -D__STDC_CONSTANT_MACROS -D__STDC_FORMAT_MACROS -D__STDC_LIMIT_MACROS -Iunittests/XRay -I/Users/buildslave/jenkins/workspace/clang-stage2-Rthinlto-release_70/llvm/unittests/XRay -I/Applications/Xcode.app/Contents/Developer/Platforms/MacOSX.platform/Developer/SDKs/MacOSX10.14.sdk/usr/include/libxml2 -Iinclude -I/Users/buildslave/jenkins/workspace/clang-stage2-Rthinlto-release_70/llvm/include -I/Users/buildslave/jenkins/workspace/clang-stage2-Rthinlto-release_70/llvm/utils/unittest/googletest/include -I/Users/buildslave/jenkins/workspace/clang-stage2-Rthinlto-release_70/llvm/utils/unittest/googlemock/include -fno-stack-protector -fno-common -Wno-profile-instr-unprofiled -fPIC -fvisibility-inlines-hidden -Werror=date-time -Werror=unguarded-availability-new -std=c++11 -fmodules -fmodules-cache-path=/Users/buildslave/jenkins/workspace/clang-stage2-Rthinlto-release_70/clang-build/Build/module.cache -fcxx-modules -gmodules -Wall -Wextra -Wno-unused-parameter -Wwrite-strings -Wcast-qual -Wmissing-field-initializers -pedantic -Wno-long-long -Wcovered-switch-default -Wnon-virtual-dtor -Wdelete-non-virtual-dtor -Wstring-conversion -fdiagnostics-color -flto=thin -O2 -g -DNDEBUG -isysroot /Applications/Xcode.app/Contents/Developer/Platforms/MacOSX.platform/Developer/SDKs/MacOSX10.14.sdk    -Wno-variadic-macros -Wno-gnu-zero-variadic-macro-arguments -fno-exceptions -fno-rtti -MD -MT unittests/XRay/CMakeFiles/XRayTests.dir/GraphTest.cpp.o -MF unittests/XRay/CMakeFiles/XRayTests.dir/GraphTest.cpp.o.d -o unittests/XRay/CMakeFiles/XRayTests.dir/GraphTest.cpp.o -c /Users/buildslave/jenkins/workspace/clang-stage2-Rthinlto-release_70/llvm/unittests/XRay/GraphTest.cpp[3224/3408] /Users/buildslave/jenkins/workspace/clang-stage2-Rthinlto-release_70/host-compiler/bin/clang++  -DCLANG_REPOSITORY_STRING=\\\"master\\\" -DCLANG_VENDOR=\"\\\"Apple \\\"\" -DGTEST_HAS_RTTI=0 -DGTEST_HAS_TR1_TUPLE=0 -DGTEST_LANG_CXX11=1 -D_GNU_SOURCE -D__STDC_CONSTANT_MACROS -D__STDC_FORMAT_MACROS -D__STDC_LIMIT_MACROS -Itools/clang/unittests/Tooling -I/Users/buildslave/jenkins/workspace/clang-stage2-Rthinlto-release_70/llvm/tools/clang/unittests/Tooling -I/Users/buildslave/jenkins/workspace/clang-stage2-Rthinlto-release_70/llvm/tools/clang/include -Itools/clang/include -I/Applications/Xcode.app/Contents/Developer/Platforms/MacOSX.platform/Developer/SDKs/MacOSX10.14.sdk/usr/include/libxml2 -Iinclude -I/Users/buildslave/jenkins/workspace/clang-stage2-Rthinlto-release_70/llvm/include -I/Users/buildslave/jenkins/workspace/clang-stage2-Rthinlto-release_70/llvm/utils/unittest/googletest/include -I/Users/buildslave/jenkins/workspace/clang-stage2-Rthinlto-release_70/llvm/utils/unittest/googlemock/include -fno-stack-protector -fno-common -Wno-profile-instr-unprofiled -fPIC -fvisibility-inlines-hidden -Werror=date-time -Werror=unguarded-availability-new -std=c++11 -fmodules -fmodules-cache-path=/Users/buildslave/jenkins/workspace/clang-stage2-Rthinlto-release_70/clang-build/Build/module.cache -fcxx-modules -gmodules -Wall -Wextra -Wno-unused-parameter -Wwrite-strings -Wcast-qual -Wmissing-field-initializers -pedantic -Wno-long-long -Wcovered-switch-default -Wnon-virtual-dtor -Wdelete-non-virtual-dtor -Wstring-conversion -fdiagnostics-color -flto=thin -fno-common -Woverloaded-virtual -Wno-nested-anon-types -O2 -g -DNDEBUG -isysroot /Applications/Xcode.app/Contents/Developer/Platforms/MacOSX.platform/Developer/SDKs/MacOSX10.14.sdk    -Wno-variadic-macros -Wno-gnu-zero-variadic-macro-arguments -fno-exceptions -fno-rtti -MD -MT tools/clang/unittests/Tooling/CMakeFiles/ToolingTests.dir/RecursiveASTVisitorTestPostOrderVisitor.cpp.o -MF tools/clang/unittests/Tooling/CMakeFiles/ToolingTests.dir/RecursiveASTVisitorTestPostOrderVisitor.cpp.o.d -o tools/clang/unittests/Tooling/CMakeFiles/ToolingTests.dir/RecursiveASTVisitorTestPostOrderVisitor.cpp.o -c /Users/buildslave/jenkins/workspace/clang-stage2-Rthinlto-release_70/llvm/tools/clang/unittests/Tooling/RecursiveASTVisitorTestPostOrderVisitor.cpp[3225/3408] /Users/buildslave/jenkins/workspace/clang-stage2-Rthinlto-release_70/host-compiler/bin/clang++  -DCLANG_REPOSITORY_STRING=\\\"master\\\" -DCLANG_VENDOR=\"\\\"Apple \\\"\" -DGTEST_HAS_RTTI=0 -DGTEST_HAS_TR1_TUPLE=0 -DGTEST_LANG_CXX11=1 -D_GNU_SOURCE -D__STDC_CONSTANT_MACROS -D__STDC_FORMAT_MACROS -D__STDC_LIMIT_MACROS -Itools/clang/unittests/Tooling -I/Users/buildslave/jenkins/workspace/clang-stage2-Rthinlto-release_70/llvm/tools/clang/unittests/Tooling -I/Users/buildslave/jenkins/workspace/clang-stage2-Rthinlto-release_70/llvm/tools/clang/include -Itools/clang/include -I/Applications/Xcode.app/Contents/Developer/Platforms/MacOSX.platform/Developer/SDKs/MacOSX10.14.sdk/usr/include/libxml2 -Iinclude -I/Users/buildslave/jenkins/workspace/clang-stage2-Rthinlto-release_70/llvm/include -I/Users/buildslave/jenkins/workspace/clang-stage2-Rthinlto-release_70/llvm/utils/unittest/googletest/include -I/Users/buildslave/jenkins/workspace/clang-stage2-Rthinlto-release_70/llvm/utils/unittest/googlemock/include -fno-stack-protector -fno-common -Wno-profile-instr-unprofiled -fPIC -fvisibility-inlines-hidden -Werror=date-time -Werror=unguarded-availability-new -std=c++11 -fmodules -fmodules-cache-path=/Users/buildslave/jenkins/workspace/clang-stage2-Rthinlto-release_70/clang-build/Build/module.cache -fcxx-modules -gmodules -Wall -Wextra -Wno-unused-parameter -Wwrite-strings -Wcast-qual -Wmissing-field-initializers -pedantic -Wno-long-long -Wcovered-switch-default -Wnon-virtual-dtor -Wdelete-non-virtual-dtor -Wstring-conversion -fdiagnostics-color -flto=thin -fno-common -Woverloaded-virtual -Wno-nested-anon-types -O2 -g -DNDEBUG -isysroot /Applications/Xcode.app/Contents/Developer/Platforms/MacOSX.platform/Developer/SDKs/MacOSX10.14.sdk    -Wno-variadic-macros -Wno-gnu-zero-variadic-macro-arguments -fno-exceptions -fno-rtti -MD -MT tools/clang/unittests/Tooling/CMakeFiles/ToolingTests.dir/RecursiveASTVisitorTestTypeLocVisitor.cpp.o -MF tools/clang/unittests/Tooling/CMakeFiles/ToolingTests.dir/RecursiveASTVisitorTestTypeLocVisitor.cpp.o.d -o tools/clang/unittests/Tooling/CMakeFiles/ToolingTests.dir/RecursiveASTVisitorTestTypeLocVisitor.cpp.o -c /Users/buildslave/jenkins/workspace/clang-stage2-Rthinlto-release_70/llvm/tools/clang/unittests/Tooling/RecursiveASTVisitorTestTypeLocVisitor.cpp[3226/3408] /Users/buildslave/jenkins/workspace/clang-stage2-Rthinlto-release_70/host-compiler/bin/clang++  -DGTEST_HAS_RTTI=0 -DGTEST_HAS_TR1_TUPLE=0 -DGTEST_LANG_CXX11=1 -D__STDC_CONSTANT_MACROS -D__STDC_FORMAT_MACROS -D__STDC_LIMIT_MACROS -Iunittests/Analysis -I/Users/buildslave/jenkins/workspace/clang-stage2-Rthinlto-release_70/llvm/unittests/Analysis -I/Applications/Xcode.app/Contents/Developer/Platforms/MacOSX.platform/Developer/SDKs/MacOSX10.14.sdk/usr/include/libxml2 -Iinclude -I/Users/buildslave/jenkins/workspace/clang-stage2-Rthinlto-release_70/llvm/include -I/Users/buildslave/jenkins/workspace/clang-stage2-Rthinlto-release_70/llvm/utils/unittest/googletest/include -I/Users/buildslave/jenkins/workspace/clang-stage2-Rthinlto-release_70/llvm/utils/unittest/googlemock/include -fno-stack-protector -fno-common -Wno-profile-instr-unprofiled -fPIC -fvisibility-inlines-hidden -Werror=date-time -Werror=unguarded-availability-new -std=c++11 -fmodules -fmodules-cache-path=/Users/buildslave/jenkins/workspace/clang-stage2-Rthinlto-release_70/clang-build/Build/module.cache -fcxx-modules -gmodules -Wall -Wextra -Wno-unused-parameter -Wwrite-strings -Wcast-qual -Wmissing-field-initializers -pedantic -Wno-long-long -Wcovered-switch-default -Wnon-virtual-dtor -Wdelete-non-virtual-dtor -Wstring-conversion -fdiagnostics-color -flto=thin -O2 -g -DNDEBUG -isysroot /Applications/Xcode.app/Contents/Developer/Platforms/MacOSX.platform/Developer/SDKs/MacOSX10.14.sdk    -Wno-variadic-macros -Wno-gnu-zero-variadic-macro-arguments -fno-exceptions -fno-rtti -MD -MT unittests/Analysis/CMakeFiles/AnalysisTests.dir/LazyCallGraphTest.cpp.o -MF unittests/Analysis/CMakeFiles/AnalysisTests.dir/LazyCallGraphTest.cpp.o.d -o unittests/Analysis/CMakeFiles/AnalysisTests.dir/LazyCallGraphTest.cpp.o -c /Users/buildslave/jenkins/workspace/clang-stage2-Rthinlto-release_70/llvm/unittests/Analysis/LazyCallGraphTest.cpp[3227/3408] /Users/buildslave/jenkins/workspace/clang-stage2-Rthinlto-release_70/host-compiler/bin/clang++  -DCLANG_REPOSITORY_STRING=\\\"master\\\" -DCLANG_VENDOR=\"\\\"Apple \\\"\" -DGTEST_HAS_RTTI=0 -D_GNU_SOURCE -D__STDC_CONSTANT_MACROS -D__STDC_FORMAT_MACROS -D__STDC_LIMIT_MACROS -Itools/clang/lib/Sema -I/Users/buildslave/jenkins/workspace/clang-stage2-Rthinlto-release_70/llvm/tools/clang/lib/Sema -I/Users/buildslave/jenkins/workspace/clang-stage2-Rthinlto-release_70/llvm/tools/clang/include -Itools/clang/include -I/Applications/Xcode.app/Contents/Developer/Platforms/MacOSX.platform/Developer/SDKs/MacOSX10.14.sdk/usr/include/libxml2 -Iinclude -I/Users/buildslave/jenkins/workspace/clang-stage2-Rthinlto-release_70/llvm/include -fno-stack-protector -fno-common -Wno-profile-instr-unprofiled -fPIC -fvisibility-inlines-hidden -Werror=date-time -Werror=unguarded-availability-new -std=c++11 -fmodules -fmodules-cache-path=/Users/buildslave/jenkins/workspace/clang-stage2-Rthinlto-release_70/clang-build/Build/module.cache -fcxx-modules -gmodules -Wall -Wextra -Wno-unused-parameter -Wwrite-strings -Wcast-qual -Wmissing-field-initializers -pedantic -Wno-long-long -Wcovered-switch-default -Wnon-virtual-dtor -Wdelete-non-virtual-dtor -Wstring-conversion -fdiagnostics-color -flto=thin -fno-common -Woverloaded-virtual -Wno-nested-anon-types -O2 -g -DNDEBUG -isysroot /Applications/Xcode.app/Contents/Developer/Platforms/MacOSX.platform/Developer/SDKs/MacOSX10.14.sdk    -fno-exceptions -fno-rtti -MD -MT tools/clang/lib/Sema/CMakeFiles/clangSema.dir/SemaChecking.cpp.o -MF tools/clang/lib/Sema/CMakeFiles/clangSema.dir/SemaChecking.cpp.o.d -o tools/clang/lib/Sema/CMakeFiles/clangSema.dir/SemaChecking.cpp.o -c /Users/buildslave/jenkins/workspace/clang-stage2-Rthinlto-release_70/llvm/tools/clang/lib/Sema/SemaChecking.cpp[3228/3408] /Users/buildslave/jenkins/workspace/clang-stage2-Rthinlto-release_70/host-compiler/bin/clang++  -DGTEST_HAS_RTTI=0 -DGTEST_HAS_TR1_TUPLE=0 -DGTEST_LANG_CXX11=1 -D__STDC_CONSTANT_MACROS -D__STDC_FORMAT_MACROS -D__STDC_LIMIT_MACROS -Iunittests/Transforms/Scalar -I/Users/buildslave/jenkins/workspace/clang-stage2-Rthinlto-release_70/llvm/unittests/Transforms/Scalar -I/Applications/Xcode.app/Contents/Developer/Platforms/MacOSX.platform/Developer/SDKs/MacOSX10.14.sdk/usr/include/libxml2 -Iinclude -I/Users/buildslave/jenkins/workspace/clang-stage2-Rthinlto-release_70/llvm/include -I/Users/buildslave/jenkins/workspace/clang-stage2-Rthinlto-release_70/llvm/utils/unittest/googletest/include -I/Users/buildslave/jenkins/workspace/clang-stage2-Rthinlto-release_70/llvm/utils/unittest/googlemock/include -fno-stack-protector -fno-common -Wno-profile-instr-unprofiled -fPIC -fvisibility-inlines-hidden -Werror=date-time -Werror=unguarded-availability-new -std=c++11 -fmodules -fmodules-cache-path=/Users/buildslave/jenkins/workspace/clang-stage2-Rthinlto-release_70/clang-build/Build/module.cache -fcxx-modules -gmodules -Wall -Wextra -Wno-unused-parameter -Wwrite-strings -Wcast-qual -Wmissing-field-initializers -pedantic -Wno-long-long -Wcovered-switch-default -Wnon-virtual-dtor -Wdelete-non-virtual-dtor -Wstring-conversion -fdiagnostics-color -flto=thin -O2 -g -DNDEBUG -isysroot /Applications/Xcode.app/Contents/Developer/Platforms/MacOSX.platform/Developer/SDKs/MacOSX10.14.sdk    -Wno-variadic-macros -Wno-gnu-zero-variadic-macro-arguments -fno-exceptions -fno-rtti -MD -MT unittests/Transforms/Scalar/CMakeFiles/ScalarTests.dir/LoopPassManagerTest.cpp.o -MF unittests/Transforms/Scalar/CMakeFiles/ScalarTests.dir/LoopPassManagerTest.cpp.o.d -o unittests/Transforms/Scalar/CMakeFiles/ScalarTests.dir/LoopPassManagerTest.cpp.o -c /Users/buildslave/jenkins/workspace/clang-stage2-Rthinlto-release_70/llvm/unittests/Transforms/Scalar/LoopPassManagerTest.cpp[3229/3408] /Users/buildslave/jenkins/workspace/clang-stage2-Rthinlto-release_70/host-compiler/bin/clang++  -DCLANG_REPOSITORY_STRING=\\\"master\\\" -DCLANG_VENDOR=\"\\\"Apple \\\"\" -DGTEST_HAS_RTTI=0 -D_GNU_SOURCE -D__STDC_CONSTANT_MACROS -D__STDC_FORMAT_MACROS -D__STDC_LIMIT_MACROS -Itools/clang/lib/Sema -I/Users/buildslave/jenkins/workspace/clang-stage2-Rthinlto-release_70/llvm/tools/clang/lib/Sema -I/Users/buildslave/jenkins/workspace/clang-stage2-Rthinlto-release_70/llvm/tools/clang/include -Itools/clang/include -I/Applications/Xcode.app/Contents/Developer/Platforms/MacOSX.platform/Developer/SDKs/MacOSX10.14.sdk/usr/include/libxml2 -Iinclude -I/Users/buildslave/jenkins/workspace/clang-stage2-Rthinlto-release_70/llvm/include -fno-stack-protector -fno-common -Wno-profile-instr-unprofiled -fPIC -fvisibility-inlines-hidden -Werror=date-time -Werror=unguarded-availability-new -std=c++11 -fmodules -fmodules-cache-path=/Users/buildslave/jenkins/workspace/clang-stage2-Rthinlto-release_70/clang-build/Build/module.cache -fcxx-modules -gmodules -Wall -Wextra -Wno-unused-parameter -Wwrite-strings -Wcast-qual -Wmissing-field-initializers -pedantic -Wno-long-long -Wcovered-switch-default -Wnon-virtual-dtor -Wdelete-non-virtual-dtor -Wstring-conversion -fdiagnostics-color -flto=thin -fno-common -Woverloaded-virtual -Wno-nested-anon-types -O2 -g -DNDEBUG -isysroot /Applications/Xcode.app/Contents/Developer/Platforms/MacOSX.platform/Developer/SDKs/MacOSX10.14.sdk    -fno-exceptions -fno-rtti -MD -MT tools/clang/lib/Sema/CMakeFiles/clangSema.dir/SemaDeclAttr.cpp.o -MF tools/clang/lib/Sema/CMakeFiles/clangSema.dir/SemaDeclAttr.cpp.o.d -o tools/clang/lib/Sema/CMakeFiles/clangSema.dir/SemaDeclAttr.cpp.o -c /Users/buildslave/jenkins/workspace/clang-stage2-Rthinlto-release_70/llvm/tools/clang/lib/Sema/SemaDeclAttr.cpp[3230/3408] /Users/buildslave/jenkins/workspace/clang-stage2-Rthinlto-release_70/host-compiler/bin/clang++  -DGTEST_HAS_RTTI=0 -DGTEST_HAS_TR1_TUPLE=0 -DGTEST_LANG_CXX11=1 -D__STDC_CONSTANT_MACROS -D__STDC_FORMAT_MACROS -D__STDC_LIMIT_MACROS -Iunittests/ADT -I/Users/buildslave/jenkins/workspace/clang-stage2-Rthinlto-release_70/llvm/unittests/ADT -I/Applications/Xcode.app/Contents/Developer/Platforms/MacOSX.platform/Developer/SDKs/MacOSX10.14.sdk/usr/include/libxml2 -Iinclude -I/Users/buildslave/jenkins/workspace/clang-stage2-Rthinlto-release_70/llvm/include -I/Users/buildslave/jenkins/workspace/clang-stage2-Rthinlto-release_70/llvm/utils/unittest/googletest/include -I/Users/buildslave/jenkins/workspace/clang-stage2-Rthinlto-release_70/llvm/utils/unittest/googlemock/include -fno-stack-protector -fno-common -Wno-profile-instr-unprofiled -fPIC -fvisibility-inlines-hidden -Werror=date-time -Werror=unguarded-availability-new -std=c++11 -fmodules -fmodules-cache-path=/Users/buildslave/jenkins/workspace/clang-stage2-Rthinlto-release_70/clang-build/Build/module.cache -fcxx-modules -gmodules -Wall -Wextra -Wno-unused-parameter -Wwrite-strings -Wcast-qual -Wmissing-field-initializers -pedantic -Wno-long-long -Wcovered-switch-default -Wnon-virtual-dtor -Wdelete-non-virtual-dtor -Wstring-conversion -fdiagnostics-color -flto=thin -O2 -g -DNDEBUG -isysroot /Applications/Xcode.app/Contents/Developer/Platforms/MacOSX.platform/Developer/SDKs/MacOSX10.14.sdk    -Wno-variadic-macros -Wno-gnu-zero-variadic-macro-arguments -fno-exceptions -fno-rtti -MD -MT unittests/ADT/CMakeFiles/ADTTests.dir/SmallVectorTest.cpp.o -MF unittests/ADT/CMakeFiles/ADTTests.dir/SmallVectorTest.cpp.o.d -o unittests/ADT/CMakeFiles/ADTTests.dir/SmallVectorTest.cpp.o -c /Users/buildslave/jenkins/workspace/clang-stage2-Rthinlto-release_70/llvm/unittests/ADT/SmallVectorTest.cpp[3231/3408] /Users/buildslave/jenkins/workspace/clang-stage2-Rthinlto-release_70/host-compiler/bin/clang++  -DCLANG_REPOSITORY_STRING=\\\"master\\\" -DCLANG_VENDOR=\"\\\"Apple \\\"\" -DGTEST_HAS_RTTI=0 -DGTEST_HAS_TR1_TUPLE=0 -DGTEST_LANG_CXX11=1 -D_GNU_SOURCE -D__STDC_CONSTANT_MACROS -D__STDC_FORMAT_MACROS -D__STDC_LIMIT_MACROS -Itools/clang/unittests/Tooling -I/Users/buildslave/jenkins/workspace/clang-stage2-Rthinlto-release_70/llvm/tools/clang/unittests/Tooling -I/Users/buildslave/jenkins/workspace/clang-stage2-Rthinlto-release_70/llvm/tools/clang/include -Itools/clang/include -I/Applications/Xcode.app/Contents/Developer/Platforms/MacOSX.platform/Developer/SDKs/MacOSX10.14.sdk/usr/include/libxml2 -Iinclude -I/Users/buildslave/jenkins/workspace/clang-stage2-Rthinlto-release_70/llvm/include -I/Users/buildslave/jenkins/workspace/clang-stage2-Rthinlto-release_70/llvm/utils/unittest/googletest/include -I/Users/buildslave/jenkins/workspace/clang-stage2-Rthinlto-release_70/llvm/utils/unittest/googlemock/include -fno-stack-protector -fno-common -Wno-profile-instr-unprofiled -fPIC -fvisibility-inlines-hidden -Werror=date-time -Werror=unguarded-availability-new -std=c++11 -fmodules -fmodules-cache-path=/Users/buildslave/jenkins/workspace/clang-stage2-Rthinlto-release_70/clang-build/Build/module.cache -fcxx-modules -gmodules -Wall -Wextra -Wno-unused-parameter -Wwrite-strings -Wcast-qual -Wmissing-field-initializers -pedantic -Wno-long-long -Wcovered-switch-default -Wnon-virtual-dtor -Wdelete-non-virtual-dtor -Wstring-conversion -fdiagnostics-color -flto=thin -fno-common -Woverloaded-virtual -Wno-nested-anon-types -O2 -g -DNDEBUG -isysroot /Applications/Xcode.app/Contents/Developer/Platforms/MacOSX.platform/Developer/SDKs/MacOSX10.14.sdk    -Wno-variadic-macros -Wno-gnu-zero-variadic-macro-arguments -fno-exceptions -fno-rtti -MD -MT tools/clang/unittests/Tooling/CMakeFiles/ToolingTests.dir/RecursiveASTVisitorTestDeclVisitor.cpp.o -MF tools/clang/unittests/Tooling/CMakeFiles/ToolingTests.dir/RecursiveASTVisitorTestDeclVisitor.cpp.o.d -o tools/clang/unittests/Tooling/CMakeFiles/ToolingTests.dir/RecursiveASTVisitorTestDeclVisitor.cpp.o -c /Users/buildslave/jenkins/workspace/clang-stage2-Rthinlto-release_70/llvm/tools/clang/unittests/Tooling/RecursiveASTVisitorTestDeclVisitor.cpp[3232/3408] : && /Users/buildslave/jenkins/workspace/clang-stage2-Rthinlto-release_70/host-compiler/bin/clang++ -fno-stack-protector -fno-common -Wno-profile-instr-unprofiled -fPIC -fvisibility-inlines-hidden -Werror=date-time -Werror=unguarded-availability-new -std=c++11 -fmodules -fmodules-cache-path=/Users/buildslave/jenkins/workspace/clang-stage2-Rthinlto-release_70/clang-build/Build/module.cache -fcxx-modules -gmodules -Wall -Wextra -Wno-unused-parameter -Wwrite-strings -Wcast-qual -Wmissing-field-initializers -pedantic -Wno-long-long -Wcovered-switch-default -Wnon-virtual-dtor -Wdelete-non-virtual-dtor -Wstring-conversion -fdiagnostics-color -flto=thin -O2 -g -DNDEBUG -isysroot /Applications/Xcode.app/Contents/Developer/Platforms/MacOSX.platform/Developer/SDKs/MacOSX10.14.sdk -dynamiclib -Wl,-headerpad_max_install_names -flto=thin -Wl,-cache_path_lto,/Users/buildslave/jenkins/workspace/clang-stage2-Rthinlto-release_70/clang-build/Build/lto.cache   -Wl,-dead_strip -Wl,-exported_symbols_list,/Users/buildslave/jenkins/workspace/clang-stage2-Rthinlto-release_70/clang-build/Build/tools/lto/LTO.exports -Wl,-object_path_lto,/Users/buildslave/jenkins/workspace/clang-stage2-Rthinlto-release_70/clang-build/Build/tools/lto/./LTO-lto.o -compatibility_version 1 -current_version 3007.1.99 -o lib/libLTO.dylib -install_name @rpath/libLTO.dylib tools/lto/CMakeFiles/LTO.dir/LTODisassembler.cpp.o tools/lto/CMakeFiles/LTO.dir/lto.cpp.o  -Wl,-rpath,@loader_path/../lib lib/libLLVMX86CodeGen.a lib/libLLVMX86AsmParser.a lib/libLLVMX86AsmPrinter.a lib/libLLVMX86Desc.a lib/libLLVMX86Disassembler.a lib/libLLVMX86Info.a lib/libLLVMX86Utils.a lib/libLLVMARMCodeGen.a lib/libLLVMARMAsmParser.a lib/libLLVMARMAsmPrinter.a lib/libLLVMARMDesc.a lib/libLLVMARMDisassembler.a lib/libLLVMARMInfo.a lib/libLLVMARMUtils.a lib/libLLVMAArch64CodeGen.a lib/libLLVMAArch64AsmParser.a lib/libLLVMAArch64AsmPrinter.a lib/libLLVMAArch64Desc.a lib/libLLVMAArch64Disassembler.a lib/libLLVMAArch64Info.a lib/libLLVMAArch64Utils.a lib/libLLVMBitReader.a lib/libLLVMCore.a lib/libLLVMLTO.a lib/libLLVMMC.a lib/libLLVMMCDisassembler.a lib/libLLVMSupport.a lib/libLLVMTarget.a lib/libLLVMX86AsmPrinter.a lib/libLLVMX86Utils.a lib/libLLVMARMDesc.a lib/libLLVMARMAsmPrinter.a lib/libLLVMARMInfo.a lib/libLLVMARMUtils.a lib/libLLVMAsmPrinter.a lib/libLLVMGlobalISel.a lib/libLLVMSelectionDAG.a lib/libLLVMAArch64Desc.a lib/libLLVMAArch64AsmPrinter.a lib/libLLVMAArch64Info.a lib/libLLVMAArch64Utils.a lib/libLLVMMCDisassembler.a lib/libLLVMObjCARCOpts.a lib/libLLVMPasses.a lib/libLLVMCodeGen.a lib/libLLVMTarget.a lib/libLLVMipo.a lib/libLLVMScalarOpts.a lib/libLLVMAggressiveInstCombine.a lib/libLLVMBitWriter.a lib/libLLVMInstCombine.a lib/libLLVMLinker.a lib/libLLVMInstrumentation.a lib/libLLVMVectorize.a lib/libLLVMTransformUtils.a lib/libLLVMAnalysis.a lib/libLLVMObject.a lib/libLLVMMCParser.a lib/libLLVMMC.a lib/libLLVMDebugInfoCodeView.a lib/libLLVMDebugInfoMSF.a lib/libLLVMProfileData.a lib/libLLVMIRReader.a lib/libLLVMBitReader.a lib/libLLVMAsmParser.a lib/libLLVMCore.a lib/libLLVMBinaryFormat.a lib/libLLVMSupport.a -lz -lcurses -lm lib/libLLVMDemangle.a && cd /Users/buildslave/jenkins/workspace/clang-stage2-Rthinlto-release_70/clang-build/Build/tools/lto && xcrun dsymutil /Users/buildslave/jenkins/workspace/clang-stage2-Rthinlto-release_70/clang-build/Build/lib/libLTO.dylib && /usr/bin/strip -Sxl /Users/buildslave/jenkins/workspace/clang-stage2-Rthinlto-release_70/clang-build/Build/lib/libLTO.dylibFAILED: lib/libLTO.dylib : && /Users/buildslave/jenkins/workspace/clang-stage2-Rthinlto-release_70/host-compiler/bin/clang++ -fno-stack-protector -fno-common -Wno-profile-instr-unprofiled -fPIC -fvisibility-inlines-hidden -Werror=date-time -Werror=unguarded-availability-new -std=c++11 -fmodules -fmodules-cache-path=/Users/buildslave/jenkins/workspace/clang-stage2-Rthinlto-release_70/clang-build/Build/module.cache -fcxx-modules -gmodules -Wall -Wextra -Wno-unused-parameter -Wwrite-strings -Wcast-qual -Wmissing-field-initializers -pedantic -Wno-long-long -Wcovered-switch-default -Wnon-virtual-dtor -Wdelete-non-virtual-dtor -Wstring-conversion -fdiagnostics-color -flto=thin -O2 -g -DNDEBUG -isysroot /Applications/Xcode.app/Contents/Developer/Platforms/MacOSX.platform/Developer/SDKs/MacOSX10.14.sdk -dynamiclib -Wl,-headerpad_max_install_names -flto=thin -Wl,-cache_path_lto,/Users/buildslave/jenkins/workspace/clang-stage2-Rthinlto-release_70/clang-build/Build/lto.cache   -Wl,-dead_strip -Wl,-exported_symbols_list,/Users/buildslave/jenkins/workspace/clang-stage2-Rthinlto-release_70/clang-build/Build/tools/lto/LTO.exports -Wl,-object_path_lto,/Users/buildslave/jenkins/workspace/clang-stage2-Rthinlto-release_70/clang-build/Build/tools/lto/./LTO-lto.o -compatibility_version 1 -current_version 3007.1.99 -o lib/libLTO.dylib -install_name @rpath/libLTO.dylib tools/lto/CMakeFiles/LTO.dir/LTODisassembler.cpp.o tools/lto/CMakeFiles/LTO.dir/lto.cpp.o  -Wl,-rpath,@loader_path/../lib lib/libLLVMX86CodeGen.a lib/libLLVMX86AsmParser.a lib/libLLVMX86AsmPrinter.a lib/libLLVMX86Desc.a lib/libLLVMX86Disassembler.a lib/libLLVMX86Info.a lib/libLLVMX86Utils.a lib/libLLVMARMCodeGen.a lib/libLLVMARMAsmParser.a lib/libLLVMARMAsmPrinter.a lib/libLLVMARMDesc.a lib/libLLVMARMDisassembler.a lib/libLLVMARMInfo.a lib/libLLVMARMUtils.a lib/libLLVMAArch64CodeGen.a lib/libLLVMAArch64AsmParser.a lib/libLLVMAArch64AsmPrinter.a lib/libLLVMAArch64Desc.a lib/libLLVMAArch64Disassembler.a lib/libLLVMAArch64Info.a lib/libLLVMAArch64Utils.a lib/libLLVMBitReader.a lib/libLLVMCore.a lib/libLLVMLTO.a lib/libLLVMMC.a lib/libLLVMMCDisassembler.a lib/libLLVMSupport.a lib/libLLVMTarget.a lib/libLLVMX86AsmPrinter.a lib/libLLVMX86Utils.a lib/libLLVMARMDesc.a lib/libLLVMARMAsmPrinter.a lib/libLLVMARMInfo.a lib/libLLVMARMUtils.a lib/libLLVMAsmPrinter.a lib/libLLVMGlobalISel.a lib/libLLVMSelectionDAG.a lib/libLLVMAArch64Desc.a lib/libLLVMAArch64AsmPrinter.a lib/libLLVMAArch64Info.a lib/libLLVMAArch64Utils.a lib/libLLVMMCDisassembler.a lib/libLLVMObjCARCOpts.a lib/libLLVMPasses.a lib/libLLVMCodeGen.a lib/libLLVMTarget.a lib/libLLVMipo.a lib/libLLVMScalarOpts.a lib/libLLVMAggressiveInstCombine.a lib/libLLVMBitWriter.a lib/libLLVMInstCombine.a lib/libLLVMLinker.a lib/libLLVMInstrumentation.a lib/libLLVMVectorize.a lib/libLLVMTransformUtils.a lib/libLLVMAnalysis.a lib/libLLVMObject.a lib/libLLVMMCParser.a lib/libLLVMMC.a lib/libLLVMDebugInfoCodeView.a lib/libLLVMDebugInfoMSF.a lib/libLLVMProfileData.a lib/libLLVMIRReader.a lib/libLLVMBitReader.a lib/libLLVMAsmParser.a lib/libLLVMCore.a lib/libLLVMBinaryFormat.a lib/libLLVMSupport.a -lz -lcurses -lm lib/libLLVMDemangle.a && cd /Users/buildslave/jenkins/workspace/clang-stage2-Rthinlto-release_70/clang-build/Build/tools/lto && xcrun dsymutil /Users/buildslave/jenkins/workspace/clang-stage2-Rthinlto-release_70/clang-build/Build/lib/libLTO.dylib && /usr/bin/strip -Sxl /Users/buildslave/jenkins/workspace/clang-stage2-Rthinlto-release_70/clang-build/Build/lib/libLTO.dylibclang-7: error: unable to execute command: Bus error: 10clang-7: error: linker command failed due to signal (use -v to see invocation)ninja: build stopped: subcommand failed.Command failed Command: ['/usr/local/bin/ninja', '-v', 'install']Build step 'Execute shell' marked build as failure[WARNINGS] Skipping publisher since build result is FAILURERecording test resultsERROR: Step Publish JUnit test result report failed: No test report files were found. Configuration error?[BFA] Scanning build for known causes...[BFA] Found failure cause(s):[BFA] Ninja target failed from category Compile[BFA] Missing test results from category Infrastructure[BFA] Compile Error from category Compile[BFA] Done. 1sExtended Email Publisher is currently disabled in project settingsFinished: FAILUREREST APIJenkins 2.249.2Help us localize this page"
