"test-suite-verify-machineinstrs-x86_64-O3 clang-d332991-gf92000187e1-t4264-b4264.tar.gz [Jenkins]Skip to contentJenkinslog in | sign upJenkinsAlltest-suite-verify-machineinstrs-x86_64-O3clang-d332991-gf92000187e1-t4264-b4264.tar.gzBack to ProjectStatusChangesConsole OutputView as plain textView Build InformationParametersTimingsGit Build DataSupportOpen Blue OceanPipeline StepsWorkspacesPrevious BuildNext BuildStarted 1 yr 1 mo agoTook 1 hr 17 minBuild clang-d332991-gf92000187e1-t4264-b4264.tar.gz (Dec 3, 2019 12:18:52 AM)IssuesFound 11 issues:Ninja target: alias-3.c.o[5575/7684] : && /Users/buildslave/jenkins/workspace/test-suite-verify-machineinstrs-x86_64-O3/test-suite-build/tools/timeit --summary SingleSource/Regression/C/gcc-c-torture/execute/GCC-C-execute-align-1.link.time /Users/buildslave/jenkins/workspace/test-suite-verify-machineinstrs-x86_64-O3/compiler/bin/clang -B /Applications/Xcode.app/Contents/Developer/Toolchains/XcodeDefault.xctoolchain/usr/bin    -Wno-unused-command-line-argument -mllvm -verify-machineinstrs -O3 -arch x86_64 -isysroot /Applications/Xcode.app/Contents/Developer/Platforms/MacOSX.platform/Developer/SDKs/MacOSX10.14.sdk -Wl,-search_paths_first -Wl,-headerpad_max_install_names -B /Applications/Xcode.app/Contents/Developer/Toolchains/XcodeDefault.xctoolchain/usr/bin SingleSource/Regression/C/gcc-c-torture/execute/CMakeFiles/GCC-C-execute-align-1.dir/align-1.c.o  -o SingleSource/Regression/C/gcc-c-torture/execute/GCC-C-execute-align-1  -Wl,-no_pie && :[5576/7684] : && /Users/buildslave/jenkins/workspace/test-suite-verify-machineinstrs-x86_64-O3/test-suite-build/tools/timeit --summary SingleSource/Regression/C/gcc-c-torture/execute/GCC-C-execute-align-2.link.time /Users/buildslave/jenkins/workspace/test-suite-verify-machineinstrs-x86_64-O3/compiler/bin/clang -B /Applications/Xcode.app/Contents/Developer/Toolchains/XcodeDefault.xctoolchain/usr/bin    -Wno-unused-command-line-argument -mllvm -verify-machineinstrs -O3 -arch x86_64 -isysroot /Applications/Xcode.app/Contents/Developer/Platforms/MacOSX.platform/Developer/SDKs/MacOSX10.14.sdk -Wl,-search_paths_first -Wl,-headerpad_max_install_names -B /Applications/Xcode.app/Contents/Developer/Toolchains/XcodeDefault.xctoolchain/usr/bin SingleSource/Regression/C/gcc-c-torture/execute/CMakeFiles/GCC-C-execute-align-2.dir/align-2.c.o  -o SingleSource/Regression/C/gcc-c-torture/execute/GCC-C-execute-align-2  -Wl,-no_pie && :[5577/7684] /Users/buildslave/jenkins/workspace/test-suite-verify-machineinstrs-x86_64-O3/test-suite-build/tools/timeit --summary SingleSource/Regression/C/gcc-c-torture/execute/CMakeFiles/GCC-C-execute-alias-access-path-1.dir/alias-access-path-1.c.o.time /Users/buildslave/jenkins/workspace/test-suite-verify-machineinstrs-x86_64-O3/compiler/bin/clang -DNDEBUG  -B /Applications/Xcode.app/Contents/Developer/Toolchains/XcodeDefault.xctoolchain/usr/bin    -Wno-unused-command-line-argument -mllvm -verify-machineinstrs -O3 -arch x86_64 -isysroot /Applications/Xcode.app/Contents/Developer/Platforms/MacOSX.platform/Developer/SDKs/MacOSX10.14.sdk   -w -Werror=date-time -w -MD -MT SingleSource/Regression/C/gcc-c-torture/execute/CMakeFiles/GCC-C-execute-alias-access-path-1.dir/alias-access-path-1.c.o -MF SingleSource/Regression/C/gcc-c-torture/execute/CMakeFiles/GCC-C-execute-alias-access-path-1.dir/alias-access-path-1.c.o.d -o SingleSource/Regression/C/gcc-c-torture/execute/CMakeFiles/GCC-C-execute-alias-access-path-1.dir/alias-access-path-1.c.o   -c /Users/buildslave/jenkins/workspace/test-suite-verify-machineinstrs-x86_64-O3/test-suite/SingleSource/Regression/C/gcc-c-torture/execute/alias-access-path-1.c[5578/7684] /Users/buildslave/jenkins/workspace/test-suite-verify-machineinstrs-x86_64-O3/test-suite-build/tools/timeit --summary SingleSource/Regression/C/gcc-c-torture/execute/CMakeFiles/GCC-C-execute-pr61306-2.dir/pr61306-2.c.o.time /Users/buildslave/jenkins/workspace/test-suite-verify-machineinstrs-x86_64-O3/compiler/bin/clang -DNDEBUG  -B /Applications/Xcode.app/Contents/Developer/Toolchains/XcodeDefault.xctoolchain/usr/bin    -Wno-unused-command-line-argument -mllvm -verify-machineinstrs -O3 -arch x86_64 -isysroot /Applications/Xcode.app/Contents/Developer/Platforms/MacOSX.platform/Developer/SDKs/MacOSX10.14.sdk   -w -Werror=date-time -w -MD -MT SingleSource/Regression/C/gcc-c-torture/execute/CMakeFiles/GCC-C-execute-pr61306-2.dir/pr61306-2.c.o -MF SingleSource/Regression/C/gcc-c-torture/execute/CMakeFiles/GCC-C-execute-pr61306-2.dir/pr61306-2.c.o.d -o SingleSource/Regression/C/gcc-c-torture/execute/CMakeFiles/GCC-C-execute-pr61306-2.dir/pr61306-2.c.o   -c /Users/buildslave/jenkins/workspace/test-suite-verify-machineinstrs-x86_64-O3/test-suite/SingleSource/Regression/C/gcc-c-torture/execute/pr61306-2.c[5579/7684] /Users/buildslave/jenkins/workspace/test-suite-verify-machineinstrs-x86_64-O3/test-suite-build/tools/timeit --summary SingleSource/Regression/C/gcc-c-torture/execute/CMakeFiles/GCC-C-execute-alias-3.dir/alias-3.c.o.time /Users/buildslave/jenkins/workspace/test-suite-verify-machineinstrs-x86_64-O3/compiler/bin/clang -DNDEBUG  -B /Applications/Xcode.app/Contents/Developer/Toolchains/XcodeDefault.xctoolchain/usr/bin    -Wno-unused-command-line-argument -mllvm -verify-machineinstrs -O3 -arch x86_64 -isysroot /Applications/Xcode.app/Contents/Developer/Platforms/MacOSX.platform/Developer/SDKs/MacOSX10.14.sdk   -w -Werror=date-time -w -MD -MT SingleSource/Regression/C/gcc-c-torture/execute/CMakeFiles/GCC-C-execute-alias-3.dir/alias-3.c.o -MF SingleSource/Regression/C/gcc-c-torture/execute/CMakeFiles/GCC-C-execute-alias-3.dir/alias-3.c.o.d -o SingleSource/Regression/C/gcc-c-torture/execute/CMakeFiles/GCC-C-execute-alias-3.dir/alias-3.c.o   -c /Users/buildslave/jenkins/workspace/test-suite-verify-machineinstrs-x86_64-O3/test-suite/SingleSource/Regression/C/gcc-c-torture/execute/alias-3.cFAILED: SingleSource/Regression/C/gcc-c-torture/execute/CMakeFiles/GCC-C-execute-alias-3.dir/alias-3.c.o /Users/buildslave/jenkins/workspace/test-suite-verify-machineinstrs-x86_64-O3/test-suite-build/tools/timeit --summary SingleSource/Regression/C/gcc-c-torture/execute/CMakeFiles/GCC-C-execute-alias-3.dir/alias-3.c.o.time /Users/buildslave/jenkins/workspace/test-suite-verify-machineinstrs-x86_64-O3/compiler/bin/clang -DNDEBUG  -B /Applications/Xcode.app/Contents/Developer/Toolchains/XcodeDefault.xctoolchain/usr/bin    -Wno-unused-command-line-argument -mllvm -verify-machineinstrs -O3 -arch x86_64 -isysroot /Applications/Xcode.app/Contents/Developer/Platforms/MacOSX.platform/Developer/SDKs/MacOSX10.14.sdk   -w -Werror=date-time -w -MD -MT SingleSource/Regression/C/gcc-c-torture/execute/CMakeFiles/GCC-C-execute-alias-3.dir/alias-3.c.o -MF SingleSource/Regression/C/gcc-c-torture/execute/CMakeFiles/GCC-C-execute-alias-3.dir/alias-3.c.o.d -o SingleSource/Regression/C/gcc-c-torture/execute/CMakeFiles/GCC-C-execute-alias-3.dir/alias-3.c.o   -c /Users/buildslave/jenkins/workspace/test-suite-verify-machineinstrs-x86_64-O3/test-suite/SingleSource/Regression/C/gcc-c-torture/execute/alias-3.c/Users/buildslave/jenkins/workspace/test-suite-verify-machineinstrs-x86_64-O3/test-suite/SingleSource/Regression/C/gcc-c-torture/execute/alias-3.c:4:30: error: aliases are not supported on darwinalias-3.c error: aliases are not supported on darwin[5577/7684] /Users/buildslave/jenkins/workspace/test-suite-verify-machineinstrs-x86_64-O3/test-suite-build/tools/timeit --summary SingleSource/Regression/C/gcc-c-torture/execute/CMakeFiles/GCC-C-execute-alias-access-path-1.dir/alias-access-path-1.c.o.time /Users/buildslave/jenkins/workspace/test-suite-verify-machineinstrs-x86_64-O3/compiler/bin/clang -DNDEBUG  -B /Applications/Xcode.app/Contents/Developer/Toolchains/XcodeDefault.xctoolchain/usr/bin    -Wno-unused-command-line-argument -mllvm -verify-machineinstrs -O3 -arch x86_64 -isysroot /Applications/Xcode.app/Contents/Developer/Platforms/MacOSX.platform/Developer/SDKs/MacOSX10.14.sdk   -w -Werror=date-time -w -MD -MT SingleSource/Regression/C/gcc-c-torture/execute/CMakeFiles/GCC-C-execute-alias-access-path-1.dir/alias-access-path-1.c.o -MF SingleSource/Regression/C/gcc-c-torture/execute/CMakeFiles/GCC-C-execute-alias-access-path-1.dir/alias-access-path-1.c.o.d -o SingleSource/Regression/C/gcc-c-torture/execute/CMakeFiles/GCC-C-execute-alias-access-path-1.dir/alias-access-path-1.c.o   -c /Users/buildslave/jenkins/workspace/test-suite-verify-machineinstrs-x86_64-O3/test-suite/SingleSource/Regression/C/gcc-c-torture/execute/alias-access-path-1.c[5578/7684] /Users/buildslave/jenkins/workspace/test-suite-verify-machineinstrs-x86_64-O3/test-suite-build/tools/timeit --summary SingleSource/Regression/C/gcc-c-torture/execute/CMakeFiles/GCC-C-execute-pr61306-2.dir/pr61306-2.c.o.time /Users/buildslave/jenkins/workspace/test-suite-verify-machineinstrs-x86_64-O3/compiler/bin/clang -DNDEBUG  -B /Applications/Xcode.app/Contents/Developer/Toolchains/XcodeDefault.xctoolchain/usr/bin    -Wno-unused-command-line-argument -mllvm -verify-machineinstrs -O3 -arch x86_64 -isysroot /Applications/Xcode.app/Contents/Developer/Platforms/MacOSX.platform/Developer/SDKs/MacOSX10.14.sdk   -w -Werror=date-time -w -MD -MT SingleSource/Regression/C/gcc-c-torture/execute/CMakeFiles/GCC-C-execute-pr61306-2.dir/pr61306-2.c.o -MF SingleSource/Regression/C/gcc-c-torture/execute/CMakeFiles/GCC-C-execute-pr61306-2.dir/pr61306-2.c.o.d -o SingleSource/Regression/C/gcc-c-torture/execute/CMakeFiles/GCC-C-execute-pr61306-2.dir/pr61306-2.c.o   -c /Users/buildslave/jenkins/workspace/test-suite-verify-machineinstrs-x86_64-O3/test-suite/SingleSource/Regression/C/gcc-c-torture/execute/pr61306-2.c[5579/7684] /Users/buildslave/jenkins/workspace/test-suite-verify-machineinstrs-x86_64-O3/test-suite-build/tools/timeit --summary SingleSource/Regression/C/gcc-c-torture/execute/CMakeFiles/GCC-C-execute-alias-3.dir/alias-3.c.o.time /Users/buildslave/jenkins/workspace/test-suite-verify-machineinstrs-x86_64-O3/compiler/bin/clang -DNDEBUG  -B /Applications/Xcode.app/Contents/Developer/Toolchains/XcodeDefault.xctoolchain/usr/bin    -Wno-unused-command-line-argument -mllvm -verify-machineinstrs -O3 -arch x86_64 -isysroot /Applications/Xcode.app/Contents/Developer/Platforms/MacOSX.platform/Developer/SDKs/MacOSX10.14.sdk   -w -Werror=date-time -w -MD -MT SingleSource/Regression/C/gcc-c-torture/execute/CMakeFiles/GCC-C-execute-alias-3.dir/alias-3.c.o -MF SingleSource/Regression/C/gcc-c-torture/execute/CMakeFiles/GCC-C-execute-alias-3.dir/alias-3.c.o.d -o SingleSource/Regression/C/gcc-c-torture/execute/CMakeFiles/GCC-C-execute-alias-3.dir/alias-3.c.o   -c /Users/buildslave/jenkins/workspace/test-suite-verify-machineinstrs-x86_64-O3/test-suite/SingleSource/Regression/C/gcc-c-torture/execute/alias-3.cFAILED: SingleSource/Regression/C/gcc-c-torture/execute/CMakeFiles/GCC-C-execute-alias-3.dir/alias-3.c.o /Users/buildslave/jenkins/workspace/test-suite-verify-machineinstrs-x86_64-O3/test-suite-build/tools/timeit --summary SingleSource/Regression/C/gcc-c-torture/execute/CMakeFiles/GCC-C-execute-alias-3.dir/alias-3.c.o.time /Users/buildslave/jenkins/workspace/test-suite-verify-machineinstrs-x86_64-O3/compiler/bin/clang -DNDEBUG  -B /Applications/Xcode.app/Contents/Developer/Toolchains/XcodeDefault.xctoolchain/usr/bin    -Wno-unused-command-line-argument -mllvm -verify-machineinstrs -O3 -arch x86_64 -isysroot /Applications/Xcode.app/Contents/Developer/Platforms/MacOSX.platform/Developer/SDKs/MacOSX10.14.sdk   -w -Werror=date-time -w -MD -MT SingleSource/Regression/C/gcc-c-torture/execute/CMakeFiles/GCC-C-execute-alias-3.dir/alias-3.c.o -MF SingleSource/Regression/C/gcc-c-torture/execute/CMakeFiles/GCC-C-execute-alias-3.dir/alias-3.c.o.d -o SingleSource/Regression/C/gcc-c-torture/execute/CMakeFiles/GCC-C-execute-alias-3.dir/alias-3.c.o   -c /Users/buildslave/jenkins/workspace/test-suite-verify-machineinstrs-x86_64-O3/test-suite/SingleSource/Regression/C/gcc-c-torture/execute/alias-3.c/Users/buildslave/jenkins/workspace/test-suite-verify-machineinstrs-x86_64-O3/test-suite/SingleSource/Regression/C/gcc-c-torture/execute/alias-3.c:4:30: error: aliases are not supported on darwinextern int b __attribute__ ((alias(\"a\")));                             ^Ninja target: alias-2.c.o/Users/buildslave/jenkins/workspace/test-suite-verify-machineinstrs-x86_64-O3/test-suite/SingleSource/Regression/C/gcc-c-torture/execute/alias-3.c:4:30: error: aliases are not supported on darwinextern int b __attribute__ ((alias(\"a\")));                             ^1 error generated.[5580/7684] /Users/buildslave/jenkins/workspace/test-suite-verify-machineinstrs-x86_64-O3/test-suite-build/tools/timeit --summary SingleSource/Regression/C/gcc-c-torture/execute/CMakeFiles/GCC-C-execute-alias-2.dir/alias-2.c.o.time /Users/buildslave/jenkins/workspace/test-suite-verify-machineinstrs-x86_64-O3/compiler/bin/clang -DNDEBUG  -B /Applications/Xcode.app/Contents/Developer/Toolchains/XcodeDefault.xctoolchain/usr/bin    -Wno-unused-command-line-argument -mllvm -verify-machineinstrs -O3 -arch x86_64 -isysroot /Applications/Xcode.app/Contents/Developer/Platforms/MacOSX.platform/Developer/SDKs/MacOSX10.14.sdk   -w -Werror=date-time -w -MD -MT SingleSource/Regression/C/gcc-c-torture/execute/CMakeFiles/GCC-C-execute-alias-2.dir/alias-2.c.o -MF SingleSource/Regression/C/gcc-c-torture/execute/CMakeFiles/GCC-C-execute-alias-2.dir/alias-2.c.o.d -o SingleSource/Regression/C/gcc-c-torture/execute/CMakeFiles/GCC-C-execute-alias-2.dir/alias-2.c.o   -c /Users/buildslave/jenkins/workspace/test-suite-verify-machineinstrs-x86_64-O3/test-suite/SingleSource/Regression/C/gcc-c-torture/execute/alias-2.cFAILED: SingleSource/Regression/C/gcc-c-torture/execute/CMakeFiles/GCC-C-execute-alias-2.dir/alias-2.c.o /Users/buildslave/jenkins/workspace/test-suite-verify-machineinstrs-x86_64-O3/test-suite-build/tools/timeit --summary SingleSource/Regression/C/gcc-c-torture/execute/CMakeFiles/GCC-C-execute-alias-2.dir/alias-2.c.o.time /Users/buildslave/jenkins/workspace/test-suite-verify-machineinstrs-x86_64-O3/compiler/bin/clang -DNDEBUG  -B /Applications/Xcode.app/Contents/Developer/Toolchains/XcodeDefault.xctoolchain/usr/bin    -Wno-unused-command-line-argument -mllvm -verify-machineinstrs -O3 -arch x86_64 -isysroot /Applications/Xcode.app/Contents/Developer/Platforms/MacOSX.platform/Developer/SDKs/MacOSX10.14.sdk   -w -Werror=date-time -w -MD -MT SingleSource/Regression/C/gcc-c-torture/execute/CMakeFiles/GCC-C-execute-alias-2.dir/alias-2.c.o -MF SingleSource/Regression/C/gcc-c-torture/execute/CMakeFiles/GCC-C-execute-alias-2.dir/alias-2.c.o.d -o SingleSource/Regression/C/gcc-c-torture/execute/CMakeFiles/GCC-C-execute-alias-2.dir/alias-2.c.o   -c /Users/buildslave/jenkins/workspace/test-suite-verify-machineinstrs-x86_64-O3/test-suite/SingleSource/Regression/C/gcc-c-torture/execute/alias-2.c/Users/buildslave/jenkins/workspace/test-suite-verify-machineinstrs-x86_64-O3/test-suite/SingleSource/Regression/C/gcc-c-torture/execute/alias-2.c:3:34: error: aliases are not supported on darwinalias-2.c error: aliases are not supported on darwin                             ^1 error generated.[5580/7684] /Users/buildslave/jenkins/workspace/test-suite-verify-machineinstrs-x86_64-O3/test-suite-build/tools/timeit --summary SingleSource/Regression/C/gcc-c-torture/execute/CMakeFiles/GCC-C-execute-alias-2.dir/alias-2.c.o.time /Users/buildslave/jenkins/workspace/test-suite-verify-machineinstrs-x86_64-O3/compiler/bin/clang -DNDEBUG  -B /Applications/Xcode.app/Contents/Developer/Toolchains/XcodeDefault.xctoolchain/usr/bin    -Wno-unused-command-line-argument -mllvm -verify-machineinstrs -O3 -arch x86_64 -isysroot /Applications/Xcode.app/Contents/Developer/Platforms/MacOSX.platform/Developer/SDKs/MacOSX10.14.sdk   -w -Werror=date-time -w -MD -MT SingleSource/Regression/C/gcc-c-torture/execute/CMakeFiles/GCC-C-execute-alias-2.dir/alias-2.c.o -MF SingleSource/Regression/C/gcc-c-torture/execute/CMakeFiles/GCC-C-execute-alias-2.dir/alias-2.c.o.d -o SingleSource/Regression/C/gcc-c-torture/execute/CMakeFiles/GCC-C-execute-alias-2.dir/alias-2.c.o   -c /Users/buildslave/jenkins/workspace/test-suite-verify-machineinstrs-x86_64-O3/test-suite/SingleSource/Regression/C/gcc-c-torture/execute/alias-2.cFAILED: SingleSource/Regression/C/gcc-c-torture/execute/CMakeFiles/GCC-C-execute-alias-2.dir/alias-2.c.o /Users/buildslave/jenkins/workspace/test-suite-verify-machineinstrs-x86_64-O3/test-suite-build/tools/timeit --summary SingleSource/Regression/C/gcc-c-torture/execute/CMakeFiles/GCC-C-execute-alias-2.dir/alias-2.c.o.time /Users/buildslave/jenkins/workspace/test-suite-verify-machineinstrs-x86_64-O3/compiler/bin/clang -DNDEBUG  -B /Applications/Xcode.app/Contents/Developer/Toolchains/XcodeDefault.xctoolchain/usr/bin    -Wno-unused-command-line-argument -mllvm -verify-machineinstrs -O3 -arch x86_64 -isysroot /Applications/Xcode.app/Contents/Developer/Platforms/MacOSX.platform/Developer/SDKs/MacOSX10.14.sdk   -w -Werror=date-time -w -MD -MT SingleSource/Regression/C/gcc-c-torture/execute/CMakeFiles/GCC-C-execute-alias-2.dir/alias-2.c.o -MF SingleSource/Regression/C/gcc-c-torture/execute/CMakeFiles/GCC-C-execute-alias-2.dir/alias-2.c.o.d -o SingleSource/Regression/C/gcc-c-torture/execute/CMakeFiles/GCC-C-execute-alias-2.dir/alias-2.c.o   -c /Users/buildslave/jenkins/workspace/test-suite-verify-machineinstrs-x86_64-O3/test-suite/SingleSource/Regression/C/gcc-c-torture/execute/alias-2.c/Users/buildslave/jenkins/workspace/test-suite-verify-machineinstrs-x86_64-O3/test-suite/SingleSource/Regression/C/gcc-c-torture/execute/alias-2.c:3:34: error: aliases are not supported on darwinextern int b[10] __attribute__ ((alias(\"a\")));                                 ^Ninja target: GCC-C-execute-930513-1[5991/7684] : && /Users/buildslave/jenkins/workspace/test-suite-verify-machineinstrs-x86_64-O3/test-suite-build/tools/timeit --summary SingleSource/Regression/C/gcc-c-torture/execute/GCC-C-execute-930429-2.link.time /Users/buildslave/jenkins/workspace/test-suite-verify-machineinstrs-x86_64-O3/compiler/bin/clang -B /Applications/Xcode.app/Contents/Developer/Toolchains/XcodeDefault.xctoolchain/usr/bin    -Wno-unused-command-line-argument -mllvm -verify-machineinstrs -O3 -arch x86_64 -isysroot /Applications/Xcode.app/Contents/Developer/Platforms/MacOSX.platform/Developer/SDKs/MacOSX10.14.sdk -Wl,-search_paths_first -Wl,-headerpad_max_install_names -B /Applications/Xcode.app/Contents/Developer/Toolchains/XcodeDefault.xctoolchain/usr/bin SingleSource/Regression/C/gcc-c-torture/execute/CMakeFiles/GCC-C-execute-930429-2.dir/930429-2.c.o  -o SingleSource/Regression/C/gcc-c-torture/execute/GCC-C-execute-930429-2  -Wl,-no_pie && :[5992/7684] /Users/buildslave/jenkins/workspace/test-suite-verify-machineinstrs-x86_64-O3/test-suite-build/tools/timeit --summary SingleSource/Regression/C/gcc-c-torture/execute/CMakeFiles/GCC-C-execute-930513-1.dir/930513-1.c.o.time /Users/buildslave/jenkins/workspace/test-suite-verify-machineinstrs-x86_64-O3/compiler/bin/clang -DNDEBUG  -B /Applications/Xcode.app/Contents/Developer/Toolchains/XcodeDefault.xctoolchain/usr/bin    -Wno-unused-command-line-argument -mllvm -verify-machineinstrs -O3 -arch x86_64 -isysroot /Applications/Xcode.app/Contents/Developer/Platforms/MacOSX.platform/Developer/SDKs/MacOSX10.14.sdk   -w -Werror=date-time -w -MD -MT SingleSource/Regression/C/gcc-c-torture/execute/CMakeFiles/GCC-C-execute-930513-1.dir/930513-1.c.o -MF SingleSource/Regression/C/gcc-c-torture/execute/CMakeFiles/GCC-C-execute-930513-1.dir/930513-1.c.o.d -o SingleSource/Regression/C/gcc-c-torture/execute/CMakeFiles/GCC-C-execute-930513-1.dir/930513-1.c.o   -c /Users/buildslave/jenkins/workspace/test-suite-verify-machineinstrs-x86_64-O3/test-suite/SingleSource/Regression/C/gcc-c-torture/execute/930513-1.c[5993/7684] /Users/buildslave/jenkins/workspace/test-suite-verify-machineinstrs-x86_64-O3/test-suite-build/tools/timeit --summary SingleSource/Regression/C/gcc-c-torture/execute/CMakeFiles/GCC-C-execute-loop-2d.dir/loop-2d.c.o.time /Users/buildslave/jenkins/workspace/test-suite-verify-machineinstrs-x86_64-O3/compiler/bin/clang -DNDEBUG  -B /Applications/Xcode.app/Contents/Developer/Toolchains/XcodeDefault.xctoolchain/usr/bin    -Wno-unused-command-line-argument -mllvm -verify-machineinstrs -O3 -arch x86_64 -isysroot /Applications/Xcode.app/Contents/Developer/Platforms/MacOSX.platform/Developer/SDKs/MacOSX10.14.sdk   -w -Werror=date-time -w -MD -MT SingleSource/Regression/C/gcc-c-torture/execute/CMakeFiles/GCC-C-execute-loop-2d.dir/loop-2d.c.o -MF SingleSource/Regression/C/gcc-c-torture/execute/CMakeFiles/GCC-C-execute-loop-2d.dir/loop-2d.c.o.d -o SingleSource/Regression/C/gcc-c-torture/execute/CMakeFiles/GCC-C-execute-loop-2d.dir/loop-2d.c.o   -c /Users/buildslave/jenkins/workspace/test-suite-verify-machineinstrs-x86_64-O3/test-suite/SingleSource/Regression/C/gcc-c-torture/execute/loop-2d.c[5994/7684] : && /Users/buildslave/jenkins/workspace/test-suite-verify-machineinstrs-x86_64-O3/test-suite-build/tools/timeit --summary SingleSource/Regression/C/gcc-c-torture/execute/GCC-C-execute-930406-1.link.time /Users/buildslave/jenkins/workspace/test-suite-verify-machineinstrs-x86_64-O3/compiler/bin/clang -B /Applications/Xcode.app/Contents/Developer/Toolchains/XcodeDefault.xctoolchain/usr/bin    -Wno-unused-command-line-argument -mllvm -verify-machineinstrs -O3 -arch x86_64 -isysroot /Applications/Xcode.app/Contents/Developer/Platforms/MacOSX.platform/Developer/SDKs/MacOSX10.14.sdk -Wl,-search_paths_first -Wl,-headerpad_max_install_names -B /Applications/Xcode.app/Contents/Developer/Toolchains/XcodeDefault.xctoolchain/usr/bin SingleSource/Regression/C/gcc-c-torture/execute/CMakeFiles/GCC-C-execute-930406-1.dir/930406-1.c.o  -o SingleSource/Regression/C/gcc-c-torture/execute/GCC-C-execute-930406-1  -Wl,-no_pie && :[5995/7684] : && /Users/buildslave/jenkins/workspace/test-suite-verify-machineinstrs-x86_64-O3/test-suite-build/tools/timeit --summary SingleSource/Regression/C/gcc-c-torture/execute/GCC-C-execute-930513-1.link.time /Users/buildslave/jenkins/workspace/test-suite-verify-machineinstrs-x86_64-O3/compiler/bin/clang -B /Applications/Xcode.app/Contents/Developer/Toolchains/XcodeDefault.xctoolchain/usr/bin    -Wno-unused-command-line-argument -mllvm -verify-machineinstrs -O3 -arch x86_64 -isysroot /Applications/Xcode.app/Contents/Developer/Platforms/MacOSX.platform/Developer/SDKs/MacOSX10.14.sdk -Wl,-search_paths_first -Wl,-headerpad_max_install_names -B /Applications/Xcode.app/Contents/Developer/Toolchains/XcodeDefault.xctoolchain/usr/bin SingleSource/Regression/C/gcc-c-torture/execute/CMakeFiles/GCC-C-execute-930513-1.dir/930513-1.c.o  -o SingleSource/Regression/C/gcc-c-torture/execute/GCC-C-execute-930513-1  -Wl,-no_pie -Wl,-u,_printf_float && :FAILED: SingleSource/Regression/C/gcc-c-torture/execute/GCC-C-execute-930513-1 : && /Users/buildslave/jenkins/workspace/test-suite-verify-machineinstrs-x86_64-O3/test-suite-build/tools/timeit --summary SingleSource/Regression/C/gcc-c-torture/execute/GCC-C-execute-930513-1.link.time /Users/buildslave/jenkins/workspace/test-suite-verify-machineinstrs-x86_64-O3/compiler/bin/clang -B /Applications/Xcode.app/Contents/Developer/Toolchains/XcodeDefault.xctoolchain/usr/bin    -Wno-unused-command-line-argument -mllvm -verify-machineinstrs -O3 -arch x86_64 -isysroot /Applications/Xcode.app/Contents/Developer/Platforms/MacOSX.platform/Developer/SDKs/MacOSX10.14.sdk -Wl,-search_paths_first -Wl,-headerpad_max_install_names -B /Applications/Xcode.app/Contents/Developer/Toolchains/XcodeDefault.xctoolchain/usr/bin SingleSource/Regression/C/gcc-c-torture/execute/CMakeFiles/GCC-C-execute-930513-1.dir/930513-1.c.o  -o SingleSource/Regression/C/gcc-c-torture/execute/GCC-C-execute-930513-1  -Wl,-no_pie -Wl,-u,_printf_float && :Undefined symbols for architecture x86_64:link error: && /Users/buildslave/jenkins/workspace/test-suite-verify-machineinstrs-x86_64-O3/test-suite-build/tools/timeit --summary SingleSource/Regression/C/gcc-c-torture/execute/GCC-C-execute-930513-1.link.time /Users/buildslave/jenkins/workspace/test-suite-verify-machineinstrs-x86_64-O3/compiler/bin/clang -B /Applications/Xcode.app/Contents/Developer/Toolchains/XcodeDefault.xctoolchain/usr/bin    -Wno-unused-command-line-argument -mllvm -verify-machineinstrs -O3 -arch x86_64 -isysroot /Applications/Xcode.app/Contents/Developer/Platforms/MacOSX.platform/Developer/SDKs/MacOSX10.14.sdk -Wl,-search_paths_first -Wl,-headerpad_max_install_names -B /Applications/Xcode.app/Contents/Developer/Toolchains/XcodeDefault.xctoolchain/usr/bin SingleSource/Regression/C/gcc-c-torture/execute/CMakeFiles/GCC-C-execute-930513-1.dir/930513-1.c.o  -o SingleSource/Regression/C/gcc-c-torture/execute/GCC-C-execute-930513-1  -Wl,-no_pie -Wl,-u,_printf_float && :Undefined symbols for architecture x86_64:  \"_printf_float\", referenced from:     -u command line optionld: symbol(s) not found for architecture x86_64clang-10: error: linker command failed with exit code 1 (use -v to see invocation)[5996/7684] /Users/buildslave/jenkins/workspace/test-suite-verify-machineinstrs-x86_64-O3/test-suite-build/tools/timeit --summary SingleSource/Regression/C/gcc-c-torture/execute/CMakeFiles/GCC-C-execute-931012-1.dir/931012-1.c.o.time /Users/buildslave/jenkins/workspace/test-suite-verify-machineinstrs-x86_64-O3/compiler/bin/clang -DNDEBUG  -B /Applications/Xcode.app/Contents/Developer/Toolchains/XcodeDefault.xctoolchain/usr/bin    -Wno-unused-command-line-argument -mllvm -verify-machineinstrs -O3 -arch x86_64 -isysroot /Applications/Xcode.app/Contents/Developer/Platforms/MacOSX.platform/Developer/SDKs/MacOSX10.14.sdk   -w -Werror=date-time -w -MD -MT SingleSource/Regression/C/gcc-c-torture/execute/CMakeFiles/GCC-C-execute-931012-1.dir/931012-1.c.o -MF SingleSource/Regression/C/gcc-c-torture/execute/CMakeFiles/GCC-C-execute-931012-1.dir/931012-1.c.o.d -o SingleSource/Regression/C/gcc-c-torture/execute/CMakeFiles/GCC-C-execute-931012-1.dir/931012-1.c.o   -c /Users/buildslave/jenkins/workspace/test-suite-verify-machineinstrs-x86_64-O3/test-suite/SingleSource/Regression/C/gcc-c-torture/execute/931012-1.c[5997/7684] : && /Users/buildslave/jenkins/workspace/test-suite-verify-machineinstrs-x86_64-O3/test-suite-build/tools/timeit --summary SingleSource/Regression/C/gcc-c-torture/execute/GCC-C-execute-loop-2d.link.time /Users/buildslave/jenkins/workspace/test-suite-verify-machineinstrs-x86_64-O3/compiler/bin/clang -B /Applications/Xcode.app/Contents/Developer/Toolchains/XcodeDefault.xctoolchain/usr/bin    -Wno-unused-command-line-argument -mllvm -verify-machineinstrs -O3 -arch x86_64 -isysroot /Applications/Xcode.app/Contents/Developer/Platforms/MacOSX.platform/Developer/SDKs/MacOSX10.14.sdk -Wl,-search_paths_first -Wl,-headerpad_max_install_names -B /Applications/Xcode.app/Contents/Developer/Toolchains/XcodeDefault.xctoolchain/usr/bin SingleSource/Regression/C/gcc-c-torture/execute/CMakeFiles/GCC-C-execute-loop-2d.dir/loop-2d.c.o  -o SingleSource/Regression/C/gcc-c-torture/execute/GCC-C-execute-loop-2d  -Wl,-no_pie && :Ninja target: alias-4.c.o[6232/7684] /Users/buildslave/jenkins/workspace/test-suite-verify-machineinstrs-x86_64-O3/test-suite-build/tools/timeit --summary SingleSource/Regression/C/gcc-c-torture/execute/CMakeFiles/GCC-C-execute-960312-1.dir/960312-1.c.o.time /Users/buildslave/jenkins/workspace/test-suite-verify-machineinstrs-x86_64-O3/compiler/bin/clang -DNDEBUG  -B /Applications/Xcode.app/Contents/Developer/Toolchains/XcodeDefault.xctoolchain/usr/bin    -Wno-unused-command-line-argument -mllvm -verify-machineinstrs -O3 -arch x86_64 -isysroot /Applications/Xcode.app/Contents/Developer/Platforms/MacOSX.platform/Developer/SDKs/MacOSX10.14.sdk   -w -Werror=date-time -w -MD -MT SingleSource/Regression/C/gcc-c-torture/execute/CMakeFiles/GCC-C-execute-960312-1.dir/960312-1.c.o -MF SingleSource/Regression/C/gcc-c-torture/execute/CMakeFiles/GCC-C-execute-960312-1.dir/960312-1.c.o.d -o SingleSource/Regression/C/gcc-c-torture/execute/CMakeFiles/GCC-C-execute-960312-1.dir/960312-1.c.o   -c /Users/buildslave/jenkins/workspace/test-suite-verify-machineinstrs-x86_64-O3/test-suite/SingleSource/Regression/C/gcc-c-torture/execute/960312-1.c[6233/7684] /Users/buildslave/jenkins/workspace/test-suite-verify-machineinstrs-x86_64-O3/test-suite-build/tools/timeit --summary SingleSource/Regression/C/gcc-c-torture/execute/CMakeFiles/GCC-C-execute-990531-1.dir/990531-1.c.o.time /Users/buildslave/jenkins/workspace/test-suite-verify-machineinstrs-x86_64-O3/compiler/bin/clang -DNDEBUG  -B /Applications/Xcode.app/Contents/Developer/Toolchains/XcodeDefault.xctoolchain/usr/bin    -Wno-unused-command-line-argument -mllvm -verify-machineinstrs -O3 -arch x86_64 -isysroot /Applications/Xcode.app/Contents/Developer/Platforms/MacOSX.platform/Developer/SDKs/MacOSX10.14.sdk   -w -Werror=date-time -w -MD -MT SingleSource/Regression/C/gcc-c-torture/execute/CMakeFiles/GCC-C-execute-990531-1.dir/990531-1.c.o -MF SingleSource/Regression/C/gcc-c-torture/execute/CMakeFiles/GCC-C-execute-990531-1.dir/990531-1.c.o.d -o SingleSource/Regression/C/gcc-c-torture/execute/CMakeFiles/GCC-C-execute-990531-1.dir/990531-1.c.o   -c /Users/buildslave/jenkins/workspace/test-suite-verify-machineinstrs-x86_64-O3/test-suite/SingleSource/Regression/C/gcc-c-torture/execute/990531-1.c[6234/7684] : && /Users/buildslave/jenkins/workspace/test-suite-verify-machineinstrs-x86_64-O3/test-suite-build/tools/timeit --summary SingleSource/Regression/C/gcc-c-torture/execute/GCC-C-execute-20120615-1.link.time /Users/buildslave/jenkins/workspace/test-suite-verify-machineinstrs-x86_64-O3/compiler/bin/clang -B /Applications/Xcode.app/Contents/Developer/Toolchains/XcodeDefault.xctoolchain/usr/bin    -Wno-unused-command-line-argument -mllvm -verify-machineinstrs -O3 -arch x86_64 -isysroot /Applications/Xcode.app/Contents/Developer/Platforms/MacOSX.platform/Developer/SDKs/MacOSX10.14.sdk -Wl,-search_paths_first -Wl,-headerpad_max_install_names -B /Applications/Xcode.app/Contents/Developer/Toolchains/XcodeDefault.xctoolchain/usr/bin SingleSource/Regression/C/gcc-c-torture/execute/CMakeFiles/GCC-C-execute-20120615-1.dir/20120615-1.c.o  -o SingleSource/Regression/C/gcc-c-torture/execute/GCC-C-execute-20120615-1  -Wl,-no_pie && :[6235/7684] : && /Users/buildslave/jenkins/workspace/test-suite-verify-machineinstrs-x86_64-O3/test-suite-build/tools/timeit --summary SingleSource/Regression/C/gcc-c-torture/execute/GCC-C-execute-960312-1.link.time /Users/buildslave/jenkins/workspace/test-suite-verify-machineinstrs-x86_64-O3/compiler/bin/clang -B /Applications/Xcode.app/Contents/Developer/Toolchains/XcodeDefault.xctoolchain/usr/bin    -Wno-unused-command-line-argument -mllvm -verify-machineinstrs -O3 -arch x86_64 -isysroot /Applications/Xcode.app/Contents/Developer/Platforms/MacOSX.platform/Developer/SDKs/MacOSX10.14.sdk -Wl,-search_paths_first -Wl,-headerpad_max_install_names -B /Applications/Xcode.app/Contents/Developer/Toolchains/XcodeDefault.xctoolchain/usr/bin SingleSource/Regression/C/gcc-c-torture/execute/CMakeFiles/GCC-C-execute-960312-1.dir/960312-1.c.o  -o SingleSource/Regression/C/gcc-c-torture/execute/GCC-C-execute-960312-1  -Wl,-no_pie && :[6236/7684] /Users/buildslave/jenkins/workspace/test-suite-verify-machineinstrs-x86_64-O3/test-suite-build/tools/timeit --summary SingleSource/Regression/C/gcc-c-torture/execute/CMakeFiles/GCC-C-execute-alias-4.dir/alias-4.c.o.time /Users/buildslave/jenkins/workspace/test-suite-verify-machineinstrs-x86_64-O3/compiler/bin/clang -DNDEBUG  -B /Applications/Xcode.app/Contents/Developer/Toolchains/XcodeDefault.xctoolchain/usr/bin    -Wno-unused-command-line-argument -mllvm -verify-machineinstrs -O3 -arch x86_64 -isysroot /Applications/Xcode.app/Contents/Developer/Platforms/MacOSX.platform/Developer/SDKs/MacOSX10.14.sdk   -w -Werror=date-time -w -MD -MT SingleSource/Regression/C/gcc-c-torture/execute/CMakeFiles/GCC-C-execute-alias-4.dir/alias-4.c.o -MF SingleSource/Regression/C/gcc-c-torture/execute/CMakeFiles/GCC-C-execute-alias-4.dir/alias-4.c.o.d -o SingleSource/Regression/C/gcc-c-torture/execute/CMakeFiles/GCC-C-execute-alias-4.dir/alias-4.c.o   -c /Users/buildslave/jenkins/workspace/test-suite-verify-machineinstrs-x86_64-O3/test-suite/SingleSource/Regression/C/gcc-c-torture/execute/alias-4.cFAILED: SingleSource/Regression/C/gcc-c-torture/execute/CMakeFiles/GCC-C-execute-alias-4.dir/alias-4.c.o /Users/buildslave/jenkins/workspace/test-suite-verify-machineinstrs-x86_64-O3/test-suite-build/tools/timeit --summary SingleSource/Regression/C/gcc-c-torture/execute/CMakeFiles/GCC-C-execute-alias-4.dir/alias-4.c.o.time /Users/buildslave/jenkins/workspace/test-suite-verify-machineinstrs-x86_64-O3/compiler/bin/clang -DNDEBUG  -B /Applications/Xcode.app/Contents/Developer/Toolchains/XcodeDefault.xctoolchain/usr/bin    -Wno-unused-command-line-argument -mllvm -verify-machineinstrs -O3 -arch x86_64 -isysroot /Applications/Xcode.app/Contents/Developer/Platforms/MacOSX.platform/Developer/SDKs/MacOSX10.14.sdk   -w -Werror=date-time -w -MD -MT SingleSource/Regression/C/gcc-c-torture/execute/CMakeFiles/GCC-C-execute-alias-4.dir/alias-4.c.o -MF SingleSource/Regression/C/gcc-c-torture/execute/CMakeFiles/GCC-C-execute-alias-4.dir/alias-4.c.o.d -o SingleSource/Regression/C/gcc-c-torture/execute/CMakeFiles/GCC-C-execute-alias-4.dir/alias-4.c.o   -c /Users/buildslave/jenkins/workspace/test-suite-verify-machineinstrs-x86_64-O3/test-suite/SingleSource/Regression/C/gcc-c-torture/execute/alias-4.c/Users/buildslave/jenkins/workspace/test-suite-verify-machineinstrs-x86_64-O3/test-suite/SingleSource/Regression/C/gcc-c-torture/execute/alias-4.c:3:30: error: aliases are not supported on darwinalias-4.c error: aliases are not supported on darwin[6234/7684] : && /Users/buildslave/jenkins/workspace/test-suite-verify-machineinstrs-x86_64-O3/test-suite-build/tools/timeit --summary SingleSource/Regression/C/gcc-c-torture/execute/GCC-C-execute-20120615-1.link.time /Users/buildslave/jenkins/workspace/test-suite-verify-machineinstrs-x86_64-O3/compiler/bin/clang -B /Applications/Xcode.app/Contents/Developer/Toolchains/XcodeDefault.xctoolchain/usr/bin    -Wno-unused-command-line-argument -mllvm -verify-machineinstrs -O3 -arch x86_64 -isysroot /Applications/Xcode.app/Contents/Developer/Platforms/MacOSX.platform/Developer/SDKs/MacOSX10.14.sdk -Wl,-search_paths_first -Wl,-headerpad_max_install_names -B /Applications/Xcode.app/Contents/Developer/Toolchains/XcodeDefault.xctoolchain/usr/bin SingleSource/Regression/C/gcc-c-torture/execute/CMakeFiles/GCC-C-execute-20120615-1.dir/20120615-1.c.o  -o SingleSource/Regression/C/gcc-c-torture/execute/GCC-C-execute-20120615-1  -Wl,-no_pie && :[6235/7684] : && /Users/buildslave/jenkins/workspace/test-suite-verify-machineinstrs-x86_64-O3/test-suite-build/tools/timeit --summary SingleSource/Regression/C/gcc-c-torture/execute/GCC-C-execute-960312-1.link.time /Users/buildslave/jenkins/workspace/test-suite-verify-machineinstrs-x86_64-O3/compiler/bin/clang -B /Applications/Xcode.app/Contents/Developer/Toolchains/XcodeDefault.xctoolchain/usr/bin    -Wno-unused-command-line-argument -mllvm -verify-machineinstrs -O3 -arch x86_64 -isysroot /Applications/Xcode.app/Contents/Developer/Platforms/MacOSX.platform/Developer/SDKs/MacOSX10.14.sdk -Wl,-search_paths_first -Wl,-headerpad_max_install_names -B /Applications/Xcode.app/Contents/Developer/Toolchains/XcodeDefault.xctoolchain/usr/bin SingleSource/Regression/C/gcc-c-torture/execute/CMakeFiles/GCC-C-execute-960312-1.dir/960312-1.c.o  -o SingleSource/Regression/C/gcc-c-torture/execute/GCC-C-execute-960312-1  -Wl,-no_pie && :[6236/7684] /Users/buildslave/jenkins/workspace/test-suite-verify-machineinstrs-x86_64-O3/test-suite-build/tools/timeit --summary SingleSource/Regression/C/gcc-c-torture/execute/CMakeFiles/GCC-C-execute-alias-4.dir/alias-4.c.o.time /Users/buildslave/jenkins/workspace/test-suite-verify-machineinstrs-x86_64-O3/compiler/bin/clang -DNDEBUG  -B /Applications/Xcode.app/Contents/Developer/Toolchains/XcodeDefault.xctoolchain/usr/bin    -Wno-unused-command-line-argument -mllvm -verify-machineinstrs -O3 -arch x86_64 -isysroot /Applications/Xcode.app/Contents/Developer/Platforms/MacOSX.platform/Developer/SDKs/MacOSX10.14.sdk   -w -Werror=date-time -w -MD -MT SingleSource/Regression/C/gcc-c-torture/execute/CMakeFiles/GCC-C-execute-alias-4.dir/alias-4.c.o -MF SingleSource/Regression/C/gcc-c-torture/execute/CMakeFiles/GCC-C-execute-alias-4.dir/alias-4.c.o.d -o SingleSource/Regression/C/gcc-c-torture/execute/CMakeFiles/GCC-C-execute-alias-4.dir/alias-4.c.o   -c /Users/buildslave/jenkins/workspace/test-suite-verify-machineinstrs-x86_64-O3/test-suite/SingleSource/Regression/C/gcc-c-torture/execute/alias-4.cFAILED: SingleSource/Regression/C/gcc-c-torture/execute/CMakeFiles/GCC-C-execute-alias-4.dir/alias-4.c.o /Users/buildslave/jenkins/workspace/test-suite-verify-machineinstrs-x86_64-O3/test-suite-build/tools/timeit --summary SingleSource/Regression/C/gcc-c-torture/execute/CMakeFiles/GCC-C-execute-alias-4.dir/alias-4.c.o.time /Users/buildslave/jenkins/workspace/test-suite-verify-machineinstrs-x86_64-O3/compiler/bin/clang -DNDEBUG  -B /Applications/Xcode.app/Contents/Developer/Toolchains/XcodeDefault.xctoolchain/usr/bin    -Wno-unused-command-line-argument -mllvm -verify-machineinstrs -O3 -arch x86_64 -isysroot /Applications/Xcode.app/Contents/Developer/Platforms/MacOSX.platform/Developer/SDKs/MacOSX10.14.sdk   -w -Werror=date-time -w -MD -MT SingleSource/Regression/C/gcc-c-torture/execute/CMakeFiles/GCC-C-execute-alias-4.dir/alias-4.c.o -MF SingleSource/Regression/C/gcc-c-torture/execute/CMakeFiles/GCC-C-execute-alias-4.dir/alias-4.c.o.d -o SingleSource/Regression/C/gcc-c-torture/execute/CMakeFiles/GCC-C-execute-alias-4.dir/alias-4.c.o   -c /Users/buildslave/jenkins/workspace/test-suite-verify-machineinstrs-x86_64-O3/test-suite/SingleSource/Regression/C/gcc-c-torture/execute/alias-4.c/Users/buildslave/jenkins/workspace/test-suite-verify-machineinstrs-x86_64-O3/test-suite/SingleSource/Regression/C/gcc-c-torture/execute/alias-4.c:3:30: error: aliases are not supported on darwinextern int b __attribute__ ((alias (\"a\")));                             ^alias-4.c error: aliases are not supported on darwinFAILED: SingleSource/Regression/C/gcc-c-torture/execute/CMakeFiles/GCC-C-execute-alias-4.dir/alias-4.c.o /Users/buildslave/jenkins/workspace/test-suite-verify-machineinstrs-x86_64-O3/test-suite-build/tools/timeit --summary SingleSource/Regression/C/gcc-c-torture/execute/CMakeFiles/GCC-C-execute-alias-4.dir/alias-4.c.o.time /Users/buildslave/jenkins/workspace/test-suite-verify-machineinstrs-x86_64-O3/compiler/bin/clang -DNDEBUG  -B /Applications/Xcode.app/Contents/Developer/Toolchains/XcodeDefault.xctoolchain/usr/bin    -Wno-unused-command-line-argument -mllvm -verify-machineinstrs -O3 -arch x86_64 -isysroot /Applications/Xcode.app/Contents/Developer/Platforms/MacOSX.platform/Developer/SDKs/MacOSX10.14.sdk   -w -Werror=date-time -w -MD -MT SingleSource/Regression/C/gcc-c-torture/execute/CMakeFiles/GCC-C-execute-alias-4.dir/alias-4.c.o -MF SingleSource/Regression/C/gcc-c-torture/execute/CMakeFiles/GCC-C-execute-alias-4.dir/alias-4.c.o.d -o SingleSource/Regression/C/gcc-c-torture/execute/CMakeFiles/GCC-C-execute-alias-4.dir/alias-4.c.o   -c /Users/buildslave/jenkins/workspace/test-suite-verify-machineinstrs-x86_64-O3/test-suite/SingleSource/Regression/C/gcc-c-torture/execute/alias-4.c/Users/buildslave/jenkins/workspace/test-suite-verify-machineinstrs-x86_64-O3/test-suite/SingleSource/Regression/C/gcc-c-torture/execute/alias-4.c:3:30: error: aliases are not supported on darwinextern int b __attribute__ ((alias (\"a\")));                             ^/Users/buildslave/jenkins/workspace/test-suite-verify-machineinstrs-x86_64-O3/test-suite/SingleSource/Regression/C/gcc-c-torture/execute/alias-4.c:5:30: error: aliases are not supported on darwinextern int d __attribute__ ((alias (\"c\")));                             ^Ninja target: GCC-C-execute-920501-8[7242/7684] /Users/buildslave/jenkins/workspace/test-suite-verify-machineinstrs-x86_64-O3/test-suite-build/tools/timeit --summary SingleSource/Regression/C/gcc-c-torture/execute/CMakeFiles/GCC-C-execute-20071213-1.dir/20071213-1.c.o.time /Users/buildslave/jenkins/workspace/test-suite-verify-machineinstrs-x86_64-O3/compiler/bin/clang -DNDEBUG  -B /Applications/Xcode.app/Contents/Developer/Toolchains/XcodeDefault.xctoolchain/usr/bin    -Wno-unused-command-line-argument -mllvm -verify-machineinstrs -O3 -arch x86_64 -isysroot /Applications/Xcode.app/Contents/Developer/Platforms/MacOSX.platform/Developer/SDKs/MacOSX10.14.sdk   -w -Werror=date-time -w -MD -MT SingleSource/Regression/C/gcc-c-torture/execute/CMakeFiles/GCC-C-execute-20071213-1.dir/20071213-1.c.o -MF SingleSource/Regression/C/gcc-c-torture/execute/CMakeFiles/GCC-C-execute-20071213-1.dir/20071213-1.c.o.d -o SingleSource/Regression/C/gcc-c-torture/execute/CMakeFiles/GCC-C-execute-20071213-1.dir/20071213-1.c.o   -c /Users/buildslave/jenkins/workspace/test-suite-verify-machineinstrs-x86_64-O3/test-suite/SingleSource/Regression/C/gcc-c-torture/execute/20071213-1.c[7243/7684] /Users/buildslave/jenkins/workspace/test-suite-verify-machineinstrs-x86_64-O3/test-suite-build/tools/timeit --summary SingleSource/Regression/C/gcc-c-torture/execute/CMakeFiles/GCC-C-execute-920501-8.dir/920501-8.c.o.time /Users/buildslave/jenkins/workspace/test-suite-verify-machineinstrs-x86_64-O3/compiler/bin/clang -DNDEBUG  -B /Applications/Xcode.app/Contents/Developer/Toolchains/XcodeDefault.xctoolchain/usr/bin    -Wno-unused-command-line-argument -mllvm -verify-machineinstrs -O3 -arch x86_64 -isysroot /Applications/Xcode.app/Contents/Developer/Platforms/MacOSX.platform/Developer/SDKs/MacOSX10.14.sdk   -w -Werror=date-time -w -MD -MT SingleSource/Regression/C/gcc-c-torture/execute/CMakeFiles/GCC-C-execute-920501-8.dir/920501-8.c.o -MF SingleSource/Regression/C/gcc-c-torture/execute/CMakeFiles/GCC-C-execute-920501-8.dir/920501-8.c.o.d -o SingleSource/Regression/C/gcc-c-torture/execute/CMakeFiles/GCC-C-execute-920501-8.dir/920501-8.c.o   -c /Users/buildslave/jenkins/workspace/test-suite-verify-machineinstrs-x86_64-O3/test-suite/SingleSource/Regression/C/gcc-c-torture/execute/920501-8.c[7244/7684] : && /Users/buildslave/jenkins/workspace/test-suite-verify-machineinstrs-x86_64-O3/test-suite-build/tools/timeit --summary SingleSource/Regression/C/gcc-c-torture/execute/GCC-C-execute-20071213-1.link.time /Users/buildslave/jenkins/workspace/test-suite-verify-machineinstrs-x86_64-O3/compiler/bin/clang -B /Applications/Xcode.app/Contents/Developer/Toolchains/XcodeDefault.xctoolchain/usr/bin    -Wno-unused-command-line-argument -mllvm -verify-machineinstrs -O3 -arch x86_64 -isysroot /Applications/Xcode.app/Contents/Developer/Platforms/MacOSX.platform/Developer/SDKs/MacOSX10.14.sdk -Wl,-search_paths_first -Wl,-headerpad_max_install_names -B /Applications/Xcode.app/Contents/Developer/Toolchains/XcodeDefault.xctoolchain/usr/bin SingleSource/Regression/C/gcc-c-torture/execute/CMakeFiles/GCC-C-execute-20071213-1.dir/20071213-1.c.o  -o SingleSource/Regression/C/gcc-c-torture/execute/GCC-C-execute-20071213-1  -Wl,-no_pie && :[7245/7684] /Users/buildslave/jenkins/workspace/test-suite-verify-machineinstrs-x86_64-O3/test-suite-build/tools/timeit --summary SingleSource/Regression/C/gcc-c-torture/execute/CMakeFiles/GCC-C-execute-20010221-1.dir/20010221-1.c.o.time /Users/buildslave/jenkins/workspace/test-suite-verify-machineinstrs-x86_64-O3/compiler/bin/clang -DNDEBUG  -B /Applications/Xcode.app/Contents/Developer/Toolchains/XcodeDefault.xctoolchain/usr/bin    -Wno-unused-command-line-argument -mllvm -verify-machineinstrs -O3 -arch x86_64 -isysroot /Applications/Xcode.app/Contents/Developer/Platforms/MacOSX.platform/Developer/SDKs/MacOSX10.14.sdk   -w -Werror=date-time -w -MD -MT SingleSource/Regression/C/gcc-c-torture/execute/CMakeFiles/GCC-C-execute-20010221-1.dir/20010221-1.c.o -MF SingleSource/Regression/C/gcc-c-torture/execute/CMakeFiles/GCC-C-execute-20010221-1.dir/20010221-1.c.o.d -o SingleSource/Regression/C/gcc-c-torture/execute/CMakeFiles/GCC-C-execute-20010221-1.dir/20010221-1.c.o   -c /Users/buildslave/jenkins/workspace/test-suite-verify-machineinstrs-x86_64-O3/test-suite/SingleSource/Regression/C/gcc-c-torture/execute/20010221-1.c[7246/7684] : && /Users/buildslave/jenkins/workspace/test-suite-verify-machineinstrs-x86_64-O3/test-suite-build/tools/timeit --summary SingleSource/Regression/C/gcc-c-torture/execute/GCC-C-execute-920501-8.link.time /Users/buildslave/jenkins/workspace/test-suite-verify-machineinstrs-x86_64-O3/compiler/bin/clang -B /Applications/Xcode.app/Contents/Developer/Toolchains/XcodeDefault.xctoolchain/usr/bin    -Wno-unused-command-line-argument -mllvm -verify-machineinstrs -O3 -arch x86_64 -isysroot /Applications/Xcode.app/Contents/Developer/Platforms/MacOSX.platform/Developer/SDKs/MacOSX10.14.sdk -Wl,-search_paths_first -Wl,-headerpad_max_install_names -B /Applications/Xcode.app/Contents/Developer/Toolchains/XcodeDefault.xctoolchain/usr/bin SingleSource/Regression/C/gcc-c-torture/execute/CMakeFiles/GCC-C-execute-920501-8.dir/920501-8.c.o  -o SingleSource/Regression/C/gcc-c-torture/execute/GCC-C-execute-920501-8  -Wl,-no_pie -Wl,-u,_printf_float && :FAILED: SingleSource/Regression/C/gcc-c-torture/execute/GCC-C-execute-920501-8 : && /Users/buildslave/jenkins/workspace/test-suite-verify-machineinstrs-x86_64-O3/test-suite-build/tools/timeit --summary SingleSource/Regression/C/gcc-c-torture/execute/GCC-C-execute-920501-8.link.time /Users/buildslave/jenkins/workspace/test-suite-verify-machineinstrs-x86_64-O3/compiler/bin/clang -B /Applications/Xcode.app/Contents/Developer/Toolchains/XcodeDefault.xctoolchain/usr/bin    -Wno-unused-command-line-argument -mllvm -verify-machineinstrs -O3 -arch x86_64 -isysroot /Applications/Xcode.app/Contents/Developer/Platforms/MacOSX.platform/Developer/SDKs/MacOSX10.14.sdk -Wl,-search_paths_first -Wl,-headerpad_max_install_names -B /Applications/Xcode.app/Contents/Developer/Toolchains/XcodeDefault.xctoolchain/usr/bin SingleSource/Regression/C/gcc-c-torture/execute/CMakeFiles/GCC-C-execute-920501-8.dir/920501-8.c.o  -o SingleSource/Regression/C/gcc-c-torture/execute/GCC-C-execute-920501-8  -Wl,-no_pie -Wl,-u,_printf_float && :Undefined symbols for architecture x86_64:link error: && /Users/buildslave/jenkins/workspace/test-suite-verify-machineinstrs-x86_64-O3/test-suite-build/tools/timeit --summary SingleSource/Regression/C/gcc-c-torture/execute/GCC-C-execute-920501-8.link.time /Users/buildslave/jenkins/workspace/test-suite-verify-machineinstrs-x86_64-O3/compiler/bin/clang -B /Applications/Xcode.app/Contents/Developer/Toolchains/XcodeDefault.xctoolchain/usr/bin    -Wno-unused-command-line-argument -mllvm -verify-machineinstrs -O3 -arch x86_64 -isysroot /Applications/Xcode.app/Contents/Developer/Platforms/MacOSX.platform/Developer/SDKs/MacOSX10.14.sdk -Wl,-search_paths_first -Wl,-headerpad_max_install_names -B /Applications/Xcode.app/Contents/Developer/Toolchains/XcodeDefault.xctoolchain/usr/bin SingleSource/Regression/C/gcc-c-torture/execute/CMakeFiles/GCC-C-execute-920501-8.dir/920501-8.c.o  -o SingleSource/Regression/C/gcc-c-torture/execute/GCC-C-execute-920501-8  -Wl,-no_pie -Wl,-u,_printf_float && :Undefined symbols for architecture x86_64:  \"_printf_float\", referenced from:     -u command line optionld: symbol(s) not found for architecture x86_64clang-10: error: linker command failed with exit code 1 (use -v to see invocation)[7247/7684] : && /Users/buildslave/jenkins/workspace/test-suite-verify-machineinstrs-x86_64-O3/test-suite-build/tools/timeit --summary SingleSource/Regression/C/gcc-c-torture/execute/GCC-C-execute-20010221-1.link.time /Users/buildslave/jenkins/workspace/test-suite-verify-machineinstrs-x86_64-O3/compiler/bin/clang -B /Applications/Xcode.app/Contents/Developer/Toolchains/XcodeDefault.xctoolchain/usr/bin    -Wno-unused-command-line-argument -mllvm -verify-machineinstrs -O3 -arch x86_64 -isysroot /Applications/Xcode.app/Contents/Developer/Platforms/MacOSX.platform/Developer/SDKs/MacOSX10.14.sdk -Wl,-search_paths_first -Wl,-headerpad_max_install_names -B /Applications/Xcode.app/Contents/Developer/Toolchains/XcodeDefault.xctoolchain/usr/bin SingleSource/Regression/C/gcc-c-torture/execute/CMakeFiles/GCC-C-execute-20010221-1.dir/20010221-1.c.o  -o SingleSource/Regression/C/gcc-c-torture/execute/GCC-C-execute-20010221-1  -Wl,-no_pie && :[7248/7684] /Users/buildslave/jenkins/workspace/test-suite-verify-machineinstrs-x86_64-O3/test-suite-build/tools/timeit --summary SingleSource/Regression/C/gcc-c-torture/execute/CMakeFiles/GCC-C-execute-pr84521.dir/pr84521.c.o.time /Users/buildslave/jenkins/workspace/test-suite-verify-machineinstrs-x86_64-O3/compiler/bin/clang -DNDEBUG  -B /Applications/Xcode.app/Contents/Developer/Toolchains/XcodeDefault.xctoolchain/usr/bin    -Wno-unused-command-line-argument -mllvm -verify-machineinstrs -O3 -arch x86_64 -isysroot /Applications/Xcode.app/Contents/Developer/Platforms/MacOSX.platform/Developer/SDKs/MacOSX10.14.sdk   -w -Werror=date-time -w -fomit-frame-pointer -fno-inline -MD -MT SingleSource/Regression/C/gcc-c-torture/execute/CMakeFiles/GCC-C-execute-pr84521.dir/pr84521.c.o -MF SingleSource/Regression/C/gcc-c-torture/execute/CMakeFiles/GCC-C-execute-pr84521.dir/pr84521.c.o.d -o SingleSource/Regression/C/gcc-c-torture/execute/CMakeFiles/GCC-C-execute-pr84521.dir/pr84521.c.o   -c /Users/buildslave/jenkins/workspace/test-suite-verify-machineinstrs-x86_64-O3/test-suite/SingleSource/Regression/C/gcc-c-torture/execute/pr84521.cBuild LogChanges[NFC][PowerPC] Add the inheritable and additional features to make the (details)[LegalizeDAG] When expanding vector SRA/SRL/SHL add the new BUILD_VECTOR (details)Started by upstream project relay-test-suite-verify-machineinstrs build number 6852originally caused by:Started by upstream project Clang Stage 1: cmake, RA, using system compiler build number 4263originally caused by:Started by an SCM changeThis run spent:5.3 sec waiting;1 hr 17 min build duration;1 hr 17 min total from scheduled to completion.Revision: f92000187e149a51900c05056ed644f43603fb66detachedIdentified problemsCompile ErrorThis build failed because of a compile error. Below is a list of all errors in the build log:Indication 1Ninja target failedBelow is a link to the first failed ninja target.Indication 2Link errorA link command has failed:Indication 3REST APIJenkins 2.249.2Help us localize this page"
