"jogl/label=linux-x86_64-amd #1502 test - testGlTransformFeedbackVaryings_WhenVarNameOK [Jenkins]Skip to contentlog inENABLE AUTO REFRESHJenkinsjogl#1502linux-x86_64-amdTest ResultsTest Resultscom.jogamp.opengl.test.junit.jogl.glslTestTransformFeedbackVaryingsBug407NEWTtestGlTransformFeedbackVaryings_WhenVarNameOKBack to ProjectStatusChangesConsole OutputView as plain textView Build InformationHistoryGit Build DataTest ResultPrevious BuildNext BuildFailedcom.jogamp.opengl.test.junit.jogl.glsl.TestTransformFeedbackVaryingsBug407NEWT.testGlTransformFeedbackVaryings_WhenVarNameOKFailing for the past 18 builds (Since #1485 )Took 1.3 sec.Stacktracejunit.framework.AssertionFailedError	at com.jogamp.opengl.test.junit.jogl.glsl.TestTransformFeedbackVaryingsBug407NEWT.attachShader(TestTransformFeedbackVaryingsBug407NEWT.java:69)	at com.jogamp.opengl.test.junit.jogl.glsl.TestTransformFeedbackVaryingsBug407NEWT.testGlTransformFeedbackVaryings_WhenVarNameOK(TestTransformFeedbackVaryingsBug407NEWT.java:122)	at java.base/jdk.internal.reflect.NativeMethodAccessorImpl.invoke0(Native Method)	at java.base/jdk.internal.reflect.NativeMethodAccessorImpl.invoke(NativeMethodAccessorImpl.java:62)	at java.base/jdk.internal.reflect.DelegatingMethodAccessorImpl.invoke(DelegatingMethodAccessorImpl.java:43)Standard OutputgetShader:postCompile: Shader status invalid: 0:1(10): error: GLSL 1.50 is not supported. Supported versions are: 1.10, 1.20, 1.30, 1.40, 1.00 ES, and 3.00 ESgetShader:postCompile: Shader status invalid: 0:1(10): error: GLSL 1.50 is not supported. Supported versions are: 1.10, 1.20, 1.30, 1.40, 1.00 ES, and 3.00 ESStandard Error++++ Test Singleton.ctor()++++ Test Singleton.lock()SLOCK [T SingletonServerSocket1-localhost/127.0.0.1:59999 @ 1579158087577 ms III - StartSLOCK [T Thread-2-UserApp-JUnitTestRunner @ 1579158087579 ms +++ localhost/127.0.0.1:59999 - Locked within 14 ms, 1 attempts++++ TestCase.setUp: com.jogamp.opengl.test.junit.jogl.glsl.TestTransformFeedbackVaryingsBug407NEWT - testGlTransformFeedbackVaryings_WhenVarNameOK++++ TestCase.tearDown: com.jogamp.opengl.test.junit.jogl.glsl.TestTransformFeedbackVaryingsBug407NEWT - testGlTransformFeedbackVaryings_WhenVarNameOK++++ TestCase.setUp: com.jogamp.opengl.test.junit.jogl.glsl.TestTransformFeedbackVaryingsBug407NEWT - testGlTransformFeedbackVaryings_WhenVarNameWrong++++ TestCase.tearDown: com.jogamp.opengl.test.junit.jogl.glsl.TestTransformFeedbackVaryingsBug407NEWT - testGlTransformFeedbackVaryings_WhenVarNameWrong++++ Test Singleton.unlock()SLOCK [T SingletonServerSocket1-localhost/127.0.0.1:59999 @ 1579158089100 ms III - Stopping: alive true, shallQuit true, hasSocket trueSLOCK [T Thread-2-UserApp-JUnitTestRunner @ 1579158089100 ms --- localhost/127.0.0.1:59999 - Unlock ok within 1 msPage generated: Jan 22, 2021, 12:21:17 AM CETREST APIJenkins ver. 2.204.2Help us localize this page"
