d1_integration_DEV_mn_v2/org.dataone:d1_integration #642 test - testIsAuthorized_AccessPolicy_is_testPerson_can_Read [Jenkins]Skip to contentJenkinslog inJenkinsd1_integration_DEV_mn_v2DataONE Integration Testing Package#642Test Resultsorg.dataone.integration.it.apiTestsMNAuthorizationV2ITtestIsAuthorized_AccessPolicy_is_testPerson_can_ReadBack to ProjectStatusChangesConsole OutputView as plain textView Build InformationHistoryExecuted MojosTest ResultSee FingerprintsPrevious BuildNext BuildFailedorg.dataone.integration.it.apiTests.MNAuthorizationV2IT.testIsAuthorized_AccessPolicy_is_testPerson_can_ReadFailing for the past 302 builds (Since #341 )Took 0.42 sec.Error Messageorg.dataone.integration.TestIterationEndingException: unexpected client-side exception encountered when trying to create test object : Unable to create test object!/values for 'rightsHolder' parameters were empty or null.  [for host https://mn-demo-8.test.dataone.org/knb/d1/mn ]Stacktracejava.lang.AssertionError: org.dataone.integration.TestIterationEndingException: unexpected client-side exception encountered when trying to create test object : Unable to create test object!/values for 'rightsHolder' parameters were empty or null.  [for host https://mn-demo-8.test.dataone.org/knb/d1/mn ]	at org.junit.Assert.fail(Assert.java:91)	at org.dataone.integration.ContextAwareTestCaseDataone$5.call(ContextAwareTestCaseDataone.java:1825)	at org.junit.rules.ErrorCollector.checkSucceeds(ErrorCollector.java:70)	at org.dataone.integration.ContextAwareTestCaseDataone.handleFail(ContextAwareTestCaseDataone.java:1820)	at org.dataone.integration.it.testImplementations.AbstractAuthorizationTestImplementations.testIsAuthorized_AccessPolicy_is_testPerson_can_Read(AbstractAuthorizationTestImplementations.java:1062)	at sun.reflect.NativeMethodAccessorImpl.invoke0(Native Method)	at sun.reflect.NativeMethodAccessorImpl.invoke(NativeMethodAccessorImpl.java:57)	at sun.reflect.DelegatingMethodAccessorImpl.invoke(DelegatingMethodAccessorImpl.java:43)	at java.lang.reflect.Method.invoke(Method.java:606)	at org.junit.runners.model.FrameworkMethod$1.runReflectiveCall(FrameworkMethod.java:44)	at org.junit.internal.runners.model.ReflectiveCallable.run(ReflectiveCallable.java:15)	at org.junit.runners.model.FrameworkMethod.invokeExplosively(FrameworkMethod.java:41)	at org.junit.internal.runners.statements.InvokeMethod.evaluate(InvokeMethod.java:20)	at org.junit.rules.Verifier$1.evaluate(Verifier.java:34)	at org.junit.internal.runners.statements.RunBefores.evaluate(RunBefores.java:28)	at org.junit.internal.runners.statements.RunAfters.evaluate(RunAfters.java:31)	at org.junit.runners.BlockJUnit4ClassRunner.runChild(BlockJUnit4ClassRunner.java:76)	at org.junit.runners.BlockJUnit4ClassRunner.runChild(BlockJUnit4ClassRunner.java:50)	at org.junit.runners.ParentRunner$3.run(ParentRunner.java:193)	at org.junit.runners.ParentRunner$1.schedule(ParentRunner.java:52)	at org.junit.runners.ParentRunner.runChildren(ParentRunner.java:191)	at org.junit.runners.ParentRunner.access$000(ParentRunner.java:42)	at org.junit.runners.ParentRunner$2.evaluate(ParentRunner.java:184)	at org.junit.runners.ParentRunner.run(ParentRunner.java:236)	at org.apache.maven.surefire.junit4.JUnit4TestSet.execute(JUnit4TestSet.java:53)	at org.apache.maven.surefire.junit4.JUnit4Provider.executeTestSet(JUnit4Provider.java:119)	at org.apache.maven.surefire.junit4.JUnit4Provider.invoke(JUnit4Provider.java:101)	at sun.reflect.NativeMethodAccessorImpl.invoke0(Native Method)	at sun.reflect.NativeMethodAccessorImpl.invoke(NativeMethodAccessorImpl.java:57)	at sun.reflect.DelegatingMethodAccessorImpl.invoke(DelegatingMethodAccessorImpl.java:43)	at java.lang.reflect.Method.invoke(Method.java:606)	at org.apache.maven.surefire.booter.ProviderFactory$ClassLoaderProxy.invoke(ProviderFactory.java:103)	at com.sun.proxy.$Proxy0.invoke(Unknown Source)	at org.apache.maven.surefire.booter.SurefireStarter.invokeProvider(SurefireStarter.java:150)	at org.apache.maven.surefire.booter.SurefireStarter.runSuitesInProcess(SurefireStarter.java:91)	at org.apache.maven.surefire.booter.ForkedBooter.main(ForkedBooter.java:69)Help us localize this pageSCM Sync status :REST APIJenkins 2.249.3
